[2025-12-30T09:50:19.810+0000] {local_task_job_runner.py:120} INFO - ::group::Pre task execution logs
[2025-12-30T09:50:20.302+0000] {taskinstance.py:2076} INFO - Dependencies all met for dep_context=non-requeueable deps ti=<TaskInstance: main_pipeline.check_prod_model manual__2025-12-30T09:50:06.185669+00:00 [queued]>
[2025-12-30T09:50:20.336+0000] {taskinstance.py:2076} INFO - Dependencies all met for dep_context=requeueable deps ti=<TaskInstance: main_pipeline.check_prod_model manual__2025-12-30T09:50:06.185669+00:00 [queued]>
[2025-12-30T09:50:20.336+0000] {taskinstance.py:2306} INFO - Starting attempt 1 of 1
[2025-12-30T09:50:20.403+0000] {taskinstance.py:2330} INFO - Executing <Task(_PythonDecoratedOperator): check_prod_model> on 2025-12-30 09:50:06.185669+00:00
[2025-12-30T09:50:20.531+0000] {standard_task_runner.py:64} INFO - Started process 499 to run task
[2025-12-30T09:50:20.581+0000] {standard_task_runner.py:90} INFO - Running: ['***', 'tasks', 'run', 'main_pipeline', 'check_prod_model', 'manual__2025-12-30T09:50:06.185669+00:00', '--job-id', '86', '--raw', '--subdir', 'DAGS_FOLDER/pipeline/main.py', '--cfg-path', '/tmp/tmp_aaxqu9z']
[2025-12-30T09:50:20.601+0000] {standard_task_runner.py:91} INFO - Job 86: Subtask check_prod_model
[2025-12-30T09:50:21.680+0000] {task_command.py:426} INFO - Running <TaskInstance: main_pipeline.check_prod_model manual__2025-12-30T09:50:06.185669+00:00 [running]> on host e773b468278c
[2025-12-30T09:50:22.744+0000] {taskinstance.py:2648} INFO - Exporting env vars: AIRFLOW_CTX_DAG_OWNER='***' AIRFLOW_CTX_DAG_ID='main_pipeline' AIRFLOW_CTX_TASK_ID='check_prod_model' AIRFLOW_CTX_EXECUTION_DATE='2025-12-30T09:50:06.185669+00:00' AIRFLOW_CTX_TRY_NUMBER='1' AIRFLOW_CTX_DAG_RUN_ID='manual__2025-12-30T09:50:06.185669+00:00'
[2025-12-30T09:50:22.753+0000] {taskinstance.py:430} INFO - ::endgroup::
[2025-12-30T09:50:36.985+0000] {logging_mixin.py:188} WARNING - /home/***/.local/lib/python3.11/site-packages/pydantic/_internal/_fields.py:161 UserWarning: Field "model_server_url" has conflict with protected namespace "model_".

You may be able to resolve this warning by setting `model_config['protected_namespaces'] = ()`.
[2025-12-30T09:50:37.056+0000] {logging_mixin.py:188} WARNING - /home/***/.local/lib/python3.11/site-packages/pydantic/_internal/_config.py:341 UserWarning: Valid config keys have changed in V2:
* 'schema_extra' has been renamed to 'json_schema_extra'
[2025-12-30T09:50:37.092+0000] {logging_mixin.py:188} INFO - PRINT HERE
[2025-12-30T09:50:37.092+0000] {logging_mixin.py:188} INFO - http://mlflow:5000
[2025-12-30T09:50:37.094+0000] {logging_mixin.py:188} INFO - price_prediction
[2025-12-30T09:50:37.094+0000] {logging_mixin.py:188} INFO - DONE
[2025-12-30T09:50:42.265+0000] {taskinstance.py:441} INFO - ::group::Post task execution logs
[2025-12-30T09:50:42.266+0000] {taskinstance.py:2905} ERROR - Task failed with exception
Traceback (most recent call last):
  File "/home/airflow/.local/lib/python3.11/site-packages/airflow/models/taskinstance.py", line 465, in _execute_task
    result = _execute_callable(context=context, **execute_callable_kwargs)
             ^^^^^^^^^^^^^^^^^^^^^^^^^^^^^^^^^^^^^^^^^^^^^^^^^^^^^^^^^^^^^
  File "/home/airflow/.local/lib/python3.11/site-packages/airflow/models/taskinstance.py", line 432, in _execute_callable
    return execute_callable(context=context, **execute_callable_kwargs)
           ^^^^^^^^^^^^^^^^^^^^^^^^^^^^^^^^^^^^^^^^^^^^^^^^^^^^^^^^^^^^
  File "/home/airflow/.local/lib/python3.11/site-packages/airflow/models/baseoperator.py", line 401, in wrapper
    return func(self, *args, **kwargs)
           ^^^^^^^^^^^^^^^^^^^^^^^^^^^
  File "/home/airflow/.local/lib/python3.11/site-packages/airflow/decorators/base.py", line 265, in execute
    return_value = super().execute(context)
                   ^^^^^^^^^^^^^^^^^^^^^^^^
  File "/home/airflow/.local/lib/python3.11/site-packages/airflow/models/baseoperator.py", line 401, in wrapper
    return func(self, *args, **kwargs)
           ^^^^^^^^^^^^^^^^^^^^^^^^^^^
  File "/home/airflow/.local/lib/python3.11/site-packages/airflow/operators/python.py", line 235, in execute
    return_value = self.execute_callable()
                   ^^^^^^^^^^^^^^^^^^^^^^^
  File "/home/airflow/.local/lib/python3.11/site-packages/airflow/operators/python.py", line 252, in execute_callable
    return self.python_callable(*self.op_args, **self.op_kwargs)
           ^^^^^^^^^^^^^^^^^^^^^^^^^^^^^^^^^^^^^^^^^^^^^^^^^^^^^
  File "/opt/airflow/dags/pipeline/main.py", line 63, in check_prod_model
    if prod_version[0].vesrion:
       ^^^^^^^^^^^^^^^^^^^^^^^
AttributeError: 'ModelVersion' object has no attribute 'vesrion'
[2025-12-30T09:50:42.327+0000] {taskinstance.py:1206} INFO - Marking task as FAILED. dag_id=main_pipeline, task_id=check_prod_model, run_id=manual__2025-12-30T09:50:06.185669+00:00, execution_date=20251230T095006, start_date=20251230T095020, end_date=20251230T095042
[2025-12-30T09:50:42.418+0000] {standard_task_runner.py:110} ERROR - Failed to execute job 86 for task check_prod_model ('ModelVersion' object has no attribute 'vesrion'; 499)
[2025-12-30T09:50:42.527+0000] {local_task_job_runner.py:243} INFO - Task exited with return code 1
[2025-12-30T09:50:42.590+0000] {taskinstance.py:3503} INFO - 0 downstream tasks scheduled from follow-on schedule check
[2025-12-30T09:50:42.594+0000] {local_task_job_runner.py:222} INFO - ::endgroup::
