[2025-12-30T09:16:47.601+0000] {local_task_job_runner.py:120} INFO - ::group::Pre task execution logs
[2025-12-30T09:16:47.711+0000] {taskinstance.py:2076} INFO - Dependencies all met for dep_context=non-requeueable deps ti=<TaskInstance: main_pipeline.check_prod_model manual__2025-12-30T09:16:43.411568+00:00 [queued]>
[2025-12-30T09:16:47.769+0000] {taskinstance.py:2076} INFO - Dependencies all met for dep_context=requeueable deps ti=<TaskInstance: main_pipeline.check_prod_model manual__2025-12-30T09:16:43.411568+00:00 [queued]>
[2025-12-30T09:16:47.770+0000] {taskinstance.py:2306} INFO - Starting attempt 1 of 1
[2025-12-30T09:16:47.833+0000] {taskinstance.py:2330} INFO - Executing <Task(_PythonDecoratedOperator): check_prod_model> on 2025-12-30 09:16:43.411568+00:00
[2025-12-30T09:16:47.865+0000] {standard_task_runner.py:64} INFO - Started process 1266 to run task
[2025-12-30T09:16:47.873+0000] {standard_task_runner.py:90} INFO - Running: ['***', 'tasks', 'run', 'main_pipeline', 'check_prod_model', 'manual__2025-12-30T09:16:43.411568+00:00', '--job-id', '81', '--raw', '--subdir', 'DAGS_FOLDER/pipeline/main.py', '--cfg-path', '/tmp/tmp5jbd_lai']
[2025-12-30T09:16:47.878+0000] {standard_task_runner.py:91} INFO - Job 81: Subtask check_prod_model
[2025-12-30T09:16:48.074+0000] {task_command.py:426} INFO - Running <TaskInstance: main_pipeline.check_prod_model manual__2025-12-30T09:16:43.411568+00:00 [running]> on host 72b76ef3d5d8
[2025-12-30T09:16:48.575+0000] {taskinstance.py:2648} INFO - Exporting env vars: AIRFLOW_CTX_DAG_OWNER='***' AIRFLOW_CTX_DAG_ID='main_pipeline' AIRFLOW_CTX_TASK_ID='check_prod_model' AIRFLOW_CTX_EXECUTION_DATE='2025-12-30T09:16:43.411568+00:00' AIRFLOW_CTX_TRY_NUMBER='1' AIRFLOW_CTX_DAG_RUN_ID='manual__2025-12-30T09:16:43.411568+00:00'
[2025-12-30T09:16:48.581+0000] {taskinstance.py:430} INFO - ::endgroup::
[2025-12-30T09:16:51.203+0000] {logging_mixin.py:188} WARNING - /home/***/.local/lib/python3.11/site-packages/pydantic/_internal/_fields.py:161 UserWarning: Field "model_server_url" has conflict with protected namespace "model_".

You may be able to resolve this warning by setting `model_config['protected_namespaces'] = ()`.
[2025-12-30T09:16:51.236+0000] {logging_mixin.py:188} WARNING - /home/***/.local/lib/python3.11/site-packages/pydantic/_internal/_config.py:341 UserWarning: Valid config keys have changed in V2:
* 'schema_extra' has been renamed to 'json_schema_extra'
[2025-12-30T09:16:51.254+0000] {logging_mixin.py:188} INFO - None
[2025-12-30T09:16:51.255+0000] {logging_mixin.py:188} INFO - None
[2025-12-30T09:16:51.348+0000] {taskinstance.py:441} INFO - ::group::Post task execution logs
[2025-12-30T09:16:51.349+0000] {taskinstance.py:2905} ERROR - Task failed with exception
Traceback (most recent call last):
  File "/home/airflow/.local/lib/python3.11/site-packages/airflow/models/taskinstance.py", line 465, in _execute_task
    result = _execute_callable(context=context, **execute_callable_kwargs)
             ^^^^^^^^^^^^^^^^^^^^^^^^^^^^^^^^^^^^^^^^^^^^^^^^^^^^^^^^^^^^^
  File "/home/airflow/.local/lib/python3.11/site-packages/airflow/models/taskinstance.py", line 432, in _execute_callable
    return execute_callable(context=context, **execute_callable_kwargs)
           ^^^^^^^^^^^^^^^^^^^^^^^^^^^^^^^^^^^^^^^^^^^^^^^^^^^^^^^^^^^^
  File "/home/airflow/.local/lib/python3.11/site-packages/airflow/models/baseoperator.py", line 401, in wrapper
    return func(self, *args, **kwargs)
           ^^^^^^^^^^^^^^^^^^^^^^^^^^^
  File "/home/airflow/.local/lib/python3.11/site-packages/airflow/decorators/base.py", line 265, in execute
    return_value = super().execute(context)
                   ^^^^^^^^^^^^^^^^^^^^^^^^
  File "/home/airflow/.local/lib/python3.11/site-packages/airflow/models/baseoperator.py", line 401, in wrapper
    return func(self, *args, **kwargs)
           ^^^^^^^^^^^^^^^^^^^^^^^^^^^
  File "/home/airflow/.local/lib/python3.11/site-packages/airflow/operators/python.py", line 235, in execute
    return_value = self.execute_callable()
                   ^^^^^^^^^^^^^^^^^^^^^^^
  File "/home/airflow/.local/lib/python3.11/site-packages/airflow/operators/python.py", line 252, in execute_callable
    return self.python_callable(*self.op_args, **self.op_kwargs)
           ^^^^^^^^^^^^^^^^^^^^^^^^^^^^^^^^^^^^^^^^^^^^^^^^^^^^^
  File "/opt/airflow/dags/pipeline/main.py", line 55, in check_prod_model
    prod_version = client.get_latest_versions(name=EXPERIMENT_NAME, stages=["Production"])
                   ^^^^^^^^^^^^^^^^^^^^^^^^^^^^^^^^^^^^^^^^^^^^^^^^^^^^^^^^^^^^^^^^^^^^^^^
  File "/home/airflow/.local/lib/python3.11/site-packages/mlflow/tracking/client.py", line 2429, in get_latest_versions
    return self._get_registry_client().get_latest_versions(name, stages)
           ^^^^^^^^^^^^^^^^^^^^^^^^^^^^^^^^^^^^^^^^^^^^^^^^^^^^^^^^^^^^^
  File "/home/airflow/.local/lib/python3.11/site-packages/mlflow/tracking/_model_registry/client.py", line 139, in get_latest_versions
    return self.store.get_latest_versions(name, stages)
           ^^^^^^^^^^^^^^^^^^^^^^^^^^^^^^^^^^^^^^^^^^^^
  File "/home/airflow/.local/lib/python3.11/site-packages/mlflow/store/model_registry/file_store.py", line 360, in get_latest_versions
    registered_model_path = self._get_registered_model_path(name)
                            ^^^^^^^^^^^^^^^^^^^^^^^^^^^^^^^^^^^^^
  File "/home/airflow/.local/lib/python3.11/site-packages/mlflow/store/model_registry/file_store.py", line 184, in _get_registered_model_path
    _validate_model_name(name)
  File "/home/airflow/.local/lib/python3.11/site-packages/mlflow/store/model_registry/file_store.py", line 73, in _validate_model_name
    _original_validate_model_name(name)
  File "/home/airflow/.local/lib/python3.11/site-packages/mlflow/utils/validation.py", line 368, in _validate_model_name
    raise MlflowException("Registered model name cannot be empty.", INVALID_PARAMETER_VALUE)
mlflow.exceptions.MlflowException: Registered model name cannot be empty.
[2025-12-30T09:16:51.417+0000] {taskinstance.py:1206} INFO - Marking task as FAILED. dag_id=main_pipeline, task_id=check_prod_model, run_id=manual__2025-12-30T09:16:43.411568+00:00, execution_date=20251230T091643, start_date=20251230T091647, end_date=20251230T091651
[2025-12-30T09:16:51.465+0000] {standard_task_runner.py:110} ERROR - Failed to execute job 81 for task check_prod_model (Registered model name cannot be empty.; 1266)
[2025-12-30T09:16:51.638+0000] {local_task_job_runner.py:243} INFO - Task exited with return code 1
[2025-12-30T09:16:51.722+0000] {taskinstance.py:3503} INFO - 0 downstream tasks scheduled from follow-on schedule check
[2025-12-30T09:16:51.728+0000] {local_task_job_runner.py:222} INFO - ::endgroup::
