[2026-01-02T17:38:32.866+0000] {local_task_job_runner.py:120} INFO - ::group::Pre task execution logs
[2026-01-02T17:38:33.130+0000] {taskinstance.py:2076} INFO - Dependencies all met for dep_context=non-requeueable deps ti=<TaskInstance: main_pipeline.compare_distributions manual__2026-01-02T17:37:44.710962+00:00 [queued]>
[2026-01-02T17:38:33.192+0000] {taskinstance.py:2076} INFO - Dependencies all met for dep_context=requeueable deps ti=<TaskInstance: main_pipeline.compare_distributions manual__2026-01-02T17:37:44.710962+00:00 [queued]>
[2026-01-02T17:38:33.193+0000] {taskinstance.py:2306} INFO - Starting attempt 1 of 1
[2026-01-02T17:38:33.245+0000] {taskinstance.py:2330} INFO - Executing <Task(_PythonDecoratedOperator): compare_distributions> on 2026-01-02 17:37:44.710962+00:00
[2026-01-02T17:38:33.379+0000] {standard_task_runner.py:64} INFO - Started process 7122 to run task
[2026-01-02T17:38:33.384+0000] {standard_task_runner.py:90} INFO - Running: ['***', 'tasks', 'run', 'main_pipeline', 'compare_distributions', 'manual__2026-01-02T17:37:44.710962+00:00', '--job-id', '126', '--raw', '--subdir', 'DAGS_FOLDER/pipeline/main.py', '--cfg-path', '/tmp/tmp0brdpy5p']
[2026-01-02T17:38:33.393+0000] {standard_task_runner.py:91} INFO - Job 126: Subtask compare_distributions
[2026-01-02T17:38:33.862+0000] {task_command.py:426} INFO - Running <TaskInstance: main_pipeline.compare_distributions manual__2026-01-02T17:37:44.710962+00:00 [running]> on host 1ffb7dbd079c
[2026-01-02T17:38:34.404+0000] {taskinstance.py:2648} INFO - Exporting env vars: AIRFLOW_CTX_DAG_OWNER='***' AIRFLOW_CTX_DAG_ID='main_pipeline' AIRFLOW_CTX_TASK_ID='compare_distributions' AIRFLOW_CTX_EXECUTION_DATE='2026-01-02T17:37:44.710962+00:00' AIRFLOW_CTX_TRY_NUMBER='1' AIRFLOW_CTX_DAG_RUN_ID='manual__2026-01-02T17:37:44.710962+00:00'
[2026-01-02T17:38:34.410+0000] {taskinstance.py:430} INFO - ::endgroup::
[2026-01-02T17:38:34.748+0000] {logging_mixin.py:188} INFO - <Response [200]>
[2026-01-02T17:38:36.181+0000] {taskinstance.py:441} INFO - ::group::Post task execution logs
[2026-01-02T17:38:36.184+0000] {taskinstance.py:2905} ERROR - Task failed with exception
Traceback (most recent call last):
  File "/home/airflow/.local/lib/python3.11/site-packages/airflow/models/taskinstance.py", line 465, in _execute_task
    result = _execute_callable(context=context, **execute_callable_kwargs)
             ^^^^^^^^^^^^^^^^^^^^^^^^^^^^^^^^^^^^^^^^^^^^^^^^^^^^^^^^^^^^^
  File "/home/airflow/.local/lib/python3.11/site-packages/airflow/models/taskinstance.py", line 432, in _execute_callable
    return execute_callable(context=context, **execute_callable_kwargs)
           ^^^^^^^^^^^^^^^^^^^^^^^^^^^^^^^^^^^^^^^^^^^^^^^^^^^^^^^^^^^^
  File "/home/airflow/.local/lib/python3.11/site-packages/airflow/models/baseoperator.py", line 401, in wrapper
    return func(self, *args, **kwargs)
           ^^^^^^^^^^^^^^^^^^^^^^^^^^^
  File "/home/airflow/.local/lib/python3.11/site-packages/airflow/decorators/base.py", line 265, in execute
    return_value = super().execute(context)
                   ^^^^^^^^^^^^^^^^^^^^^^^^
  File "/home/airflow/.local/lib/python3.11/site-packages/airflow/models/baseoperator.py", line 401, in wrapper
    return func(self, *args, **kwargs)
           ^^^^^^^^^^^^^^^^^^^^^^^^^^^
  File "/home/airflow/.local/lib/python3.11/site-packages/airflow/operators/python.py", line 235, in execute
    return_value = self.execute_callable()
                   ^^^^^^^^^^^^^^^^^^^^^^^
  File "/home/airflow/.local/lib/python3.11/site-packages/airflow/operators/python.py", line 252, in execute_callable
    return self.python_callable(*self.op_args, **self.op_kwargs)
           ^^^^^^^^^^^^^^^^^^^^^^^^^^^^^^^^^^^^^^^^^^^^^^^^^^^^^
  File "/opt/airflow/dags/pipeline/main.py", line 178, in compare_distributions
    report["drift_info"][num_col] = [p_value, 1 if p_value < KS_PVALUE_THRESHOLD else 0]
                                                   ^^^^^^^^^^^^^^^^^^^^^^^^^^^^^
TypeError: '<' not supported between instances of 'float' and 'NoneType'
[2026-01-02T17:38:36.295+0000] {taskinstance.py:1206} INFO - Marking task as FAILED. dag_id=main_pipeline, task_id=compare_distributions, run_id=manual__2026-01-02T17:37:44.710962+00:00, execution_date=20260102T173744, start_date=20260102T173833, end_date=20260102T173836
[2026-01-02T17:38:36.370+0000] {standard_task_runner.py:110} ERROR - Failed to execute job 126 for task compare_distributions ('<' not supported between instances of 'float' and 'NoneType'; 7122)
[2026-01-02T17:38:36.467+0000] {local_task_job_runner.py:243} INFO - Task exited with return code 1
[2026-01-02T17:38:36.630+0000] {taskinstance.py:3503} INFO - 0 downstream tasks scheduled from follow-on schedule check
[2026-01-02T17:38:36.662+0000] {local_task_job_runner.py:222} INFO - ::endgroup::
