[2026-01-02T18:05:16.634+0000] {local_task_job_runner.py:120} INFO - ::group::Pre task execution logs
[2026-01-02T18:05:16.834+0000] {taskinstance.py:2076} INFO - Dependencies all met for dep_context=non-requeueable deps ti=<TaskInstance: main_pipeline.check_drift manual__2026-01-02T18:04:24.413271+00:00 [queued]>
[2026-01-02T18:05:16.919+0000] {taskinstance.py:2076} INFO - Dependencies all met for dep_context=requeueable deps ti=<TaskInstance: main_pipeline.check_drift manual__2026-01-02T18:04:24.413271+00:00 [queued]>
[2026-01-02T18:05:16.919+0000] {taskinstance.py:2306} INFO - Starting attempt 1 of 1
[2026-01-02T18:05:17.026+0000] {taskinstance.py:2330} INFO - Executing <Task(_BranchPythonDecoratedOperator): check_drift> on 2026-01-02 18:04:24.413271+00:00
[2026-01-02T18:05:17.085+0000] {standard_task_runner.py:64} INFO - Started process 1165 to run task
[2026-01-02T18:05:17.114+0000] {standard_task_runner.py:90} INFO - Running: ['***', 'tasks', 'run', 'main_pipeline', 'check_drift', 'manual__2026-01-02T18:04:24.413271+00:00', '--job-id', '142', '--raw', '--subdir', 'DAGS_FOLDER/pipeline/main.py', '--cfg-path', '/tmp/tmphseyfolp']
[2026-01-02T18:05:17.125+0000] {standard_task_runner.py:91} INFO - Job 142: Subtask check_drift
[2026-01-02T18:05:17.535+0000] {task_command.py:426} INFO - Running <TaskInstance: main_pipeline.check_drift manual__2026-01-02T18:04:24.413271+00:00 [running]> on host 634f416f74b0
[2026-01-02T18:05:18.957+0000] {taskinstance.py:2648} INFO - Exporting env vars: AIRFLOW_CTX_DAG_OWNER='***' AIRFLOW_CTX_DAG_ID='main_pipeline' AIRFLOW_CTX_TASK_ID='check_drift' AIRFLOW_CTX_EXECUTION_DATE='2026-01-02T18:04:24.413271+00:00' AIRFLOW_CTX_TRY_NUMBER='1' AIRFLOW_CTX_DAG_RUN_ID='manual__2026-01-02T18:04:24.413271+00:00'
[2026-01-02T18:05:18.962+0000] {taskinstance.py:430} INFO - ::endgroup::
[2026-01-02T18:05:18.964+0000] {logging_mixin.py:188} INFO - Data drift detected in price
[2026-01-02T18:05:18.965+0000] {logging_mixin.py:188} INFO - Data drift detected in color
[2026-01-02T18:05:18.966+0000] {python.py:237} INFO - Done. Returned value was: train_staging_model
[2026-01-02T18:05:18.975+0000] {branch.py:36} INFO - Branch into train_staging_model
[2026-01-02T18:05:18.977+0000] {skipmixin.py:178} INFO - Following branch train_staging_model
[2026-01-02T18:05:18.979+0000] {taskinstance.py:441} INFO - ::group::Post task execution logs
[2026-01-02T18:05:19.087+0000] {taskinstance.py:2905} ERROR - Task failed with exception
Traceback (most recent call last):
  File "/home/airflow/.local/lib/python3.11/site-packages/airflow/models/taskinstance.py", line 465, in _execute_task
    result = _execute_callable(context=context, **execute_callable_kwargs)
             ^^^^^^^^^^^^^^^^^^^^^^^^^^^^^^^^^^^^^^^^^^^^^^^^^^^^^^^^^^^^^
  File "/home/airflow/.local/lib/python3.11/site-packages/airflow/models/taskinstance.py", line 432, in _execute_callable
    return execute_callable(context=context, **execute_callable_kwargs)
           ^^^^^^^^^^^^^^^^^^^^^^^^^^^^^^^^^^^^^^^^^^^^^^^^^^^^^^^^^^^^
  File "/home/airflow/.local/lib/python3.11/site-packages/airflow/models/baseoperator.py", line 401, in wrapper
    return func(self, *args, **kwargs)
           ^^^^^^^^^^^^^^^^^^^^^^^^^^^
  File "/home/airflow/.local/lib/python3.11/site-packages/airflow/decorators/base.py", line 265, in execute
    return_value = super().execute(context)
                   ^^^^^^^^^^^^^^^^^^^^^^^^
  File "/home/airflow/.local/lib/python3.11/site-packages/airflow/models/baseoperator.py", line 401, in wrapper
    return func(self, *args, **kwargs)
           ^^^^^^^^^^^^^^^^^^^^^^^^^^^
  File "/home/airflow/.local/lib/python3.11/site-packages/airflow/operators/python.py", line 269, in execute
    return self.do_branch(context, super().execute(context))
           ^^^^^^^^^^^^^^^^^^^^^^^^^^^^^^^^^^^^^^^^^^^^^^^^^
  File "/home/airflow/.local/lib/python3.11/site-packages/airflow/operators/branch.py", line 37, in do_branch
    self.skip_all_except(context["ti"], branches_to_execute)
  File "/home/airflow/.local/lib/python3.11/site-packages/airflow/models/skipmixin.py", line 215, in skip_all_except
    raise AirflowException(
airflow.exceptions.AirflowException: 'branch_task_ids' must contain only valid task_ids. Invalid tasks found: {'train_staging_model'}.
[2026-01-02T18:05:19.162+0000] {taskinstance.py:1206} INFO - Marking task as FAILED. dag_id=main_pipeline, task_id=check_drift, run_id=manual__2026-01-02T18:04:24.413271+00:00, execution_date=20260102T180424, start_date=20260102T180516, end_date=20260102T180519
[2026-01-02T18:05:19.275+0000] {standard_task_runner.py:110} ERROR - Failed to execute job 142 for task check_drift ('branch_task_ids' must contain only valid task_ids. Invalid tasks found: {'train_staging_model'}.; 1165)
[2026-01-02T18:05:19.450+0000] {local_task_job_runner.py:243} INFO - Task exited with return code 1
[2026-01-02T18:05:19.683+0000] {taskinstance.py:3503} INFO - 0 downstream tasks scheduled from follow-on schedule check
[2026-01-02T18:05:19.723+0000] {local_task_job_runner.py:222} INFO - ::endgroup::
