[2026-01-02T17:51:45.265+0000] {local_task_job_runner.py:120} INFO - ::group::Pre task execution logs
[2026-01-02T17:51:45.450+0000] {taskinstance.py:2076} INFO - Dependencies all met for dep_context=non-requeueable deps ti=<TaskInstance: main_pipeline.compare_distributions manual__2026-01-02T17:51:15.641721+00:00 [queued]>
[2026-01-02T17:51:45.497+0000] {taskinstance.py:2076} INFO - Dependencies all met for dep_context=requeueable deps ti=<TaskInstance: main_pipeline.compare_distributions manual__2026-01-02T17:51:15.641721+00:00 [queued]>
[2026-01-02T17:51:45.497+0000] {taskinstance.py:2306} INFO - Starting attempt 1 of 1
[2026-01-02T17:51:45.533+0000] {taskinstance.py:2330} INFO - Executing <Task(_PythonDecoratedOperator): compare_distributions> on 2026-01-02 17:51:15.641721+00:00
[2026-01-02T17:51:45.572+0000] {standard_task_runner.py:64} INFO - Started process 475 to run task
[2026-01-02T17:51:45.580+0000] {standard_task_runner.py:90} INFO - Running: ['***', 'tasks', 'run', 'main_pipeline', 'compare_distributions', 'manual__2026-01-02T17:51:15.641721+00:00', '--job-id', '130', '--raw', '--subdir', 'DAGS_FOLDER/pipeline/main.py', '--cfg-path', '/tmp/tmp5jhr_aaw']
[2026-01-02T17:51:45.590+0000] {standard_task_runner.py:91} INFO - Job 130: Subtask compare_distributions
[2026-01-02T17:51:45.848+0000] {task_command.py:426} INFO - Running <TaskInstance: main_pipeline.compare_distributions manual__2026-01-02T17:51:15.641721+00:00 [running]> on host 634f416f74b0
[2026-01-02T17:51:46.256+0000] {taskinstance.py:2648} INFO - Exporting env vars: AIRFLOW_CTX_DAG_OWNER='***' AIRFLOW_CTX_DAG_ID='main_pipeline' AIRFLOW_CTX_TASK_ID='compare_distributions' AIRFLOW_CTX_EXECUTION_DATE='2026-01-02T17:51:15.641721+00:00' AIRFLOW_CTX_TRY_NUMBER='1' AIRFLOW_CTX_DAG_RUN_ID='manual__2026-01-02T17:51:15.641721+00:00'
[2026-01-02T17:51:46.263+0000] {taskinstance.py:430} INFO - ::endgroup::
[2026-01-02T17:51:46.346+0000] {logging_mixin.py:188} INFO - <Response [200]>
[2026-01-02T17:51:47.031+0000] {taskinstance.py:441} INFO - ::group::Post task execution logs
[2026-01-02T17:51:47.034+0000] {taskinstance.py:2905} ERROR - Task failed with exception
Traceback (most recent call last):
  File "/home/airflow/.local/lib/python3.11/site-packages/airflow/models/taskinstance.py", line 465, in _execute_task
    result = _execute_callable(context=context, **execute_callable_kwargs)
             ^^^^^^^^^^^^^^^^^^^^^^^^^^^^^^^^^^^^^^^^^^^^^^^^^^^^^^^^^^^^^
  File "/home/airflow/.local/lib/python3.11/site-packages/airflow/models/taskinstance.py", line 432, in _execute_callable
    return execute_callable(context=context, **execute_callable_kwargs)
           ^^^^^^^^^^^^^^^^^^^^^^^^^^^^^^^^^^^^^^^^^^^^^^^^^^^^^^^^^^^^
  File "/home/airflow/.local/lib/python3.11/site-packages/airflow/models/baseoperator.py", line 401, in wrapper
    return func(self, *args, **kwargs)
           ^^^^^^^^^^^^^^^^^^^^^^^^^^^
  File "/home/airflow/.local/lib/python3.11/site-packages/airflow/decorators/base.py", line 265, in execute
    return_value = super().execute(context)
                   ^^^^^^^^^^^^^^^^^^^^^^^^
  File "/home/airflow/.local/lib/python3.11/site-packages/airflow/models/baseoperator.py", line 401, in wrapper
    return func(self, *args, **kwargs)
           ^^^^^^^^^^^^^^^^^^^^^^^^^^^
  File "/home/airflow/.local/lib/python3.11/site-packages/airflow/operators/python.py", line 235, in execute
    return_value = self.execute_callable()
                   ^^^^^^^^^^^^^^^^^^^^^^^
  File "/home/airflow/.local/lib/python3.11/site-packages/airflow/operators/python.py", line 252, in execute_callable
    return self.python_callable(*self.op_args, **self.op_kwargs)
           ^^^^^^^^^^^^^^^^^^^^^^^^^^^^^^^^^^^^^^^^^^^^^^^^^^^^^
  File "/opt/airflow/dags/pipeline/main.py", line 178, in compare_distributions
    report["drift_info"][num_col] = [p_value, 1 if p_value < KS_PVALUE_THRESHOLD else 0]
                                                   ^^^^^^^^^^^^^^^^^^^^^^^^^^^^^
TypeError: '<' not supported between instances of 'numpy.ndarray' and 'str'
[2026-01-02T17:51:47.142+0000] {taskinstance.py:1206} INFO - Marking task as FAILED. dag_id=main_pipeline, task_id=compare_distributions, run_id=manual__2026-01-02T17:51:15.641721+00:00, execution_date=20260102T175115, start_date=20260102T175145, end_date=20260102T175147
[2026-01-02T17:51:47.202+0000] {standard_task_runner.py:110} ERROR - Failed to execute job 130 for task compare_distributions ('<' not supported between instances of 'numpy.ndarray' and 'str'; 475)
[2026-01-02T17:51:47.280+0000] {local_task_job_runner.py:243} INFO - Task exited with return code 1
[2026-01-02T17:51:47.355+0000] {taskinstance.py:3503} INFO - 0 downstream tasks scheduled from follow-on schedule check
[2026-01-02T17:51:47.390+0000] {local_task_job_runner.py:222} INFO - ::endgroup::
