[2025-12-28T07:54:48.595+0000] {local_task_job_runner.py:120} INFO - ::group::Pre task execution logs
[2025-12-28T07:54:48.747+0000] {taskinstance.py:2076} INFO - Dependencies all met for dep_context=non-requeueable deps ti=<TaskInstance: data_distribution_comparison.handle_report manual__2025-12-28T07:54:16.009667+00:00 [queued]>
[2025-12-28T07:54:48.830+0000] {taskinstance.py:2076} INFO - Dependencies all met for dep_context=requeueable deps ti=<TaskInstance: data_distribution_comparison.handle_report manual__2025-12-28T07:54:16.009667+00:00 [queued]>
[2025-12-28T07:54:48.831+0000] {taskinstance.py:2306} INFO - Starting attempt 1 of 1
[2025-12-28T07:54:48.894+0000] {taskinstance.py:2330} INFO - Executing <Task(_PythonDecoratedOperator): handle_report> on 2025-12-28 07:54:16.009667+00:00
[2025-12-28T07:54:48.966+0000] {standard_task_runner.py:64} INFO - Started process 353 to run task
[2025-12-28T07:54:48.979+0000] {standard_task_runner.py:90} INFO - Running: ['***', 'tasks', 'run', 'data_distribution_comparison', 'handle_report', 'manual__2025-12-28T07:54:16.009667+00:00', '--job-id', '9', '--raw', '--subdir', 'DAGS_FOLDER/dag_test/dag_test.py', '--cfg-path', '/tmp/tmpvljhzzcq']
[2025-12-28T07:54:48.991+0000] {standard_task_runner.py:91} INFO - Job 9: Subtask handle_report
[2025-12-28T07:54:49.176+0000] {task_command.py:426} INFO - Running <TaskInstance: data_distribution_comparison.handle_report manual__2025-12-28T07:54:16.009667+00:00 [running]> on host 988a74b9d313
[2025-12-28T07:54:49.677+0000] {taskinstance.py:2648} INFO - Exporting env vars: AIRFLOW_CTX_DAG_OWNER='***' AIRFLOW_CTX_DAG_ID='data_distribution_comparison' AIRFLOW_CTX_TASK_ID='handle_report' AIRFLOW_CTX_EXECUTION_DATE='2025-12-28T07:54:16.009667+00:00' AIRFLOW_CTX_TRY_NUMBER='1' AIRFLOW_CTX_DAG_RUN_ID='manual__2025-12-28T07:54:16.009667+00:00'
[2025-12-28T07:54:49.689+0000] {taskinstance.py:430} INFO - ::endgroup::
[2025-12-28T07:54:50.654+0000] {logging_mixin.py:188} WARNING - /home/***/.local/lib/python3.11/site-packages/pydantic/_internal/_fields.py:161 UserWarning: Field "model_name" has conflict with protected namespace "model_".

You may be able to resolve this warning by setting `model_config['protected_namespaces'] = ()`.
[2025-12-28T07:54:58.007+0000] {logging_mixin.py:188} WARNING - 2025/12/28 07:54:58 INFO mlflow.store.db.utils: Creating initial MLflow database tables...
[2025-12-28T07:54:58.316+0000] {taskinstance.py:441} INFO - ::group::Post task execution logs
[2025-12-28T07:54:58.323+0000] {taskinstance.py:2905} ERROR - Task failed with exception
Traceback (most recent call last):
  File "/home/airflow/.local/lib/python3.11/site-packages/sqlalchemy/engine/base.py", line 1910, in _execute_context
    self.dialect.do_execute(
  File "/home/airflow/.local/lib/python3.11/site-packages/sqlalchemy/engine/default.py", line 736, in do_execute
    cursor.execute(statement, parameters)
sqlite3.OperationalError: table experiments already exists

The above exception was the direct cause of the following exception:

Traceback (most recent call last):
  File "/home/airflow/.local/lib/python3.11/site-packages/airflow/models/taskinstance.py", line 465, in _execute_task
    result = _execute_callable(context=context, **execute_callable_kwargs)
             ^^^^^^^^^^^^^^^^^^^^^^^^^^^^^^^^^^^^^^^^^^^^^^^^^^^^^^^^^^^^^
  File "/home/airflow/.local/lib/python3.11/site-packages/airflow/models/taskinstance.py", line 432, in _execute_callable
    return execute_callable(context=context, **execute_callable_kwargs)
           ^^^^^^^^^^^^^^^^^^^^^^^^^^^^^^^^^^^^^^^^^^^^^^^^^^^^^^^^^^^^
  File "/home/airflow/.local/lib/python3.11/site-packages/airflow/models/baseoperator.py", line 401, in wrapper
    return func(self, *args, **kwargs)
           ^^^^^^^^^^^^^^^^^^^^^^^^^^^
  File "/home/airflow/.local/lib/python3.11/site-packages/airflow/decorators/base.py", line 265, in execute
    return_value = super().execute(context)
                   ^^^^^^^^^^^^^^^^^^^^^^^^
  File "/home/airflow/.local/lib/python3.11/site-packages/airflow/models/baseoperator.py", line 401, in wrapper
    return func(self, *args, **kwargs)
           ^^^^^^^^^^^^^^^^^^^^^^^^^^^
  File "/home/airflow/.local/lib/python3.11/site-packages/airflow/operators/python.py", line 235, in execute
    return_value = self.execute_callable()
                   ^^^^^^^^^^^^^^^^^^^^^^^
  File "/home/airflow/.local/lib/python3.11/site-packages/airflow/operators/python.py", line 252, in execute_callable
    return self.python_callable(*self.op_args, **self.op_kwargs)
           ^^^^^^^^^^^^^^^^^^^^^^^^^^^^^^^^^^^^^^^^^^^^^^^^^^^^^
  File "/opt/airflow/dags/dag_test/dag_test.py", line 66, in handle_report
    mlflow.set_experiment("test")
  File "/home/airflow/.local/lib/python3.11/site-packages/mlflow/tracking/fluent.py", line 185, in set_experiment
    client = TrackingServiceClient(_resolve_tracking_uri())
             ^^^^^^^^^^^^^^^^^^^^^^^^^^^^^^^^^^^^^^^^^^^^^^
  File "/home/airflow/.local/lib/python3.11/site-packages/mlflow/tracking/_tracking_service/client.py", line 96, in __init__
    self.store
  File "/home/airflow/.local/lib/python3.11/site-packages/mlflow/tracking/_tracking_service/client.py", line 100, in store
    return utils._get_store(self.tracking_uri)
           ^^^^^^^^^^^^^^^^^^^^^^^^^^^^^^^^^^^
  File "/home/airflow/.local/lib/python3.11/site-packages/mlflow/tracking/_tracking_service/utils.py", line 253, in _get_store
    return _tracking_store_registry.get_store(store_uri, artifact_uri)
           ^^^^^^^^^^^^^^^^^^^^^^^^^^^^^^^^^^^^^^^^^^^^^^^^^^^^^^^^^^^
  File "/home/airflow/.local/lib/python3.11/site-packages/mlflow/tracking/_tracking_service/registry.py", line 45, in get_store
    return self._get_store_with_resolved_uri(resolved_store_uri, artifact_uri)
           ^^^^^^^^^^^^^^^^^^^^^^^^^^^^^^^^^^^^^^^^^^^^^^^^^^^^^^^^^^^^^^^^^^^
  File "/home/airflow/.local/lib/python3.11/site-packages/mlflow/tracking/_tracking_service/registry.py", line 56, in _get_store_with_resolved_uri
    return builder(store_uri=resolved_store_uri, artifact_uri=artifact_uri)
           ^^^^^^^^^^^^^^^^^^^^^^^^^^^^^^^^^^^^^^^^^^^^^^^^^^^^^^^^^^^^^^^^
  File "/home/airflow/.local/lib/python3.11/site-packages/mlflow/tracking/_tracking_service/utils.py", line 185, in _get_sqlalchemy_store
    return SqlAlchemyStore(store_uri, artifact_uri)
           ^^^^^^^^^^^^^^^^^^^^^^^^^^^^^^^^^^^^^^^^
  File "/home/airflow/.local/lib/python3.11/site-packages/mlflow/store/tracking/sqlalchemy_store.py", line 256, in __init__
    mlflow.store.db.utils._initialize_tables(self.engine)
  File "/home/airflow/.local/lib/python3.11/site-packages/mlflow/store/db/utils.py", line 116, in _initialize_tables
    InitialBase.metadata.create_all(engine)
  File "/home/airflow/.local/lib/python3.11/site-packages/sqlalchemy/sql/schema.py", line 4930, in create_all
    bind._run_ddl_visitor(
  File "/home/airflow/.local/lib/python3.11/site-packages/sqlalchemy/engine/base.py", line 3238, in _run_ddl_visitor
    conn._run_ddl_visitor(visitorcallable, element, **kwargs)
  File "/home/airflow/.local/lib/python3.11/site-packages/sqlalchemy/engine/base.py", line 2221, in _run_ddl_visitor
    visitorcallable(self.dialect, self, **kwargs).traverse_single(element)
  File "/home/airflow/.local/lib/python3.11/site-packages/sqlalchemy/sql/visitors.py", line 524, in traverse_single
    return meth(obj, **kw)
           ^^^^^^^^^^^^^^^
  File "/home/airflow/.local/lib/python3.11/site-packages/sqlalchemy/sql/ddl.py", line 855, in visit_metadata
    self.traverse_single(
  File "/home/airflow/.local/lib/python3.11/site-packages/sqlalchemy/sql/visitors.py", line 524, in traverse_single
    return meth(obj, **kw)
           ^^^^^^^^^^^^^^^
  File "/home/airflow/.local/lib/python3.11/site-packages/sqlalchemy/sql/ddl.py", line 899, in visit_table
    self.connection.execute(
  File "/home/airflow/.local/lib/python3.11/site-packages/sqlalchemy/engine/base.py", line 1385, in execute
    return meth(self, multiparams, params, _EMPTY_EXECUTION_OPTS)
           ^^^^^^^^^^^^^^^^^^^^^^^^^^^^^^^^^^^^^^^^^^^^^^^^^^^^^^
  File "/home/airflow/.local/lib/python3.11/site-packages/sqlalchemy/sql/ddl.py", line 80, in _execute_on_connection
    return connection._execute_ddl(
           ^^^^^^^^^^^^^^^^^^^^^^^^
  File "/home/airflow/.local/lib/python3.11/site-packages/sqlalchemy/engine/base.py", line 1477, in _execute_ddl
    ret = self._execute_context(
          ^^^^^^^^^^^^^^^^^^^^^^
  File "/home/airflow/.local/lib/python3.11/site-packages/sqlalchemy/engine/base.py", line 1953, in _execute_context
    self._handle_dbapi_exception(
  File "/home/airflow/.local/lib/python3.11/site-packages/sqlalchemy/engine/base.py", line 2134, in _handle_dbapi_exception
    util.raise_(
  File "/home/airflow/.local/lib/python3.11/site-packages/sqlalchemy/util/compat.py", line 211, in raise_
    raise exception
  File "/home/airflow/.local/lib/python3.11/site-packages/sqlalchemy/engine/base.py", line 1910, in _execute_context
    self.dialect.do_execute(
  File "/home/airflow/.local/lib/python3.11/site-packages/sqlalchemy/engine/default.py", line 736, in do_execute
    cursor.execute(statement, parameters)
sqlalchemy.exc.OperationalError: (sqlite3.OperationalError) table experiments already exists
[SQL: 
CREATE TABLE experiments (
	experiment_id INTEGER NOT NULL, 
	name VARCHAR(256) NOT NULL, 
	artifact_location VARCHAR(256), 
	lifecycle_stage VARCHAR(32), 
	CONSTRAINT experiment_pk PRIMARY KEY (experiment_id), 
	CONSTRAINT experiments_lifecycle_stage CHECK (lifecycle_stage IN ('active', 'deleted')), 
	UNIQUE (name)
)

]
(Background on this error at: https://sqlalche.me/e/14/e3q8)
[2025-12-28T07:54:58.575+0000] {taskinstance.py:1206} INFO - Marking task as FAILED. dag_id=data_distribution_comparison, task_id=handle_report, run_id=manual__2025-12-28T07:54:16.009667+00:00, execution_date=20251228T075416, start_date=20251228T075448, end_date=20251228T075458
[2025-12-28T07:54:58.650+0000] {standard_task_runner.py:110} ERROR - Failed to execute job 9 for task handle_report ((sqlite3.OperationalError) table experiments already exists
[SQL: 
CREATE TABLE experiments (
	experiment_id INTEGER NOT NULL, 
	name VARCHAR(256) NOT NULL, 
	artifact_location VARCHAR(256), 
	lifecycle_stage VARCHAR(32), 
	CONSTRAINT experiment_pk PRIMARY KEY (experiment_id), 
	CONSTRAINT experiments_lifecycle_stage CHECK (lifecycle_stage IN ('active', 'deleted')), 
	UNIQUE (name)
)

]
(Background on this error at: https://sqlalche.me/e/14/e3q8); 353)
[2025-12-28T07:54:58.748+0000] {local_task_job_runner.py:243} INFO - Task exited with return code 1
[2025-12-28T07:54:58.823+0000] {taskinstance.py:3503} INFO - 0 downstream tasks scheduled from follow-on schedule check
[2025-12-28T07:54:58.836+0000] {local_task_job_runner.py:222} INFO - ::endgroup::
