[2026-01-02T18:28:55.130+0000] {local_task_job_runner.py:120} INFO - ::group::Pre task execution logs
[2026-01-02T18:28:55.395+0000] {taskinstance.py:2076} INFO - Dependencies all met for dep_context=non-requeueable deps ti=<TaskInstance: main_pipeline.train_model__1 manual__2026-01-02T18:27:54.501282+00:00 [queued]>
[2026-01-02T18:28:55.460+0000] {taskinstance.py:2076} INFO - Dependencies all met for dep_context=requeueable deps ti=<TaskInstance: main_pipeline.train_model__1 manual__2026-01-02T18:27:54.501282+00:00 [queued]>
[2026-01-02T18:28:55.460+0000] {taskinstance.py:2306} INFO - Starting attempt 1 of 1
[2026-01-02T18:28:55.516+0000] {taskinstance.py:2330} INFO - Executing <Task(_PythonDecoratedOperator): train_model__1> on 2026-01-02 18:27:54.501282+00:00
[2026-01-02T18:28:55.588+0000] {standard_task_runner.py:64} INFO - Started process 2395 to run task
[2026-01-02T18:28:55.608+0000] {standard_task_runner.py:90} INFO - Running: ['***', 'tasks', 'run', 'main_pipeline', 'train_model__1', 'manual__2026-01-02T18:27:54.501282+00:00', '--job-id', '166', '--raw', '--subdir', 'DAGS_FOLDER/pipeline/main.py', '--cfg-path', '/tmp/tmpcszx5fdp']
[2026-01-02T18:28:55.614+0000] {standard_task_runner.py:91} INFO - Job 166: Subtask train_model__1
[2026-01-02T18:28:56.176+0000] {task_command.py:426} INFO - Running <TaskInstance: main_pipeline.train_model__1 manual__2026-01-02T18:27:54.501282+00:00 [running]> on host 634f416f74b0
[2026-01-02T18:28:57.509+0000] {taskinstance.py:2648} INFO - Exporting env vars: AIRFLOW_CTX_DAG_OWNER='***' AIRFLOW_CTX_DAG_ID='main_pipeline' AIRFLOW_CTX_TASK_ID='train_model__1' AIRFLOW_CTX_EXECUTION_DATE='2026-01-02T18:27:54.501282+00:00' AIRFLOW_CTX_TRY_NUMBER='1' AIRFLOW_CTX_DAG_RUN_ID='manual__2026-01-02T18:27:54.501282+00:00'
[2026-01-02T18:28:57.513+0000] {taskinstance.py:430} INFO - ::endgroup::
[2026-01-02T18:29:04.004+0000] {logging_mixin.py:188} WARNING - /home/***/.local/lib/python3.11/site-packages/pydantic/_internal/_fields.py:161 UserWarning: Field "model_server_url" has conflict with protected namespace "model_".

You may be able to resolve this warning by setting `model_config['protected_namespaces'] = ()`.
[2026-01-02T18:29:04.099+0000] {logging_mixin.py:188} WARNING - /home/***/.local/lib/python3.11/site-packages/pydantic/_internal/_config.py:341 UserWarning: Valid config keys have changed in V2:
* 'schema_extra' has been renamed to 'json_schema_extra'
[2026-01-02T18:29:13.296+0000] {font_manager.py:1547} INFO - generated new fontManager
[2026-01-02T18:29:31.630+0000] {taskinstance.py:441} INFO - ::group::Post task execution logs
[2026-01-02T18:29:31.632+0000] {taskinstance.py:2905} ERROR - Task failed with exception
Traceback (most recent call last):
  File "/home/airflow/.local/lib/python3.11/site-packages/airflow/models/taskinstance.py", line 465, in _execute_task
    result = _execute_callable(context=context, **execute_callable_kwargs)
             ^^^^^^^^^^^^^^^^^^^^^^^^^^^^^^^^^^^^^^^^^^^^^^^^^^^^^^^^^^^^^
  File "/home/airflow/.local/lib/python3.11/site-packages/airflow/models/taskinstance.py", line 432, in _execute_callable
    return execute_callable(context=context, **execute_callable_kwargs)
           ^^^^^^^^^^^^^^^^^^^^^^^^^^^^^^^^^^^^^^^^^^^^^^^^^^^^^^^^^^^^
  File "/home/airflow/.local/lib/python3.11/site-packages/airflow/models/baseoperator.py", line 401, in wrapper
    return func(self, *args, **kwargs)
           ^^^^^^^^^^^^^^^^^^^^^^^^^^^
  File "/home/airflow/.local/lib/python3.11/site-packages/airflow/decorators/base.py", line 265, in execute
    return_value = super().execute(context)
                   ^^^^^^^^^^^^^^^^^^^^^^^^
  File "/home/airflow/.local/lib/python3.11/site-packages/airflow/models/baseoperator.py", line 401, in wrapper
    return func(self, *args, **kwargs)
           ^^^^^^^^^^^^^^^^^^^^^^^^^^^
  File "/home/airflow/.local/lib/python3.11/site-packages/airflow/operators/python.py", line 235, in execute
    return_value = self.execute_callable()
                   ^^^^^^^^^^^^^^^^^^^^^^^
  File "/home/airflow/.local/lib/python3.11/site-packages/airflow/operators/python.py", line 252, in execute_callable
    return self.python_callable(*self.op_args, **self.op_kwargs)
           ^^^^^^^^^^^^^^^^^^^^^^^^^^^^^^^^^^^^^^^^^^^^^^^^^^^^^
  File "/opt/airflow/dags/pipeline/main.py", line 96, in train_model
    reg = setup(
          ^^^^^^
  File "/home/airflow/.local/lib/python3.11/site-packages/pycaret/regression/functional.py", line 593, in setup
    return exp.setup(
           ^^^^^^^^^^
  File "/home/airflow/.local/lib/python3.11/site-packages/pycaret/regression/oop.py", line 671, in setup
    self._initialize_setup(
  File "/home/airflow/.local/lib/python3.11/site-packages/pycaret/internal/pycaret_experiment/tabular_experiment.py", line 300, in _initialize_setup
    self.logging_param = self._convert_log_experiment(log_experiment)
                         ^^^^^^^^^^^^^^^^^^^^^^^^^^^^^^^^^^^^^^^^^^^^
  File "/home/airflow/.local/lib/python3.11/site-packages/pycaret/internal/pycaret_experiment/tabular_experiment.py", line 244, in _convert_log_experiment
    raise TypeError(
TypeError: log_experiment parameter must be a bool, BaseLogger, one of 'mlflow', 'wandb', 'dagshub', 'comet_ml'; or a list of the former.
[2026-01-02T18:29:31.777+0000] {taskinstance.py:1206} INFO - Marking task as FAILED. dag_id=main_pipeline, task_id=train_model__1, run_id=manual__2026-01-02T18:27:54.501282+00:00, execution_date=20260102T182754, start_date=20260102T182855, end_date=20260102T182931
[2026-01-02T18:29:31.855+0000] {standard_task_runner.py:110} ERROR - Failed to execute job 166 for task train_model__1 (log_experiment parameter must be a bool, BaseLogger, one of 'mlflow', 'wandb', 'dagshub', 'comet_ml'; or a list of the former.; 2395)
[2026-01-02T18:29:32.055+0000] {local_task_job_runner.py:243} INFO - Task exited with return code 1
[2026-01-02T18:29:32.104+0000] {taskinstance.py:3503} INFO - 0 downstream tasks scheduled from follow-on schedule check
[2026-01-02T18:29:32.108+0000] {local_task_job_runner.py:222} INFO - ::endgroup::
