[2026-01-02T18:17:16.761+0000] {local_task_job_runner.py:120} INFO - ::group::Pre task execution logs
[2026-01-02T18:17:17.146+0000] {taskinstance.py:2076} INFO - Dependencies all met for dep_context=non-requeueable deps ti=<TaskInstance: main_pipeline.check_drift manual__2026-01-02T18:16:31.917529+00:00 [queued]>
[2026-01-02T18:17:17.199+0000] {taskinstance.py:2076} INFO - Dependencies all met for dep_context=requeueable deps ti=<TaskInstance: main_pipeline.check_drift manual__2026-01-02T18:16:31.917529+00:00 [queued]>
[2026-01-02T18:17:17.200+0000] {taskinstance.py:2306} INFO - Starting attempt 1 of 1
[2026-01-02T18:17:17.282+0000] {taskinstance.py:2330} INFO - Executing <Task(_BranchPythonDecoratedOperator): check_drift> on 2026-01-02 18:16:31.917529+00:00
[2026-01-02T18:17:17.363+0000] {standard_task_runner.py:90} INFO - Running: ['***', 'tasks', 'run', 'main_pipeline', 'check_drift', 'manual__2026-01-02T18:16:31.917529+00:00', '--job-id', '151', '--raw', '--subdir', 'DAGS_FOLDER/pipeline/main.py', '--cfg-path', '/tmp/tmpvk87vb_l']
[2026-01-02T18:17:17.367+0000] {standard_task_runner.py:91} INFO - Job 151: Subtask check_drift
[2026-01-02T18:17:17.341+0000] {standard_task_runner.py:64} INFO - Started process 1750 to run task
[2026-01-02T18:17:17.687+0000] {task_command.py:426} INFO - Running <TaskInstance: main_pipeline.check_drift manual__2026-01-02T18:16:31.917529+00:00 [running]> on host 634f416f74b0
[2026-01-02T18:17:19.206+0000] {taskinstance.py:2648} INFO - Exporting env vars: AIRFLOW_CTX_DAG_OWNER='***' AIRFLOW_CTX_DAG_ID='main_pipeline' AIRFLOW_CTX_TASK_ID='check_drift' AIRFLOW_CTX_EXECUTION_DATE='2026-01-02T18:16:31.917529+00:00' AIRFLOW_CTX_TRY_NUMBER='1' AIRFLOW_CTX_DAG_RUN_ID='manual__2026-01-02T18:16:31.917529+00:00'
[2026-01-02T18:17:19.221+0000] {taskinstance.py:430} INFO - ::endgroup::
[2026-01-02T18:17:19.226+0000] {logging_mixin.py:188} INFO - Data drift detected in price
[2026-01-02T18:17:19.227+0000] {logging_mixin.py:188} INFO - Data drift detected in color
[2026-01-02T18:17:19.229+0000] {taskinstance.py:441} INFO - ::group::Post task execution logs
[2026-01-02T18:17:19.231+0000] {taskinstance.py:2905} ERROR - Task failed with exception
Traceback (most recent call last):
  File "/home/airflow/.local/lib/python3.11/site-packages/airflow/models/taskinstance.py", line 465, in _execute_task
    result = _execute_callable(context=context, **execute_callable_kwargs)
             ^^^^^^^^^^^^^^^^^^^^^^^^^^^^^^^^^^^^^^^^^^^^^^^^^^^^^^^^^^^^^
  File "/home/airflow/.local/lib/python3.11/site-packages/airflow/models/taskinstance.py", line 432, in _execute_callable
    return execute_callable(context=context, **execute_callable_kwargs)
           ^^^^^^^^^^^^^^^^^^^^^^^^^^^^^^^^^^^^^^^^^^^^^^^^^^^^^^^^^^^^
  File "/home/airflow/.local/lib/python3.11/site-packages/airflow/models/baseoperator.py", line 401, in wrapper
    return func(self, *args, **kwargs)
           ^^^^^^^^^^^^^^^^^^^^^^^^^^^
  File "/home/airflow/.local/lib/python3.11/site-packages/airflow/decorators/base.py", line 265, in execute
    return_value = super().execute(context)
                   ^^^^^^^^^^^^^^^^^^^^^^^^
  File "/home/airflow/.local/lib/python3.11/site-packages/airflow/models/baseoperator.py", line 401, in wrapper
    return func(self, *args, **kwargs)
           ^^^^^^^^^^^^^^^^^^^^^^^^^^^
  File "/home/airflow/.local/lib/python3.11/site-packages/airflow/operators/python.py", line 269, in execute
    return self.do_branch(context, super().execute(context))
                                   ^^^^^^^^^^^^^^^^^^^^^^^^
  File "/home/airflow/.local/lib/python3.11/site-packages/airflow/models/baseoperator.py", line 401, in wrapper
    return func(self, *args, **kwargs)
           ^^^^^^^^^^^^^^^^^^^^^^^^^^^
  File "/home/airflow/.local/lib/python3.11/site-packages/airflow/operators/python.py", line 235, in execute
    return_value = self.execute_callable()
                   ^^^^^^^^^^^^^^^^^^^^^^^
  File "/home/airflow/.local/lib/python3.11/site-packages/airflow/operators/python.py", line 252, in execute_callable
    return self.python_callable(*self.op_args, **self.op_kwargs)
           ^^^^^^^^^^^^^^^^^^^^^^^^^^^^^^^^^^^^^^^^^^^^^^^^^^^^^
  File "/opt/airflow/dags/pipeline/main.py", line 222, in check_drift
    return train_staging_model.task_id
           ^^^^^^^^^^^^^^^^^^^^^^^^^^^
AttributeError: 'PlainXComArg' object has no attribute 'task_id'
[2026-01-02T18:17:19.346+0000] {taskinstance.py:1206} INFO - Marking task as FAILED. dag_id=main_pipeline, task_id=check_drift, run_id=manual__2026-01-02T18:16:31.917529+00:00, execution_date=20260102T181631, start_date=20260102T181717, end_date=20260102T181719
[2026-01-02T18:17:19.415+0000] {standard_task_runner.py:110} ERROR - Failed to execute job 151 for task check_drift ('PlainXComArg' object has no attribute 'task_id'; 1750)
[2026-01-02T18:17:19.551+0000] {local_task_job_runner.py:243} INFO - Task exited with return code 1
[2026-01-02T18:17:19.910+0000] {taskinstance.py:3503} INFO - 0 downstream tasks scheduled from follow-on schedule check
[2026-01-02T18:17:19.953+0000] {local_task_job_runner.py:222} INFO - ::endgroup::
