[2026-01-02T11:27:09.414+0000] {local_task_job_runner.py:120} INFO - ::group::Pre task execution logs
[2026-01-02T11:27:09.580+0000] {taskinstance.py:2076} INFO - Dependencies all met for dep_context=non-requeueable deps ti=<TaskInstance: main_pipeline.train_model manual__2026-01-02T11:26:47.938198+00:00 [queued]>
[2026-01-02T11:27:09.647+0000] {taskinstance.py:2076} INFO - Dependencies all met for dep_context=requeueable deps ti=<TaskInstance: main_pipeline.train_model manual__2026-01-02T11:26:47.938198+00:00 [queued]>
[2026-01-02T11:27:09.648+0000] {taskinstance.py:2306} INFO - Starting attempt 1 of 1
[2026-01-02T11:27:09.747+0000] {taskinstance.py:2330} INFO - Executing <Task(_PythonDecoratedOperator): train_model> on 2026-01-02 11:26:47.938198+00:00
[2026-01-02T11:27:09.804+0000] {standard_task_runner.py:64} INFO - Started process 862 to run task
[2026-01-02T11:27:09.816+0000] {standard_task_runner.py:90} INFO - Running: ['***', 'tasks', 'run', 'main_pipeline', 'train_model', 'manual__2026-01-02T11:26:47.938198+00:00', '--job-id', '28', '--raw', '--subdir', 'DAGS_FOLDER/pipeline/main.py', '--cfg-path', '/tmp/tmpe73vzt_2']
[2026-01-02T11:27:09.822+0000] {standard_task_runner.py:91} INFO - Job 28: Subtask train_model
[2026-01-02T11:27:10.097+0000] {task_command.py:426} INFO - Running <TaskInstance: main_pipeline.train_model manual__2026-01-02T11:26:47.938198+00:00 [running]> on host 30eb01c40d3f
[2026-01-02T11:27:10.557+0000] {taskinstance.py:2648} INFO - Exporting env vars: AIRFLOW_CTX_DAG_OWNER='***' AIRFLOW_CTX_DAG_ID='main_pipeline' AIRFLOW_CTX_TASK_ID='train_model' AIRFLOW_CTX_EXECUTION_DATE='2026-01-02T11:26:47.938198+00:00' AIRFLOW_CTX_TRY_NUMBER='1' AIRFLOW_CTX_DAG_RUN_ID='manual__2026-01-02T11:26:47.938198+00:00'
[2026-01-02T11:27:10.560+0000] {taskinstance.py:430} INFO - ::endgroup::
[2026-01-02T11:27:13.533+0000] {logging_mixin.py:188} WARNING - /home/***/.local/lib/python3.11/site-packages/pydantic/_internal/_fields.py:161 UserWarning: Field "model_server_url" has conflict with protected namespace "model_".

You may be able to resolve this warning by setting `model_config['protected_namespaces'] = ()`.
[2026-01-02T11:27:13.581+0000] {logging_mixin.py:188} WARNING - /home/***/.local/lib/python3.11/site-packages/pydantic/_internal/_config.py:341 UserWarning: Valid config keys have changed in V2:
* 'schema_extra' has been renamed to 'json_schema_extra'
[2026-01-02T11:27:29.552+0000] {logging_mixin.py:188} INFO - !!!!!!!!!!!!!!!!!!!!!!!!!!!!!!!!!!!!!!!!!!!!!!!!!!
[2026-01-02T11:27:29.668+0000] {logging_mixin.py:188} INFO -       carat        cut color clarity  depth  table    price     x     y     z
0      0.32  Very Good     D     VS2   62.9   59.0    657.0  4.36  4.39  2.75
1      0.59      Ideal     E     VS2   61.4   58.0   1657.0  5.38  5.40  3.31
2      1.50  Very Good     D     VS2   63.8   55.0  13629.0  7.24  7.28  4.63
3      0.50      Ideal     G    VVS2   61.4   57.0   1935.0  5.13  5.10  3.14
4      1.25  Very Good     F     SI1   61.4   56.0   7956.0  6.91  6.94  4.25
...     ...        ...   ...     ...    ...    ...      ...   ...   ...   ...
4995   1.50    Premium     H     SI1   61.0   60.0   9820.0  7.33  7.27  4.45
4996   0.96       Good     F     VS2   63.7   54.0   3871.0  6.24  6.19  3.96
4997   0.72    Premium     F     SI1   59.3   60.0   2030.0  5.91  5.86  3.49
4998   1.04    Premium     H     VS2   58.7   62.0   4477.0  6.67  6.65  3.91
4999   1.50       Good     I     SI1   62.9   60.0   8161.0  7.12  7.16  4.49

[5000 rows x 10 columns]
[2026-01-02T11:27:29.669+0000] {taskinstance.py:441} INFO - ::group::Post task execution logs
[2026-01-02T11:27:29.673+0000] {taskinstance.py:2905} ERROR - Task failed with exception
Traceback (most recent call last):
  File "/home/airflow/.local/lib/python3.11/site-packages/airflow/models/taskinstance.py", line 465, in _execute_task
    result = _execute_callable(context=context, **execute_callable_kwargs)
             ^^^^^^^^^^^^^^^^^^^^^^^^^^^^^^^^^^^^^^^^^^^^^^^^^^^^^^^^^^^^^
  File "/home/airflow/.local/lib/python3.11/site-packages/airflow/models/taskinstance.py", line 432, in _execute_callable
    return execute_callable(context=context, **execute_callable_kwargs)
           ^^^^^^^^^^^^^^^^^^^^^^^^^^^^^^^^^^^^^^^^^^^^^^^^^^^^^^^^^^^^
  File "/home/airflow/.local/lib/python3.11/site-packages/airflow/models/baseoperator.py", line 401, in wrapper
    return func(self, *args, **kwargs)
           ^^^^^^^^^^^^^^^^^^^^^^^^^^^
  File "/home/airflow/.local/lib/python3.11/site-packages/airflow/decorators/base.py", line 265, in execute
    return_value = super().execute(context)
                   ^^^^^^^^^^^^^^^^^^^^^^^^
  File "/home/airflow/.local/lib/python3.11/site-packages/airflow/models/baseoperator.py", line 401, in wrapper
    return func(self, *args, **kwargs)
           ^^^^^^^^^^^^^^^^^^^^^^^^^^^
  File "/home/airflow/.local/lib/python3.11/site-packages/airflow/operators/python.py", line 235, in execute
    return_value = self.execute_callable()
                   ^^^^^^^^^^^^^^^^^^^^^^^
  File "/home/airflow/.local/lib/python3.11/site-packages/airflow/operators/python.py", line 252, in execute_callable
    return self.python_callable(*self.op_args, **self.op_kwargs)
           ^^^^^^^^^^^^^^^^^^^^^^^^^^^^^^^^^^^^^^^^^^^^^^^^^^^^^
  File "/opt/airflow/dags/pipeline/main.py", line 83, in train_model
    print(data.text)
          ^^^^^^^^^
  File "/home/airflow/.local/lib/python3.11/site-packages/pandas/core/generic.py", line 5902, in __getattr__
    return object.__getattribute__(self, name)
           ^^^^^^^^^^^^^^^^^^^^^^^^^^^^^^^^^^^
AttributeError: 'DataFrame' object has no attribute 'text'
[2026-01-02T11:27:29.769+0000] {taskinstance.py:1206} INFO - Marking task as FAILED. dag_id=main_pipeline, task_id=train_model, run_id=manual__2026-01-02T11:26:47.938198+00:00, execution_date=20260102T112647, start_date=20260102T112709, end_date=20260102T112729
[2026-01-02T11:27:29.798+0000] {standard_task_runner.py:110} ERROR - Failed to execute job 28 for task train_model ('DataFrame' object has no attribute 'text'; 862)
[2026-01-02T11:27:29.928+0000] {local_task_job_runner.py:243} INFO - Task exited with return code 1
[2026-01-02T11:27:29.989+0000] {taskinstance.py:3503} INFO - 0 downstream tasks scheduled from follow-on schedule check
[2026-01-02T11:27:30.004+0000] {local_task_job_runner.py:222} INFO - ::endgroup::
