[2025-12-28T07:54:48.606+0000] {local_task_job_runner.py:120} INFO - ::group::Pre task execution logs
[2025-12-28T07:54:48.751+0000] {taskinstance.py:2076} INFO - Dependencies all met for dep_context=non-requeueable deps ti=<TaskInstance: data_distribution_comparison.handle_report scheduled__2025-12-27T00:00:00+00:00 [queued]>
[2025-12-28T07:54:48.828+0000] {taskinstance.py:2076} INFO - Dependencies all met for dep_context=requeueable deps ti=<TaskInstance: data_distribution_comparison.handle_report scheduled__2025-12-27T00:00:00+00:00 [queued]>
[2025-12-28T07:54:48.829+0000] {taskinstance.py:2306} INFO - Starting attempt 1 of 1
[2025-12-28T07:54:48.868+0000] {taskinstance.py:2330} INFO - Executing <Task(_PythonDecoratedOperator): handle_report> on 2025-12-27 00:00:00+00:00
[2025-12-28T07:54:48.935+0000] {standard_task_runner.py:64} INFO - Started process 352 to run task
[2025-12-28T07:54:48.953+0000] {standard_task_runner.py:90} INFO - Running: ['***', 'tasks', 'run', 'data_distribution_comparison', 'handle_report', 'scheduled__2025-12-27T00:00:00+00:00', '--job-id', '10', '--raw', '--subdir', 'DAGS_FOLDER/dag_test/dag_test.py', '--cfg-path', '/tmp/tmpl_hs6akk']
[2025-12-28T07:54:48.966+0000] {standard_task_runner.py:91} INFO - Job 10: Subtask handle_report
[2025-12-28T07:54:49.179+0000] {task_command.py:426} INFO - Running <TaskInstance: data_distribution_comparison.handle_report scheduled__2025-12-27T00:00:00+00:00 [running]> on host 988a74b9d313
[2025-12-28T07:54:49.695+0000] {taskinstance.py:2648} INFO - Exporting env vars: AIRFLOW_CTX_DAG_OWNER='***' AIRFLOW_CTX_DAG_ID='data_distribution_comparison' AIRFLOW_CTX_TASK_ID='handle_report' AIRFLOW_CTX_EXECUTION_DATE='2025-12-27T00:00:00+00:00' AIRFLOW_CTX_TRY_NUMBER='1' AIRFLOW_CTX_DAG_RUN_ID='scheduled__2025-12-27T00:00:00+00:00'
[2025-12-28T07:54:49.700+0000] {taskinstance.py:430} INFO - ::endgroup::
[2025-12-28T07:54:50.666+0000] {logging_mixin.py:188} WARNING - /home/***/.local/lib/python3.11/site-packages/pydantic/_internal/_fields.py:161 UserWarning: Field "model_name" has conflict with protected namespace "model_".

You may be able to resolve this warning by setting `model_config['protected_namespaces'] = ()`.
[2025-12-28T07:54:57.991+0000] {logging_mixin.py:188} WARNING - 2025/12/28 07:54:57 INFO mlflow.store.db.utils: Creating initial MLflow database tables...
[2025-12-28T07:54:58.285+0000] {logging_mixin.py:188} WARNING - 2025/12/28 07:54:58 INFO mlflow.store.db.utils: Updating database tables
[2025-12-28T07:54:58.328+0000] {logging_mixin.py:188} WARNING - 2025/12/28 07:54:58 INFO alembic.runtime.migration: Context impl SQLiteImpl.
[2025-12-28T07:54:58.331+0000] {logging_mixin.py:188} WARNING - 2025/12/28 07:54:58 INFO alembic.runtime.migration: Will assume non-transactional DDL.
[2025-12-28T07:54:58.665+0000] {logging_mixin.py:188} WARNING - 2025/12/28 07:54:58 INFO alembic.runtime.migration: Running upgrade  -> 451aebb31d03, add metric step
[2025-12-28T07:54:58.862+0000] {logging_mixin.py:188} WARNING - 2025/12/28 07:54:58 INFO alembic.runtime.migration: Running upgrade 451aebb31d03 -> 90e64c465722, migrate user column to tags
[2025-12-28T07:54:58.917+0000] {logging_mixin.py:188} WARNING - 2025/12/28 07:54:58 INFO alembic.runtime.migration: Running upgrade 90e64c465722 -> 181f10493468, allow nulls for metric values
[2025-12-28T07:54:59.016+0000] {logging_mixin.py:188} WARNING - 2025/12/28 07:54:59 INFO alembic.runtime.migration: Running upgrade 181f10493468 -> df50e92ffc5e, Add Experiment Tags Table
[2025-12-28T07:54:59.067+0000] {logging_mixin.py:188} WARNING - 2025/12/28 07:54:59 INFO alembic.runtime.migration: Running upgrade df50e92ffc5e -> 7ac759974ad8, Update run tags with larger limit
[2025-12-28T07:54:59.158+0000] {logging_mixin.py:188} WARNING - 2025/12/28 07:54:59 INFO alembic.runtime.migration: Running upgrade 7ac759974ad8 -> 89d4b8295536, create latest metrics table
[2025-12-28T07:54:59.226+0000] {logging_mixin.py:188} WARNING - 2025/12/28 07:54:59 INFO alembic.runtime.migration: Running upgrade 89d4b8295536 -> 2b4d017a5e9b, add model registry tables to db
[2025-12-28T07:54:59.351+0000] {logging_mixin.py:188} WARNING - 2025/12/28 07:54:59 INFO alembic.runtime.migration: Running upgrade 2b4d017a5e9b -> cfd24bdc0731, Update run status constraint with killed
[2025-12-28T07:54:59.467+0000] {logging_mixin.py:188} WARNING - 2025/12/28 07:54:59 INFO alembic.runtime.migration: Running upgrade cfd24bdc0731 -> 0a8213491aaa, drop_duplicate_killed_constraint
[2025-12-28T07:54:59.527+0000] {logging_mixin.py:188} WARNING - 2025/12/28 07:54:59 INFO alembic.runtime.migration: Running upgrade 0a8213491aaa -> 728d730b5ebd, add registered model tags table
[2025-12-28T07:54:59.608+0000] {logging_mixin.py:188} WARNING - 2025/12/28 07:54:59 INFO alembic.runtime.migration: Running upgrade 728d730b5ebd -> 27a6a02d2cf1, add model version tags table
[2025-12-28T07:54:59.726+0000] {logging_mixin.py:188} WARNING - 2025/12/28 07:54:59 INFO alembic.runtime.migration: Running upgrade 27a6a02d2cf1 -> 84291f40a231, add run_link to model_version
[2025-12-28T07:54:59.842+0000] {logging_mixin.py:188} WARNING - 2025/12/28 07:54:59 INFO alembic.runtime.migration: Running upgrade 84291f40a231 -> a8c4a736bde6, allow nulls for run_id
[2025-12-28T07:54:59.915+0000] {logging_mixin.py:188} WARNING - 2025/12/28 07:54:59 INFO alembic.runtime.migration: Running upgrade a8c4a736bde6 -> 39d1c3be5f05, add_is_nan_constraint_for_metrics_tables_if_necessary
[2025-12-28T07:55:00.277+0000] {logging_mixin.py:188} WARNING - 2025/12/28 07:55:00 INFO alembic.runtime.migration: Running upgrade 39d1c3be5f05 -> c48cb773bb87, reset_default_value_for_is_nan_in_metrics_table_for_mysql
[2025-12-28T07:55:00.306+0000] {logging_mixin.py:188} WARNING - 2025/12/28 07:55:00 INFO alembic.runtime.migration: Running upgrade c48cb773bb87 -> bd07f7e963c5, create index on run_uuid
[2025-12-28T07:55:00.472+0000] {logging_mixin.py:188} WARNING - 2025/12/28 07:55:00 INFO alembic.runtime.migration: Running upgrade bd07f7e963c5 -> 0c779009ac13, add deleted_time field to runs table
[2025-12-28T07:55:00.516+0000] {logging_mixin.py:188} WARNING - 2025/12/28 07:55:00 INFO alembic.runtime.migration: Running upgrade 0c779009ac13 -> cc1f77228345, change param value length to 500
[2025-12-28T07:55:00.606+0000] {logging_mixin.py:188} WARNING - 2025/12/28 07:55:00 INFO alembic.runtime.migration: Running upgrade cc1f77228345 -> 97727af70f4d, Add creation_time and last_update_time to experiments table
[2025-12-28T07:55:00.685+0000] {logging_mixin.py:188} WARNING - 2025/12/28 07:55:00 INFO alembic.runtime.migration: Running upgrade 97727af70f4d -> 3500859a5d39, Add Model Aliases table
[2025-12-28T07:55:00.728+0000] {logging_mixin.py:188} WARNING - 2025/12/28 07:55:00 INFO alembic.runtime.migration: Running upgrade 3500859a5d39 -> 7f2a7d5fae7d, add datasets inputs input_tags tables
[2025-12-28T07:55:01.133+0000] {logging_mixin.py:188} WARNING - 2025/12/28 07:55:01 INFO alembic.runtime.migration: Running upgrade 7f2a7d5fae7d -> 2d6e25af4d3e, increase max param val length from 500 to 8000
[2025-12-28T07:55:01.282+0000] {logging_mixin.py:188} WARNING - 2025/12/28 07:55:01 INFO alembic.runtime.migration: Running upgrade 2d6e25af4d3e -> acf3f17fdcc7, add storage location field to model versions
[2025-12-28T07:55:01.379+0000] {logging_mixin.py:188} WARNING - 2025/12/28 07:55:01 INFO alembic.runtime.migration: Running upgrade acf3f17fdcc7 -> 867495a8f9d4, add trace tables
[2025-12-28T07:55:01.731+0000] {logging_mixin.py:188} WARNING - 2025/12/28 07:55:01 INFO alembic.runtime.migration: Running upgrade 867495a8f9d4 -> 5b0e9adcef9c, add cascade deletion to trace tables foreign keys
[2025-12-28T07:55:01.902+0000] {logging_mixin.py:188} WARNING - 2025/12/28 07:55:01 INFO alembic.runtime.migration: Running upgrade 5b0e9adcef9c -> 4465047574b1, increase max dataset schema size
[2025-12-28T07:55:01.951+0000] {logging_mixin.py:188} WARNING - 2025/12/28 07:55:01 INFO alembic.runtime.migration: Running upgrade 4465047574b1 -> f5a4f2784254, increase run tag value limit to 8000
[2025-12-28T07:55:02.060+0000] {logging_mixin.py:188} WARNING - 2025/12/28 07:55:02 INFO alembic.runtime.migration: Running upgrade f5a4f2784254 -> 0584bdc529eb, add cascading deletion to datasets from experiments
[2025-12-28T07:55:02.152+0000] {logging_mixin.py:188} WARNING - 2025/12/28 07:55:02 INFO alembic.runtime.migration: Running upgrade 0584bdc529eb -> 400f98739977, add logged model tables
[2025-12-28T07:55:02.417+0000] {logging_mixin.py:188} WARNING - 2025/12/28 07:55:02 INFO alembic.runtime.migration: Running upgrade 400f98739977 -> 6953534de441, add step to inputs table
[2025-12-28T07:55:02.517+0000] {logging_mixin.py:188} WARNING - 2025/12/28 07:55:02 INFO alembic.runtime.migration: Running upgrade 6953534de441 -> bda7b8c39065, increase_model_version_tag_value_limit
[2025-12-28T07:55:02.653+0000] {logging_mixin.py:188} WARNING - 2025/12/28 07:55:02 INFO alembic.runtime.migration: Running upgrade bda7b8c39065 -> cbc13b556ace, add V3 trace schema columns
[2025-12-28T07:55:02.768+0000] {logging_mixin.py:188} WARNING - 2025/12/28 07:55:02 INFO alembic.runtime.migration: Running upgrade cbc13b556ace -> 770bee3ae1dd, add assessments table
[2025-12-28T07:55:03.065+0000] {logging_mixin.py:188} WARNING - 2025/12/28 07:55:03 INFO alembic.runtime.migration: Running upgrade 770bee3ae1dd -> a1b2c3d4e5f6, add spans table
[2025-12-28T07:55:03.337+0000] {logging_mixin.py:188} WARNING - 2025/12/28 07:55:03 INFO alembic.runtime.migration: Running upgrade a1b2c3d4e5f6 -> de4033877273, create entity_associations table
[2025-12-28T07:55:03.541+0000] {logging_mixin.py:188} WARNING - 2025/12/28 07:55:03 INFO alembic.runtime.migration: Running upgrade de4033877273 -> 1a0cddfcaa16, Add webhooks and webhook_events tables
[2025-12-28T07:55:03.827+0000] {logging_mixin.py:188} WARNING - 2025/12/28 07:55:03 INFO alembic.runtime.migration: Running upgrade 1a0cddfcaa16 -> 534353b11cbc, add scorer tables
[2025-12-28T07:55:04.010+0000] {logging_mixin.py:188} WARNING - 2025/12/28 07:55:04 INFO alembic.runtime.migration: Running upgrade 534353b11cbc -> 71994744cf8e, add evaluation datasets
[2025-12-28T07:55:04.540+0000] {logging_mixin.py:188} WARNING - 2025/12/28 07:55:04 INFO alembic.runtime.migration: Running upgrade 71994744cf8e -> 3da73c924c2f, add outputs to dataset record
[2025-12-28T07:55:04.631+0000] {logging_mixin.py:188} WARNING - 2025/12/28 07:55:04 INFO alembic.runtime.migration: Running upgrade 3da73c924c2f -> bf29a5ff90ea, add jobs table
[2025-12-28T07:55:04.796+0000] {logging_mixin.py:188} WARNING - 2025/12/28 07:55:04 INFO alembic.runtime.migration: Running upgrade bf29a5ff90ea -> 1bd49d398cd23, add secrets tables
[2025-12-28T07:55:05.725+0000] {logging_mixin.py:188} WARNING - 2025/12/28 07:55:05 INFO alembic.runtime.migration: Context impl SQLiteImpl.
[2025-12-28T07:55:05.726+0000] {logging_mixin.py:188} WARNING - 2025/12/28 07:55:05 INFO alembic.runtime.migration: Will assume non-transactional DDL.
[2025-12-28T07:55:05.810+0000] {logging_mixin.py:188} WARNING - 2025/12/28 07:55:05 INFO mlflow.tracking.fluent: Experiment with name 'test' does not exist. Creating a new experiment.
[2025-12-28T07:55:05.922+0000] {logging_mixin.py:188} INFO - Connected to MLFlow
[2025-12-28T07:55:09.894+0000] {logging_mixin.py:188} WARNING - 2025/12/28 07:55:09 WARNING mlflow.utils.git_utils: Failed to import Git (the Git executable is probably not on your PATH), so Git SHA is not available. Error: Failed to initialize: Bad git executable.
The git executable must be specified in one of the following ways:
    - be included in your $PATH
    - be set via $GIT_PYTHON_GIT_EXECUTABLE
    - explicitly set via git.refresh(<full-path-to-git-executable>)

All git commands will error until this is rectified.

This initial message can be silenced or aggravated in the future by setting the
$GIT_PYTHON_REFRESH environment variable. Use one of the following values:
    - quiet|q|silence|s|silent|none|n|0: for no message or exception
    - warn|w|warning|log|l|1: for a warning message (logging level CRITICAL, displayed by default)
    - error|e|exception|raise|r|2: for a raised exception

Example:
    export GIT_PYTHON_REFRESH=quiet
[2025-12-28T07:55:10.180+0000] {logging_mixin.py:188} INFO - No data drift detected
[2025-12-28T07:55:10.182+0000] {python.py:237} INFO - Done. Returned value was: {}
[2025-12-28T07:55:10.182+0000] {taskinstance.py:441} INFO - ::group::Post task execution logs
[2025-12-28T07:55:10.285+0000] {taskinstance.py:1206} INFO - Marking task as SUCCESS. dag_id=data_distribution_comparison, task_id=handle_report, run_id=scheduled__2025-12-27T00:00:00+00:00, execution_date=20251227T000000, start_date=20251228T075448, end_date=20251228T075510
[2025-12-28T07:55:10.415+0000] {local_task_job_runner.py:243} INFO - Task exited with return code 0
[2025-12-28T07:55:10.496+0000] {taskinstance.py:3503} INFO - 0 downstream tasks scheduled from follow-on schedule check
[2025-12-28T07:55:10.505+0000] {local_task_job_runner.py:222} INFO - ::endgroup::
[2025-12-28T09:53:45.453+0000] {local_task_job_runner.py:120} INFO - ::group::Pre task execution logs
[2025-12-28T09:53:45.614+0000] {taskinstance.py:2076} INFO - Dependencies all met for dep_context=non-requeueable deps ti=<TaskInstance: data_distribution_comparison.handle_report scheduled__2025-12-27T00:00:00+00:00 [queued]>
[2025-12-28T09:53:45.658+0000] {taskinstance.py:2076} INFO - Dependencies all met for dep_context=requeueable deps ti=<TaskInstance: data_distribution_comparison.handle_report scheduled__2025-12-27T00:00:00+00:00 [queued]>
[2025-12-28T09:53:45.662+0000] {taskinstance.py:2306} INFO - Starting attempt 1 of 1
[2025-12-28T09:53:45.734+0000] {taskinstance.py:2330} INFO - Executing <Task(_PythonDecoratedOperator): handle_report> on 2025-12-27 00:00:00+00:00
[2025-12-28T09:53:45.773+0000] {standard_task_runner.py:64} INFO - Started process 279 to run task
[2025-12-28T09:53:45.790+0000] {standard_task_runner.py:90} INFO - Running: ['***', 'tasks', 'run', 'data_distribution_comparison', 'handle_report', 'scheduled__2025-12-27T00:00:00+00:00', '--job-id', '8', '--raw', '--subdir', 'DAGS_FOLDER/dag_test/dag_test.py', '--cfg-path', '/tmp/tmph2avk16i']
[2025-12-28T09:53:45.811+0000] {standard_task_runner.py:91} INFO - Job 8: Subtask handle_report
[2025-12-28T09:53:46.167+0000] {task_command.py:426} INFO - Running <TaskInstance: data_distribution_comparison.handle_report scheduled__2025-12-27T00:00:00+00:00 [running]> on host 46629e0044cf
[2025-12-28T09:53:46.782+0000] {taskinstance.py:2648} INFO - Exporting env vars: AIRFLOW_CTX_DAG_OWNER='***' AIRFLOW_CTX_DAG_ID='data_distribution_comparison' AIRFLOW_CTX_TASK_ID='handle_report' AIRFLOW_CTX_EXECUTION_DATE='2025-12-27T00:00:00+00:00' AIRFLOW_CTX_TRY_NUMBER='1' AIRFLOW_CTX_DAG_RUN_ID='scheduled__2025-12-27T00:00:00+00:00'
[2025-12-28T09:53:46.786+0000] {taskinstance.py:430} INFO - ::endgroup::
[2025-12-28T09:53:47.604+0000] {logging_mixin.py:188} WARNING - /home/***/.local/lib/python3.11/site-packages/pydantic/_internal/_fields.py:161 UserWarning: Field "model_name" has conflict with protected namespace "model_".

You may be able to resolve this warning by setting `model_config['protected_namespaces'] = ()`.
[2025-12-28T09:53:54.008+0000] {logging_mixin.py:188} WARNING - 2025/12/28 09:53:54 INFO mlflow.store.db.utils: Creating initial MLflow database tables...
[2025-12-28T09:53:54.261+0000] {taskinstance.py:441} INFO - ::group::Post task execution logs
[2025-12-28T09:53:54.262+0000] {taskinstance.py:2905} ERROR - Task failed with exception
Traceback (most recent call last):
  File "/home/airflow/.local/lib/python3.11/site-packages/sqlalchemy/engine/base.py", line 1910, in _execute_context
    self.dialect.do_execute(
  File "/home/airflow/.local/lib/python3.11/site-packages/sqlalchemy/engine/default.py", line 736, in do_execute
    cursor.execute(statement, parameters)
sqlite3.OperationalError: table experiments already exists

The above exception was the direct cause of the following exception:

Traceback (most recent call last):
  File "/home/airflow/.local/lib/python3.11/site-packages/airflow/models/taskinstance.py", line 465, in _execute_task
    result = _execute_callable(context=context, **execute_callable_kwargs)
             ^^^^^^^^^^^^^^^^^^^^^^^^^^^^^^^^^^^^^^^^^^^^^^^^^^^^^^^^^^^^^
  File "/home/airflow/.local/lib/python3.11/site-packages/airflow/models/taskinstance.py", line 432, in _execute_callable
    return execute_callable(context=context, **execute_callable_kwargs)
           ^^^^^^^^^^^^^^^^^^^^^^^^^^^^^^^^^^^^^^^^^^^^^^^^^^^^^^^^^^^^
  File "/home/airflow/.local/lib/python3.11/site-packages/airflow/models/baseoperator.py", line 401, in wrapper
    return func(self, *args, **kwargs)
           ^^^^^^^^^^^^^^^^^^^^^^^^^^^
  File "/home/airflow/.local/lib/python3.11/site-packages/airflow/decorators/base.py", line 265, in execute
    return_value = super().execute(context)
                   ^^^^^^^^^^^^^^^^^^^^^^^^
  File "/home/airflow/.local/lib/python3.11/site-packages/airflow/models/baseoperator.py", line 401, in wrapper
    return func(self, *args, **kwargs)
           ^^^^^^^^^^^^^^^^^^^^^^^^^^^
  File "/home/airflow/.local/lib/python3.11/site-packages/airflow/operators/python.py", line 235, in execute
    return_value = self.execute_callable()
                   ^^^^^^^^^^^^^^^^^^^^^^^
  File "/home/airflow/.local/lib/python3.11/site-packages/airflow/operators/python.py", line 252, in execute_callable
    return self.python_callable(*self.op_args, **self.op_kwargs)
           ^^^^^^^^^^^^^^^^^^^^^^^^^^^^^^^^^^^^^^^^^^^^^^^^^^^^^
  File "/opt/airflow/dags/dag_test/dag_test.py", line 68, in handle_report
    mlflow.set_experiment("test")
  File "/home/airflow/.local/lib/python3.11/site-packages/mlflow/tracking/fluent.py", line 185, in set_experiment
    client = TrackingServiceClient(_resolve_tracking_uri())
             ^^^^^^^^^^^^^^^^^^^^^^^^^^^^^^^^^^^^^^^^^^^^^^
  File "/home/airflow/.local/lib/python3.11/site-packages/mlflow/tracking/_tracking_service/client.py", line 96, in __init__
    self.store
  File "/home/airflow/.local/lib/python3.11/site-packages/mlflow/tracking/_tracking_service/client.py", line 100, in store
    return utils._get_store(self.tracking_uri)
           ^^^^^^^^^^^^^^^^^^^^^^^^^^^^^^^^^^^
  File "/home/airflow/.local/lib/python3.11/site-packages/mlflow/tracking/_tracking_service/utils.py", line 253, in _get_store
    return _tracking_store_registry.get_store(store_uri, artifact_uri)
           ^^^^^^^^^^^^^^^^^^^^^^^^^^^^^^^^^^^^^^^^^^^^^^^^^^^^^^^^^^^
  File "/home/airflow/.local/lib/python3.11/site-packages/mlflow/tracking/_tracking_service/registry.py", line 45, in get_store
    return self._get_store_with_resolved_uri(resolved_store_uri, artifact_uri)
           ^^^^^^^^^^^^^^^^^^^^^^^^^^^^^^^^^^^^^^^^^^^^^^^^^^^^^^^^^^^^^^^^^^^
  File "/home/airflow/.local/lib/python3.11/site-packages/mlflow/tracking/_tracking_service/registry.py", line 56, in _get_store_with_resolved_uri
    return builder(store_uri=resolved_store_uri, artifact_uri=artifact_uri)
           ^^^^^^^^^^^^^^^^^^^^^^^^^^^^^^^^^^^^^^^^^^^^^^^^^^^^^^^^^^^^^^^^
  File "/home/airflow/.local/lib/python3.11/site-packages/mlflow/tracking/_tracking_service/utils.py", line 185, in _get_sqlalchemy_store
    return SqlAlchemyStore(store_uri, artifact_uri)
           ^^^^^^^^^^^^^^^^^^^^^^^^^^^^^^^^^^^^^^^^
  File "/home/airflow/.local/lib/python3.11/site-packages/mlflow/store/tracking/sqlalchemy_store.py", line 256, in __init__
    mlflow.store.db.utils._initialize_tables(self.engine)
  File "/home/airflow/.local/lib/python3.11/site-packages/mlflow/store/db/utils.py", line 116, in _initialize_tables
    InitialBase.metadata.create_all(engine)
  File "/home/airflow/.local/lib/python3.11/site-packages/sqlalchemy/sql/schema.py", line 4930, in create_all
    bind._run_ddl_visitor(
  File "/home/airflow/.local/lib/python3.11/site-packages/sqlalchemy/engine/base.py", line 3238, in _run_ddl_visitor
    conn._run_ddl_visitor(visitorcallable, element, **kwargs)
  File "/home/airflow/.local/lib/python3.11/site-packages/sqlalchemy/engine/base.py", line 2221, in _run_ddl_visitor
    visitorcallable(self.dialect, self, **kwargs).traverse_single(element)
  File "/home/airflow/.local/lib/python3.11/site-packages/sqlalchemy/sql/visitors.py", line 524, in traverse_single
    return meth(obj, **kw)
           ^^^^^^^^^^^^^^^
  File "/home/airflow/.local/lib/python3.11/site-packages/sqlalchemy/sql/ddl.py", line 855, in visit_metadata
    self.traverse_single(
  File "/home/airflow/.local/lib/python3.11/site-packages/sqlalchemy/sql/visitors.py", line 524, in traverse_single
    return meth(obj, **kw)
           ^^^^^^^^^^^^^^^
  File "/home/airflow/.local/lib/python3.11/site-packages/sqlalchemy/sql/ddl.py", line 899, in visit_table
    self.connection.execute(
  File "/home/airflow/.local/lib/python3.11/site-packages/sqlalchemy/engine/base.py", line 1385, in execute
    return meth(self, multiparams, params, _EMPTY_EXECUTION_OPTS)
           ^^^^^^^^^^^^^^^^^^^^^^^^^^^^^^^^^^^^^^^^^^^^^^^^^^^^^^
  File "/home/airflow/.local/lib/python3.11/site-packages/sqlalchemy/sql/ddl.py", line 80, in _execute_on_connection
    return connection._execute_ddl(
           ^^^^^^^^^^^^^^^^^^^^^^^^
  File "/home/airflow/.local/lib/python3.11/site-packages/sqlalchemy/engine/base.py", line 1477, in _execute_ddl
    ret = self._execute_context(
          ^^^^^^^^^^^^^^^^^^^^^^
  File "/home/airflow/.local/lib/python3.11/site-packages/sqlalchemy/engine/base.py", line 1953, in _execute_context
    self._handle_dbapi_exception(
  File "/home/airflow/.local/lib/python3.11/site-packages/sqlalchemy/engine/base.py", line 2134, in _handle_dbapi_exception
    util.raise_(
  File "/home/airflow/.local/lib/python3.11/site-packages/sqlalchemy/util/compat.py", line 211, in raise_
    raise exception
  File "/home/airflow/.local/lib/python3.11/site-packages/sqlalchemy/engine/base.py", line 1910, in _execute_context
    self.dialect.do_execute(
  File "/home/airflow/.local/lib/python3.11/site-packages/sqlalchemy/engine/default.py", line 736, in do_execute
    cursor.execute(statement, parameters)
sqlalchemy.exc.OperationalError: (sqlite3.OperationalError) table experiments already exists
[SQL: 
CREATE TABLE experiments (
	experiment_id INTEGER NOT NULL, 
	name VARCHAR(256) NOT NULL, 
	artifact_location VARCHAR(256), 
	lifecycle_stage VARCHAR(32), 
	CONSTRAINT experiment_pk PRIMARY KEY (experiment_id), 
	CONSTRAINT experiments_lifecycle_stage CHECK (lifecycle_stage IN ('active', 'deleted')), 
	UNIQUE (name)
)

]
(Background on this error at: https://sqlalche.me/e/14/e3q8)
[2025-12-28T09:53:54.483+0000] {taskinstance.py:1206} INFO - Marking task as FAILED. dag_id=data_distribution_comparison, task_id=handle_report, run_id=scheduled__2025-12-27T00:00:00+00:00, execution_date=20251227T000000, start_date=20251228T095345, end_date=20251228T095354
[2025-12-28T09:53:54.536+0000] {standard_task_runner.py:110} ERROR - Failed to execute job 8 for task handle_report ((sqlite3.OperationalError) table experiments already exists
[SQL: 
CREATE TABLE experiments (
	experiment_id INTEGER NOT NULL, 
	name VARCHAR(256) NOT NULL, 
	artifact_location VARCHAR(256), 
	lifecycle_stage VARCHAR(32), 
	CONSTRAINT experiment_pk PRIMARY KEY (experiment_id), 
	CONSTRAINT experiments_lifecycle_stage CHECK (lifecycle_stage IN ('active', 'deleted')), 
	UNIQUE (name)
)

]
(Background on this error at: https://sqlalche.me/e/14/e3q8); 279)
[2025-12-28T09:53:54.665+0000] {local_task_job_runner.py:243} INFO - Task exited with return code 1
[2025-12-28T09:53:54.772+0000] {taskinstance.py:3503} INFO - 0 downstream tasks scheduled from follow-on schedule check
[2025-12-28T09:53:54.948+0000] {local_task_job_runner.py:222} INFO - ::endgroup::
[2025-12-28T13:07:56.799+0000] {local_task_job_runner.py:120} INFO - ::group::Pre task execution logs
[2025-12-28T13:07:57.644+0000] {taskinstance.py:2076} INFO - Dependencies all met for dep_context=non-requeueable deps ti=<TaskInstance: data_distribution_comparison.handle_report scheduled__2025-12-27T00:00:00+00:00 [queued]>
[2025-12-28T13:07:57.718+0000] {taskinstance.py:2076} INFO - Dependencies all met for dep_context=requeueable deps ti=<TaskInstance: data_distribution_comparison.handle_report scheduled__2025-12-27T00:00:00+00:00 [queued]>
[2025-12-28T13:07:57.720+0000] {taskinstance.py:2306} INFO - Starting attempt 1 of 1
[2025-12-28T13:07:57.855+0000] {taskinstance.py:2330} INFO - Executing <Task(_PythonDecoratedOperator): handle_report> on 2025-12-27 00:00:00+00:00
[2025-12-28T13:07:58.011+0000] {standard_task_runner.py:64} INFO - Started process 466 to run task
[2025-12-28T13:07:58.037+0000] {standard_task_runner.py:90} INFO - Running: ['***', 'tasks', 'run', 'data_distribution_comparison', 'handle_report', 'scheduled__2025-12-27T00:00:00+00:00', '--job-id', '11', '--raw', '--subdir', 'DAGS_FOLDER/dag_test/dag_test.py', '--cfg-path', '/tmp/tmpz1n76iwm']
[2025-12-28T13:07:58.049+0000] {standard_task_runner.py:91} INFO - Job 11: Subtask handle_report
[2025-12-28T13:07:58.569+0000] {task_command.py:426} INFO - Running <TaskInstance: data_distribution_comparison.handle_report scheduled__2025-12-27T00:00:00+00:00 [running]> on host 808703d7a6a8
[2025-12-28T13:07:59.270+0000] {taskinstance.py:2648} INFO - Exporting env vars: AIRFLOW_CTX_DAG_OWNER='***' AIRFLOW_CTX_DAG_ID='data_distribution_comparison' AIRFLOW_CTX_TASK_ID='handle_report' AIRFLOW_CTX_EXECUTION_DATE='2025-12-27T00:00:00+00:00' AIRFLOW_CTX_TRY_NUMBER='1' AIRFLOW_CTX_DAG_RUN_ID='scheduled__2025-12-27T00:00:00+00:00'
[2025-12-28T13:07:59.277+0000] {taskinstance.py:430} INFO - ::endgroup::
[2025-12-28T13:08:07.399+0000] {logging_mixin.py:188} WARNING - /home/***/.local/lib/python3.11/site-packages/pydantic/_internal/_fields.py:161 UserWarning: Field "model_server_url" has conflict with protected namespace "model_".

You may be able to resolve this warning by setting `model_config['protected_namespaces'] = ()`.
[2025-12-28T13:08:07.427+0000] {logging_mixin.py:188} WARNING - /home/***/.local/lib/python3.11/site-packages/pydantic/_internal/_config.py:341 UserWarning: Valid config keys have changed in V2:
* 'schema_extra' has been renamed to 'json_schema_extra'
[2025-12-28T13:08:07.621+0000] {logging_mixin.py:188} WARNING - 2025/12/28 13:08:07 INFO mlflow.tracking.fluent: Experiment with name 'test' does not exist. Creating a new experiment.
[2025-12-28T13:08:07.638+0000] {taskinstance.py:441} INFO - ::group::Post task execution logs
[2025-12-28T13:08:07.641+0000] {taskinstance.py:2905} ERROR - Task failed with exception
Traceback (most recent call last):
  File "/home/airflow/.local/lib/python3.11/site-packages/airflow/models/taskinstance.py", line 465, in _execute_task
    result = _execute_callable(context=context, **execute_callable_kwargs)
             ^^^^^^^^^^^^^^^^^^^^^^^^^^^^^^^^^^^^^^^^^^^^^^^^^^^^^^^^^^^^^
  File "/home/airflow/.local/lib/python3.11/site-packages/airflow/models/taskinstance.py", line 432, in _execute_callable
    return execute_callable(context=context, **execute_callable_kwargs)
           ^^^^^^^^^^^^^^^^^^^^^^^^^^^^^^^^^^^^^^^^^^^^^^^^^^^^^^^^^^^^
  File "/home/airflow/.local/lib/python3.11/site-packages/airflow/models/baseoperator.py", line 401, in wrapper
    return func(self, *args, **kwargs)
           ^^^^^^^^^^^^^^^^^^^^^^^^^^^
  File "/home/airflow/.local/lib/python3.11/site-packages/airflow/decorators/base.py", line 265, in execute
    return_value = super().execute(context)
                   ^^^^^^^^^^^^^^^^^^^^^^^^
  File "/home/airflow/.local/lib/python3.11/site-packages/airflow/models/baseoperator.py", line 401, in wrapper
    return func(self, *args, **kwargs)
           ^^^^^^^^^^^^^^^^^^^^^^^^^^^
  File "/home/airflow/.local/lib/python3.11/site-packages/airflow/operators/python.py", line 235, in execute
    return_value = self.execute_callable()
                   ^^^^^^^^^^^^^^^^^^^^^^^
  File "/home/airflow/.local/lib/python3.11/site-packages/airflow/operators/python.py", line 252, in execute_callable
    return self.python_callable(*self.op_args, **self.op_kwargs)
           ^^^^^^^^^^^^^^^^^^^^^^^^^^^^^^^^^^^^^^^^^^^^^^^^^^^^^
  File "/opt/airflow/dags/dag_test/dag_test.py", line 68, in handle_report
    mlflow.set_experiment("test")
  File "/home/airflow/.local/lib/python3.11/site-packages/mlflow/tracking/fluent.py", line 137, in set_experiment
    experiment_id = client.create_experiment(experiment_name)
                    ^^^^^^^^^^^^^^^^^^^^^^^^^^^^^^^^^^^^^^^^^
  File "/home/airflow/.local/lib/python3.11/site-packages/mlflow/tracking/client.py", line 558, in create_experiment
    return self._tracking_client.create_experiment(name, artifact_location, tags)
           ^^^^^^^^^^^^^^^^^^^^^^^^^^^^^^^^^^^^^^^^^^^^^^^^^^^^^^^^^^^^^^^^^^^^^^
  File "/home/airflow/.local/lib/python3.11/site-packages/mlflow/tracking/_tracking_service/client.py", line 234, in create_experiment
    return self.store.create_experiment(
           ^^^^^^^^^^^^^^^^^^^^^^^^^^^^^
  File "/home/airflow/.local/lib/python3.11/site-packages/mlflow/store/tracking/file_store.py", line 380, in create_experiment
    self._validate_experiment_does_not_exist(name)
  File "/home/airflow/.local/lib/python3.11/site-packages/mlflow/store/tracking/file_store.py", line 372, in _validate_experiment_does_not_exist
    raise MlflowException(
mlflow.exceptions.MlflowException: Experiment 'test' already exists.
[2025-12-28T13:08:07.749+0000] {taskinstance.py:1206} INFO - Marking task as FAILED. dag_id=data_distribution_comparison, task_id=handle_report, run_id=scheduled__2025-12-27T00:00:00+00:00, execution_date=20251227T000000, start_date=20251228T130757, end_date=20251228T130807
[2025-12-28T13:08:07.834+0000] {standard_task_runner.py:110} ERROR - Failed to execute job 11 for task handle_report (Experiment 'test' already exists.; 466)
[2025-12-28T13:08:07.988+0000] {local_task_job_runner.py:243} INFO - Task exited with return code 1
[2025-12-28T13:08:08.061+0000] {taskinstance.py:3503} INFO - 0 downstream tasks scheduled from follow-on schedule check
[2025-12-28T13:08:08.082+0000] {local_task_job_runner.py:222} INFO - ::endgroup::
[2025-12-28T15:21:06.114+0000] {local_task_job_runner.py:120} INFO - ::group::Pre task execution logs
[2025-12-28T15:21:06.434+0000] {taskinstance.py:2076} INFO - Dependencies all met for dep_context=non-requeueable deps ti=<TaskInstance: data_distribution_comparison.handle_report scheduled__2025-12-27T00:00:00+00:00 [queued]>
[2025-12-28T15:21:06.531+0000] {taskinstance.py:2076} INFO - Dependencies all met for dep_context=requeueable deps ti=<TaskInstance: data_distribution_comparison.handle_report scheduled__2025-12-27T00:00:00+00:00 [queued]>
[2025-12-28T15:21:06.539+0000] {taskinstance.py:2306} INFO - Starting attempt 1 of 1
[2025-12-28T15:21:06.716+0000] {taskinstance.py:2330} INFO - Executing <Task(_PythonDecoratedOperator): handle_report> on 2025-12-27 00:00:00+00:00
[2025-12-28T15:21:06.817+0000] {standard_task_runner.py:64} INFO - Started process 377 to run task
[2025-12-28T15:21:06.842+0000] {standard_task_runner.py:90} INFO - Running: ['***', 'tasks', 'run', 'data_distribution_comparison', 'handle_report', 'scheduled__2025-12-27T00:00:00+00:00', '--job-id', '6', '--raw', '--subdir', 'DAGS_FOLDER/dag_test/dag_test.py', '--cfg-path', '/tmp/tmpk01vg260']
[2025-12-28T15:21:06.859+0000] {standard_task_runner.py:91} INFO - Job 6: Subtask handle_report
[2025-12-28T15:21:07.464+0000] {task_command.py:426} INFO - Running <TaskInstance: data_distribution_comparison.handle_report scheduled__2025-12-27T00:00:00+00:00 [running]> on host 298f1553f9dd
[2025-12-28T15:21:08.283+0000] {taskinstance.py:2648} INFO - Exporting env vars: AIRFLOW_CTX_DAG_OWNER='***' AIRFLOW_CTX_DAG_ID='data_distribution_comparison' AIRFLOW_CTX_TASK_ID='handle_report' AIRFLOW_CTX_EXECUTION_DATE='2025-12-27T00:00:00+00:00' AIRFLOW_CTX_TRY_NUMBER='1' AIRFLOW_CTX_DAG_RUN_ID='scheduled__2025-12-27T00:00:00+00:00'
[2025-12-28T15:21:08.286+0000] {taskinstance.py:430} INFO - ::endgroup::
[2025-12-28T15:21:12.528+0000] {logging_mixin.py:188} WARNING - /home/***/.local/lib/python3.11/site-packages/pydantic/_internal/_fields.py:161 UserWarning: Field "model_server_url" has conflict with protected namespace "model_".

You may be able to resolve this warning by setting `model_config['protected_namespaces'] = ()`.
[2025-12-28T15:21:12.619+0000] {logging_mixin.py:188} WARNING - /home/***/.local/lib/python3.11/site-packages/pydantic/_internal/_config.py:341 UserWarning: Valid config keys have changed in V2:
* 'schema_extra' has been renamed to 'json_schema_extra'
[2025-12-28T15:21:12.778+0000] {logging_mixin.py:188} WARNING - 2025/12/28 15:21:12 INFO mlflow.tracking.fluent: Experiment with name 'test' does not exist. Creating a new experiment.
[2025-12-28T15:21:12.797+0000] {logging_mixin.py:188} INFO - Connected to MLFlow
[2025-12-28T15:21:14.965+0000] {logging_mixin.py:188} WARNING - 2025/12/28 15:21:14 WARNING mlflow.utils.git_utils: Failed to import Git (the Git executable is probably not on your PATH), so Git SHA is not available. Error: Failed to initialize: Bad git executable.
The git executable must be specified in one of the following ways:
    - be included in your $PATH
    - be set via $GIT_PYTHON_GIT_EXECUTABLE
    - explicitly set via git.refresh(<full-path-to-git-executable>)

All git commands will error until this is rectified.

This initial message can be silenced or aggravated in the future by setting the
$GIT_PYTHON_REFRESH environment variable. Use one of the following values:
    - quiet|q|silence|s|silent|none|n|0: for no message or exception
    - warn|w|warning|log|l|1: for a warning message (logging level CRITICAL, displayed by default)
    - error|e|exception|raise|r|2: for a raised exception

Example:
    export GIT_PYTHON_REFRESH=quiet
[2025-12-28T15:21:15.073+0000] {logging_mixin.py:188} INFO - No data drift detected
[2025-12-28T15:21:15.073+0000] {python.py:237} INFO - Done. Returned value was: {}
[2025-12-28T15:21:15.075+0000] {taskinstance.py:441} INFO - ::group::Post task execution logs
[2025-12-28T15:21:15.206+0000] {taskinstance.py:1206} INFO - Marking task as SUCCESS. dag_id=data_distribution_comparison, task_id=handle_report, run_id=scheduled__2025-12-27T00:00:00+00:00, execution_date=20251227T000000, start_date=20251228T152106, end_date=20251228T152115
[2025-12-28T15:21:15.403+0000] {local_task_job_runner.py:243} INFO - Task exited with return code 0
[2025-12-28T15:21:15.517+0000] {taskinstance.py:3503} INFO - 0 downstream tasks scheduled from follow-on schedule check
[2025-12-28T15:21:15.534+0000] {local_task_job_runner.py:222} INFO - ::endgroup::
