[2026-01-03T15:08:33.948+0000] {local_task_job_runner.py:120} INFO - ::group::Pre task execution logs
[2026-01-03T15:08:34.218+0000] {taskinstance.py:2076} INFO - Dependencies all met for dep_context=non-requeueable deps ti=<TaskInstance: main_pipeline.compare_distributions manual__2026-01-03T15:07:40.617071+00:00 [queued]>
[2026-01-03T15:08:34.317+0000] {taskinstance.py:2076} INFO - Dependencies all met for dep_context=requeueable deps ti=<TaskInstance: main_pipeline.compare_distributions manual__2026-01-03T15:07:40.617071+00:00 [queued]>
[2026-01-03T15:08:34.320+0000] {taskinstance.py:2306} INFO - Starting attempt 1 of 1
[2026-01-03T15:08:34.432+0000] {taskinstance.py:2330} INFO - Executing <Task(_PythonDecoratedOperator): compare_distributions> on 2026-01-03 15:07:40.617071+00:00
[2026-01-03T15:08:34.491+0000] {standard_task_runner.py:64} INFO - Started process 6135 to run task
[2026-01-03T15:08:34.515+0000] {standard_task_runner.py:90} INFO - Running: ['***', 'tasks', 'run', 'main_pipeline', 'compare_distributions', 'manual__2026-01-03T15:07:40.617071+00:00', '--job-id', '275', '--raw', '--subdir', 'DAGS_FOLDER/pipeline/main.py', '--cfg-path', '/tmp/tmpg_3url27']
[2026-01-03T15:08:34.527+0000] {standard_task_runner.py:91} INFO - Job 275: Subtask compare_distributions
[2026-01-03T15:08:34.971+0000] {task_command.py:426} INFO - Running <TaskInstance: main_pipeline.compare_distributions manual__2026-01-03T15:07:40.617071+00:00 [running]> on host 8574a19215f6
[2026-01-03T15:08:35.768+0000] {taskinstance.py:2648} INFO - Exporting env vars: AIRFLOW_CTX_DAG_OWNER='***' AIRFLOW_CTX_DAG_ID='main_pipeline' AIRFLOW_CTX_TASK_ID='compare_distributions' AIRFLOW_CTX_EXECUTION_DATE='2026-01-03T15:07:40.617071+00:00' AIRFLOW_CTX_TRY_NUMBER='1' AIRFLOW_CTX_DAG_RUN_ID='manual__2026-01-03T15:07:40.617071+00:00'
[2026-01-03T15:08:35.780+0000] {taskinstance.py:430} INFO - ::endgroup::
[2026-01-03T15:08:39.123+0000] {credentials.py:1147} INFO - Found credentials in environment variables.
[2026-01-03T15:08:41.012+0000] {logging_mixin.py:188} WARNING - Downloading artifacts:   0%|          | 0/1 [00:00<?, ?it/s]
[2026-01-03T15:08:41.051+0000] {logging_mixin.py:188} WARNING - Downloading artifacts: 100%|##########| 1/1 [00:00<00:00, 27.10it/s]
[2026-01-03T15:08:41.052+0000] {logging_mixin.py:188} WARNING - Downloading artifacts: 100%|##########| 1/1 [00:00<00:00, 25.77it/s]
[2026-01-03T15:08:41.098+0000] {taskinstance.py:441} INFO - ::group::Post task execution logs
[2026-01-03T15:08:41.103+0000] {taskinstance.py:2905} ERROR - Task failed with exception
Traceback (most recent call last):
  File "/home/airflow/.local/lib/python3.11/site-packages/airflow/models/taskinstance.py", line 465, in _execute_task
    result = _execute_callable(context=context, **execute_callable_kwargs)
             ^^^^^^^^^^^^^^^^^^^^^^^^^^^^^^^^^^^^^^^^^^^^^^^^^^^^^^^^^^^^^
  File "/home/airflow/.local/lib/python3.11/site-packages/airflow/models/taskinstance.py", line 432, in _execute_callable
    return execute_callable(context=context, **execute_callable_kwargs)
           ^^^^^^^^^^^^^^^^^^^^^^^^^^^^^^^^^^^^^^^^^^^^^^^^^^^^^^^^^^^^
  File "/home/airflow/.local/lib/python3.11/site-packages/airflow/models/baseoperator.py", line 401, in wrapper
    return func(self, *args, **kwargs)
           ^^^^^^^^^^^^^^^^^^^^^^^^^^^
  File "/home/airflow/.local/lib/python3.11/site-packages/airflow/decorators/base.py", line 265, in execute
    return_value = super().execute(context)
                   ^^^^^^^^^^^^^^^^^^^^^^^^
  File "/home/airflow/.local/lib/python3.11/site-packages/airflow/models/baseoperator.py", line 401, in wrapper
    return func(self, *args, **kwargs)
           ^^^^^^^^^^^^^^^^^^^^^^^^^^^
  File "/home/airflow/.local/lib/python3.11/site-packages/airflow/operators/python.py", line 235, in execute
    return_value = self.execute_callable()
                   ^^^^^^^^^^^^^^^^^^^^^^^
  File "/home/airflow/.local/lib/python3.11/site-packages/airflow/operators/python.py", line 252, in execute_callable
    return self.python_callable(*self.op_args, **self.op_kwargs)
           ^^^^^^^^^^^^^^^^^^^^^^^^^^^^^^^^^^^^^^^^^^^^^^^^^^^^^
  File "/opt/airflow/dags/pipeline/main.py", line 171, in compare_distributions
    update_traffic(a_traffic=0.5, data_size=5000, drift_cols=selected_features)
  File "/opt/airflow/dags/pipeline/get_data.py", line 39, in update_traffic
    response = requests.post(url, json=payload, proxies={"http": None, "https": None})
               ^^^^^^^^^^^^^^^^^^^^^^^^^^^^^^^^^^^^^^^^^^^^^^^^^^^^^^^^^^^^^^^^^^^^^^^
  File "/home/airflow/.local/lib/python3.11/site-packages/requests/api.py", line 115, in post
    return request("post", url, data=data, json=json, **kwargs)
           ^^^^^^^^^^^^^^^^^^^^^^^^^^^^^^^^^^^^^^^^^^^^^^^^^^^^
  File "/home/airflow/.local/lib/python3.11/site-packages/requests/api.py", line 59, in request
    return session.request(method=method, url=url, **kwargs)
           ^^^^^^^^^^^^^^^^^^^^^^^^^^^^^^^^^^^^^^^^^^^^^^^^^
  File "/home/airflow/.local/lib/python3.11/site-packages/requests/sessions.py", line 575, in request
    prep = self.prepare_request(req)
           ^^^^^^^^^^^^^^^^^^^^^^^^^
  File "/home/airflow/.local/lib/python3.11/site-packages/requests/sessions.py", line 486, in prepare_request
    p.prepare(
  File "/home/airflow/.local/lib/python3.11/site-packages/requests/models.py", line 371, in prepare
    self.prepare_body(data, files, json)
  File "/home/airflow/.local/lib/python3.11/site-packages/requests/models.py", line 511, in prepare_body
    body = complexjson.dumps(json, allow_nan=False)
           ^^^^^^^^^^^^^^^^^^^^^^^^^^^^^^^^^^^^^^^^
  File "/home/airflow/.local/lib/python3.11/site-packages/simplejson/__init__.py", line 378, in dumps
    return _default_encoder.encode(obj)
           ^^^^^^^^^^^^^^^^^^^^^^^^^^^^
  File "/home/airflow/.local/lib/python3.11/site-packages/simplejson/encoder.py", line 298, in encode
    chunks = self.iterencode(o)
             ^^^^^^^^^^^^^^^^^^
  File "/home/airflow/.local/lib/python3.11/site-packages/simplejson/encoder.py", line 379, in iterencode
    return _iterencode(o, 0)
           ^^^^^^^^^^^^^^^^^
  File "/home/airflow/.local/lib/python3.11/site-packages/simplejson/encoder.py", line 274, in default
    raise TypeError('Object of type %s is not JSON serializable' %
TypeError: Object of type ndarray is not JSON serializable
[2026-01-03T15:08:41.271+0000] {taskinstance.py:1206} INFO - Marking task as FAILED. dag_id=main_pipeline, task_id=compare_distributions, run_id=manual__2026-01-03T15:07:40.617071+00:00, execution_date=20260103T150740, start_date=20260103T150834, end_date=20260103T150841
[2026-01-03T15:08:41.358+0000] {standard_task_runner.py:110} ERROR - Failed to execute job 275 for task compare_distributions (Object of type ndarray is not JSON serializable; 6135)
[2026-01-03T15:08:41.581+0000] {local_task_job_runner.py:243} INFO - Task exited with return code 1
[2026-01-03T15:08:41.791+0000] {taskinstance.py:3503} INFO - 0 downstream tasks scheduled from follow-on schedule check
[2026-01-03T15:08:41.811+0000] {local_task_job_runner.py:222} INFO - ::endgroup::
