[2026-01-02T11:19:54.213+0000] {local_task_job_runner.py:120} INFO - ::group::Pre task execution logs
[2026-01-02T11:19:54.357+0000] {taskinstance.py:2076} INFO - Dependencies all met for dep_context=non-requeueable deps ti=<TaskInstance: main_pipeline.train_model manual__2026-01-02T11:19:39.460947+00:00 [queued]>
[2026-01-02T11:19:54.384+0000] {taskinstance.py:2076} INFO - Dependencies all met for dep_context=requeueable deps ti=<TaskInstance: main_pipeline.train_model manual__2026-01-02T11:19:39.460947+00:00 [queued]>
[2026-01-02T11:19:54.385+0000] {taskinstance.py:2306} INFO - Starting attempt 1 of 1
[2026-01-02T11:19:54.409+0000] {taskinstance.py:2330} INFO - Executing <Task(_PythonDecoratedOperator): train_model> on 2026-01-02 11:19:39.460947+00:00
[2026-01-02T11:19:54.437+0000] {standard_task_runner.py:64} INFO - Started process 538 to run task
[2026-01-02T11:19:54.445+0000] {standard_task_runner.py:90} INFO - Running: ['***', 'tasks', 'run', 'main_pipeline', 'train_model', 'manual__2026-01-02T11:19:39.460947+00:00', '--job-id', '25', '--raw', '--subdir', 'DAGS_FOLDER/pipeline/main.py', '--cfg-path', '/tmp/tmpvfe0du9m']
[2026-01-02T11:19:54.450+0000] {standard_task_runner.py:91} INFO - Job 25: Subtask train_model
[2026-01-02T11:19:54.622+0000] {task_command.py:426} INFO - Running <TaskInstance: main_pipeline.train_model manual__2026-01-02T11:19:39.460947+00:00 [running]> on host 30eb01c40d3f
[2026-01-02T11:19:54.873+0000] {taskinstance.py:2648} INFO - Exporting env vars: AIRFLOW_CTX_DAG_OWNER='***' AIRFLOW_CTX_DAG_ID='main_pipeline' AIRFLOW_CTX_TASK_ID='train_model' AIRFLOW_CTX_EXECUTION_DATE='2026-01-02T11:19:39.460947+00:00' AIRFLOW_CTX_TRY_NUMBER='1' AIRFLOW_CTX_DAG_RUN_ID='manual__2026-01-02T11:19:39.460947+00:00'
[2026-01-02T11:19:54.877+0000] {taskinstance.py:430} INFO - ::endgroup::
[2026-01-02T11:19:57.289+0000] {logging_mixin.py:188} WARNING - /home/***/.local/lib/python3.11/site-packages/pydantic/_internal/_fields.py:161 UserWarning: Field "model_server_url" has conflict with protected namespace "model_".

You may be able to resolve this warning by setting `model_config['protected_namespaces'] = ()`.
[2026-01-02T11:19:57.326+0000] {logging_mixin.py:188} WARNING - /home/***/.local/lib/python3.11/site-packages/pydantic/_internal/_config.py:341 UserWarning: Valid config keys have changed in V2:
* 'schema_extra' has been renamed to 'json_schema_extra'
[2026-01-02T11:20:01.926+0000] {logging_mixin.py:188} INFO -       carat        cut color clarity  depth  table    price     x     y     z
0      0.50      Ideal     F    VVS2   62.2   54.0   2052.0  5.09  5.11  3.17
1      0.71       Fair     H     SI1   65.1   56.0   2112.0  5.63  5.55  3.64
2      0.54  Very Good     F     VS2   58.2   60.0   1551.0  5.34  5.39  3.12
3      0.51       Good     F     SI1   63.1   54.0   1220.0  5.06  5.12  3.21
4      0.53      Ideal     E     VS2   62.4   56.0   1721.0  5.16  5.20  3.23
...     ...        ...   ...     ...    ...    ...      ...   ...   ...   ...
4995   0.33  Very Good     D     SI1   62.8   55.0    608.0  4.41  4.45  2.78
4996   1.08    Premium     E     SI1   59.6   60.0   5908.0  6.73  6.66  3.99
4997   0.90    Premium     G     SI2   62.1   58.0   3246.0  6.13  6.08  3.79
4998   0.52      Ideal     G     VS1   63.0   54.0   1694.0  5.17  5.12  3.24
4999   2.31    Premium     I     SI2   62.9   58.0  17218.0  8.43  8.34  5.27

[5000 rows x 10 columns]
[2026-01-02T11:20:01.928+0000] {taskinstance.py:441} INFO - ::group::Post task execution logs
[2026-01-02T11:20:01.930+0000] {taskinstance.py:2905} ERROR - Task failed with exception
Traceback (most recent call last):
  File "/home/airflow/.local/lib/python3.11/site-packages/airflow/models/taskinstance.py", line 465, in _execute_task
    result = _execute_callable(context=context, **execute_callable_kwargs)
             ^^^^^^^^^^^^^^^^^^^^^^^^^^^^^^^^^^^^^^^^^^^^^^^^^^^^^^^^^^^^^
  File "/home/airflow/.local/lib/python3.11/site-packages/airflow/models/taskinstance.py", line 432, in _execute_callable
    return execute_callable(context=context, **execute_callable_kwargs)
           ^^^^^^^^^^^^^^^^^^^^^^^^^^^^^^^^^^^^^^^^^^^^^^^^^^^^^^^^^^^^
  File "/home/airflow/.local/lib/python3.11/site-packages/airflow/models/baseoperator.py", line 401, in wrapper
    return func(self, *args, **kwargs)
           ^^^^^^^^^^^^^^^^^^^^^^^^^^^
  File "/home/airflow/.local/lib/python3.11/site-packages/airflow/decorators/base.py", line 265, in execute
    return_value = super().execute(context)
                   ^^^^^^^^^^^^^^^^^^^^^^^^
  File "/home/airflow/.local/lib/python3.11/site-packages/airflow/models/baseoperator.py", line 401, in wrapper
    return func(self, *args, **kwargs)
           ^^^^^^^^^^^^^^^^^^^^^^^^^^^
  File "/home/airflow/.local/lib/python3.11/site-packages/airflow/operators/python.py", line 235, in execute
    return_value = self.execute_callable()
                   ^^^^^^^^^^^^^^^^^^^^^^^
  File "/home/airflow/.local/lib/python3.11/site-packages/airflow/operators/python.py", line 252, in execute_callable
    return self.python_callable(*self.op_args, **self.op_kwargs)
           ^^^^^^^^^^^^^^^^^^^^^^^^^^^^^^^^^^^^^^^^^^^^^^^^^^^^^
  File "/opt/airflow/dags/pipeline/main.py", line 82, in train_model
    print(data.text)
          ^^^^^^^^^
  File "/home/airflow/.local/lib/python3.11/site-packages/pandas/core/generic.py", line 5902, in __getattr__
    return object.__getattribute__(self, name)
           ^^^^^^^^^^^^^^^^^^^^^^^^^^^^^^^^^^^
AttributeError: 'DataFrame' object has no attribute 'text'
[2026-01-02T11:20:01.973+0000] {taskinstance.py:1206} INFO - Marking task as FAILED. dag_id=main_pipeline, task_id=train_model, run_id=manual__2026-01-02T11:19:39.460947+00:00, execution_date=20260102T111939, start_date=20260102T111954, end_date=20260102T112001
[2026-01-02T11:20:02.014+0000] {standard_task_runner.py:110} ERROR - Failed to execute job 25 for task train_model ('DataFrame' object has no attribute 'text'; 538)
[2026-01-02T11:20:02.147+0000] {local_task_job_runner.py:243} INFO - Task exited with return code 1
[2026-01-02T11:20:02.204+0000] {taskinstance.py:3503} INFO - 0 downstream tasks scheduled from follow-on schedule check
[2026-01-02T11:20:02.210+0000] {local_task_job_runner.py:222} INFO - ::endgroup::
