[2026-01-03T16:19:28.393+0000] {local_task_job_runner.py:120} INFO - ::group::Pre task execution logs
[2026-01-03T16:19:28.518+0000] {taskinstance.py:2076} INFO - Dependencies all met for dep_context=non-requeueable deps ti=<TaskInstance: main_pipeline.set_new_prod_model manual__2026-01-03T16:16:37.740139+00:00 [queued]>
[2026-01-03T16:19:28.551+0000] {taskinstance.py:2076} INFO - Dependencies all met for dep_context=requeueable deps ti=<TaskInstance: main_pipeline.set_new_prod_model manual__2026-01-03T16:16:37.740139+00:00 [queued]>
[2026-01-03T16:19:28.552+0000] {taskinstance.py:2306} INFO - Starting attempt 1 of 1
[2026-01-03T16:19:28.599+0000] {taskinstance.py:2330} INFO - Executing <Task(_PythonDecoratedOperator): set_new_prod_model> on 2026-01-03 16:16:37.740139+00:00
[2026-01-03T16:19:28.650+0000] {standard_task_runner.py:64} INFO - Started process 10240 to run task
[2026-01-03T16:19:28.659+0000] {standard_task_runner.py:90} INFO - Running: ['***', 'tasks', 'run', 'main_pipeline', 'set_new_prod_model', 'manual__2026-01-03T16:16:37.740139+00:00', '--job-id', '324', '--raw', '--subdir', 'DAGS_FOLDER/pipeline/main.py', '--cfg-path', '/tmp/tmp36rvw34e']
[2026-01-03T16:19:28.669+0000] {standard_task_runner.py:91} INFO - Job 324: Subtask set_new_prod_model
[2026-01-03T16:19:28.919+0000] {task_command.py:426} INFO - Running <TaskInstance: main_pipeline.set_new_prod_model manual__2026-01-03T16:16:37.740139+00:00 [running]> on host 8574a19215f6
[2026-01-03T16:19:29.272+0000] {taskinstance.py:2648} INFO - Exporting env vars: AIRFLOW_CTX_DAG_OWNER='***' AIRFLOW_CTX_DAG_ID='main_pipeline' AIRFLOW_CTX_TASK_ID='set_new_prod_model' AIRFLOW_CTX_EXECUTION_DATE='2026-01-03T16:16:37.740139+00:00' AIRFLOW_CTX_TRY_NUMBER='1' AIRFLOW_CTX_DAG_RUN_ID='manual__2026-01-03T16:16:37.740139+00:00'
[2026-01-03T16:19:29.277+0000] {taskinstance.py:430} INFO - ::endgroup::
[2026-01-03T16:19:29.692+0000] {taskinstance.py:441} INFO - ::group::Post task execution logs
[2026-01-03T16:19:29.696+0000] {taskinstance.py:2905} ERROR - Task failed with exception
Traceback (most recent call last):
  File "/home/airflow/.local/lib/python3.11/site-packages/airflow/models/taskinstance.py", line 465, in _execute_task
    result = _execute_callable(context=context, **execute_callable_kwargs)
             ^^^^^^^^^^^^^^^^^^^^^^^^^^^^^^^^^^^^^^^^^^^^^^^^^^^^^^^^^^^^^
  File "/home/airflow/.local/lib/python3.11/site-packages/airflow/models/taskinstance.py", line 432, in _execute_callable
    return execute_callable(context=context, **execute_callable_kwargs)
           ^^^^^^^^^^^^^^^^^^^^^^^^^^^^^^^^^^^^^^^^^^^^^^^^^^^^^^^^^^^^
  File "/home/airflow/.local/lib/python3.11/site-packages/airflow/models/baseoperator.py", line 401, in wrapper
    return func(self, *args, **kwargs)
           ^^^^^^^^^^^^^^^^^^^^^^^^^^^
  File "/home/airflow/.local/lib/python3.11/site-packages/airflow/decorators/base.py", line 265, in execute
    return_value = super().execute(context)
                   ^^^^^^^^^^^^^^^^^^^^^^^^
  File "/home/airflow/.local/lib/python3.11/site-packages/airflow/models/baseoperator.py", line 401, in wrapper
    return func(self, *args, **kwargs)
           ^^^^^^^^^^^^^^^^^^^^^^^^^^^
  File "/home/airflow/.local/lib/python3.11/site-packages/airflow/operators/python.py", line 235, in execute
    return_value = self.execute_callable()
                   ^^^^^^^^^^^^^^^^^^^^^^^
  File "/home/airflow/.local/lib/python3.11/site-packages/airflow/operators/python.py", line 252, in execute_callable
    return self.python_callable(*self.op_args, **self.op_kwargs)
           ^^^^^^^^^^^^^^^^^^^^^^^^^^^^^^^^^^^^^^^^^^^^^^^^^^^^^
  File "/opt/airflow/dags/pipeline/main.py", line 319, in set_new_prod_model
    client.transition_model_version_stage(
TypeError: MlflowClient.transition_model_version_stage() missing 1 required positional argument: 'self'
[2026-01-03T16:19:29.759+0000] {taskinstance.py:1206} INFO - Marking task as FAILED. dag_id=main_pipeline, task_id=set_new_prod_model, run_id=manual__2026-01-03T16:16:37.740139+00:00, execution_date=20260103T161637, start_date=20260103T161928, end_date=20260103T161929
[2026-01-03T16:19:29.788+0000] {standard_task_runner.py:110} ERROR - Failed to execute job 324 for task set_new_prod_model (MlflowClient.transition_model_version_stage() missing 1 required positional argument: 'self'; 10240)
[2026-01-03T16:19:29.849+0000] {local_task_job_runner.py:243} INFO - Task exited with return code 1
[2026-01-03T16:19:29.905+0000] {taskinstance.py:3503} INFO - 0 downstream tasks scheduled from follow-on schedule check
[2026-01-03T16:19:29.914+0000] {local_task_job_runner.py:222} INFO - ::endgroup::
