[2025-12-28T12:14:11.706+0000] {local_task_job_runner.py:120} INFO - ::group::Pre task execution logs
[2025-12-28T12:14:11.818+0000] {taskinstance.py:2076} INFO - Dependencies all met for dep_context=non-requeueable deps ti=<TaskInstance: data_distribution_comparison.log_params manual__2025-12-28T12:14:05.437058+00:00 [queued]>
[2025-12-28T12:14:11.840+0000] {taskinstance.py:2076} INFO - Dependencies all met for dep_context=requeueable deps ti=<TaskInstance: data_distribution_comparison.log_params manual__2025-12-28T12:14:05.437058+00:00 [queued]>
[2025-12-28T12:14:11.840+0000] {taskinstance.py:2306} INFO - Starting attempt 1 of 1
[2025-12-28T12:14:11.895+0000] {taskinstance.py:2330} INFO - Executing <Task(_PythonDecoratedOperator): log_params> on 2025-12-28 12:14:05.437058+00:00
[2025-12-28T12:14:11.958+0000] {standard_task_runner.py:64} INFO - Started process 2023 to run task
[2025-12-28T12:14:11.971+0000] {standard_task_runner.py:90} INFO - Running: ['***', 'tasks', 'run', 'data_distribution_comparison', 'log_params', 'manual__2025-12-28T12:14:05.437058+00:00', '--job-id', '21', '--raw', '--subdir', 'DAGS_FOLDER/dag_test/dag_test.py', '--cfg-path', '/tmp/tmp5cu1ciar']
[2025-12-28T12:14:11.996+0000] {standard_task_runner.py:91} INFO - Job 21: Subtask log_params
[2025-12-28T12:14:12.807+0000] {task_command.py:426} INFO - Running <TaskInstance: data_distribution_comparison.log_params manual__2025-12-28T12:14:05.437058+00:00 [running]> on host 46629e0044cf
[2025-12-28T12:14:13.763+0000] {taskinstance.py:2648} INFO - Exporting env vars: AIRFLOW_CTX_DAG_OWNER='***' AIRFLOW_CTX_DAG_ID='data_distribution_comparison' AIRFLOW_CTX_TASK_ID='log_params' AIRFLOW_CTX_EXECUTION_DATE='2025-12-28T12:14:05.437058+00:00' AIRFLOW_CTX_TRY_NUMBER='1' AIRFLOW_CTX_DAG_RUN_ID='manual__2025-12-28T12:14:05.437058+00:00'
[2025-12-28T12:14:13.784+0000] {taskinstance.py:430} INFO - ::endgroup::
[2025-12-28T12:14:14.305+0000] {logging_mixin.py:188} WARNING - /home/***/.local/lib/python3.11/site-packages/pydantic/_internal/_fields.py:161 UserWarning: Field "model_name" has conflict with protected namespace "model_".

You may be able to resolve this warning by setting `model_config['protected_namespaces'] = ()`.
[2025-12-28T12:14:33.569+0000] {font_manager.py:1547} INFO - generated new fontManager
[2025-12-28T12:14:44.223+0000] {logging_mixin.py:188} INFO - set env
[2025-12-28T12:14:44.223+0000] {logging_mixin.py:188} INFO - set uri
[2025-12-28T12:14:44.496+0000] {logging_mixin.py:188} INFO - set exp
[2025-12-28T12:14:51.878+0000] {logging_mixin.py:188} INFO -                     Description             Value
0                    Session id                42
1                        Target             price
2                   Target type        Regression
3           Original data shape         (500, 10)
4        Transformed data shape         (500, 28)
5   Transformed train set shape         (350, 28)
6    Transformed test set shape         (150, 28)
7              Numeric features                 6
8          Categorical features                 3
9                    Preprocess              True
10              Imputation type            simple
11           Numeric imputation              mean
12       Categorical imputation              mode
13     Maximum one-hot encoding                25
14              Encoding method              None
15                    Normalize              True
16             Normalize method            zscore
17               Fold Generator             KFold
18                  Fold Number                 5
19                     CPU Jobs                -1
20                      Use GPU             False
21               Log Experiment             False
22              Experiment Name  price_prediction
23                          USI              364e
[2025-12-28T12:14:52.490+0000] {taskinstance.py:441} INFO - ::group::Post task execution logs
[2025-12-28T12:14:52.492+0000] {taskinstance.py:2905} ERROR - Task failed with exception
Traceback (most recent call last):
  File "/home/airflow/.local/lib/python3.11/site-packages/airflow/models/taskinstance.py", line 465, in _execute_task
    result = _execute_callable(context=context, **execute_callable_kwargs)
             ^^^^^^^^^^^^^^^^^^^^^^^^^^^^^^^^^^^^^^^^^^^^^^^^^^^^^^^^^^^^^
  File "/home/airflow/.local/lib/python3.11/site-packages/airflow/models/taskinstance.py", line 432, in _execute_callable
    return execute_callable(context=context, **execute_callable_kwargs)
           ^^^^^^^^^^^^^^^^^^^^^^^^^^^^^^^^^^^^^^^^^^^^^^^^^^^^^^^^^^^^
  File "/home/airflow/.local/lib/python3.11/site-packages/airflow/models/baseoperator.py", line 401, in wrapper
    return func(self, *args, **kwargs)
           ^^^^^^^^^^^^^^^^^^^^^^^^^^^
  File "/home/airflow/.local/lib/python3.11/site-packages/airflow/decorators/base.py", line 265, in execute
    return_value = super().execute(context)
                   ^^^^^^^^^^^^^^^^^^^^^^^^
  File "/home/airflow/.local/lib/python3.11/site-packages/airflow/models/baseoperator.py", line 401, in wrapper
    return func(self, *args, **kwargs)
           ^^^^^^^^^^^^^^^^^^^^^^^^^^^
  File "/home/airflow/.local/lib/python3.11/site-packages/airflow/operators/python.py", line 235, in execute
    return_value = self.execute_callable()
                   ^^^^^^^^^^^^^^^^^^^^^^^
  File "/home/airflow/.local/lib/python3.11/site-packages/airflow/operators/python.py", line 252, in execute_callable
    return self.python_callable(*self.op_args, **self.op_kwargs)
           ^^^^^^^^^^^^^^^^^^^^^^^^^^^^^^^^^^^^^^^^^^^^^^^^^^^^^
  File "/opt/airflow/dags/dag_test/dag_test.py", line 125, in log_params
    best_model = compare_models(
                 ^^^^^^^^^^^^^^^
  File "/home/airflow/.local/lib/python3.11/site-packages/pycaret/utils/generic.py", line 964, in wrapper
    return func(*args, **kwargs)
           ^^^^^^^^^^^^^^^^^^^^^
  File "/home/airflow/.local/lib/python3.11/site-packages/pycaret/regression/functional.py", line 805, in compare_models
    return _CURRENT_EXPERIMENT.compare_models(
           ^^^^^^^^^^^^^^^^^^^^^^^^^^^^^^^^^^^
  File "/home/airflow/.local/lib/python3.11/site-packages/pycaret/regression/oop.py", line 1122, in compare_models
    return_values = super().compare_models(
                    ^^^^^^^^^^^^^^^^^^^^^^^
  File "/home/airflow/.local/lib/python3.11/site-packages/pycaret/internal/pycaret_experiment/supervised_experiment.py", line 604, in compare_models
    raise ValueError(
ValueError: errors parameter must be one of: ignore, raise.
[2025-12-28T12:14:52.579+0000] {taskinstance.py:1206} INFO - Marking task as FAILED. dag_id=data_distribution_comparison, task_id=log_params, run_id=manual__2025-12-28T12:14:05.437058+00:00, execution_date=20251228T121405, start_date=20251228T121411, end_date=20251228T121452
[2025-12-28T12:14:52.633+0000] {standard_task_runner.py:110} ERROR - Failed to execute job 21 for task log_params (errors parameter must be one of: ignore, raise.; 2023)
[2025-12-28T12:14:52.746+0000] {local_task_job_runner.py:243} INFO - Task exited with return code 1
[2025-12-28T12:14:52.801+0000] {taskinstance.py:3503} INFO - 0 downstream tasks scheduled from follow-on schedule check
[2025-12-28T12:14:52.811+0000] {local_task_job_runner.py:222} INFO - ::endgroup::
