[2026-01-03T15:57:47.766+0000] {local_task_job_runner.py:120} INFO - ::group::Pre task execution logs
[2026-01-03T15:57:48.024+0000] {taskinstance.py:2076} INFO - Dependencies all met for dep_context=non-requeueable deps ti=<TaskInstance: main_pipeline.model_to_prod manual__2026-01-03T15:52:44.985754+00:00 [queued]>
[2026-01-03T15:57:48.051+0000] {taskinstance.py:2076} INFO - Dependencies all met for dep_context=requeueable deps ti=<TaskInstance: main_pipeline.model_to_prod manual__2026-01-03T15:52:44.985754+00:00 [queued]>
[2026-01-03T15:57:48.052+0000] {taskinstance.py:2306} INFO - Starting attempt 1 of 1
[2026-01-03T15:57:48.121+0000] {taskinstance.py:2330} INFO - Executing <Task(_BranchPythonDecoratedOperator): model_to_prod> on 2026-01-03 15:52:44.985754+00:00
[2026-01-03T15:57:48.200+0000] {standard_task_runner.py:64} INFO - Started process 8592 to run task
[2026-01-03T15:57:48.208+0000] {standard_task_runner.py:90} INFO - Running: ['***', 'tasks', 'run', 'main_pipeline', 'model_to_prod', 'manual__2026-01-03T15:52:44.985754+00:00', '--job-id', '301', '--raw', '--subdir', 'DAGS_FOLDER/pipeline/main.py', '--cfg-path', '/tmp/tmp_dqukowu']
[2026-01-03T15:57:48.217+0000] {standard_task_runner.py:91} INFO - Job 301: Subtask model_to_prod
[2026-01-03T15:57:48.602+0000] {task_command.py:426} INFO - Running <TaskInstance: main_pipeline.model_to_prod manual__2026-01-03T15:52:44.985754+00:00 [running]> on host 8574a19215f6
[2026-01-03T15:57:49.790+0000] {taskinstance.py:2648} INFO - Exporting env vars: AIRFLOW_CTX_DAG_OWNER='***' AIRFLOW_CTX_DAG_ID='main_pipeline' AIRFLOW_CTX_TASK_ID='model_to_prod' AIRFLOW_CTX_EXECUTION_DATE='2026-01-03T15:52:44.985754+00:00' AIRFLOW_CTX_TRY_NUMBER='1' AIRFLOW_CTX_DAG_RUN_ID='manual__2026-01-03T15:52:44.985754+00:00'
[2026-01-03T15:57:49.796+0000] {taskinstance.py:430} INFO - ::endgroup::
[2026-01-03T15:57:49.806+0000] {taskinstance.py:441} INFO - ::group::Post task execution logs
[2026-01-03T15:57:49.809+0000] {taskinstance.py:2905} ERROR - Task failed with exception
Traceback (most recent call last):
  File "/home/airflow/.local/lib/python3.11/site-packages/airflow/models/taskinstance.py", line 465, in _execute_task
    result = _execute_callable(context=context, **execute_callable_kwargs)
             ^^^^^^^^^^^^^^^^^^^^^^^^^^^^^^^^^^^^^^^^^^^^^^^^^^^^^^^^^^^^^
  File "/home/airflow/.local/lib/python3.11/site-packages/airflow/models/taskinstance.py", line 432, in _execute_callable
    return execute_callable(context=context, **execute_callable_kwargs)
           ^^^^^^^^^^^^^^^^^^^^^^^^^^^^^^^^^^^^^^^^^^^^^^^^^^^^^^^^^^^^
  File "/home/airflow/.local/lib/python3.11/site-packages/airflow/models/baseoperator.py", line 401, in wrapper
    return func(self, *args, **kwargs)
           ^^^^^^^^^^^^^^^^^^^^^^^^^^^
  File "/home/airflow/.local/lib/python3.11/site-packages/airflow/decorators/base.py", line 265, in execute
    return_value = super().execute(context)
                   ^^^^^^^^^^^^^^^^^^^^^^^^
  File "/home/airflow/.local/lib/python3.11/site-packages/airflow/models/baseoperator.py", line 401, in wrapper
    return func(self, *args, **kwargs)
           ^^^^^^^^^^^^^^^^^^^^^^^^^^^
  File "/home/airflow/.local/lib/python3.11/site-packages/airflow/operators/python.py", line 269, in execute
    return self.do_branch(context, super().execute(context))
                                   ^^^^^^^^^^^^^^^^^^^^^^^^
  File "/home/airflow/.local/lib/python3.11/site-packages/airflow/models/baseoperator.py", line 401, in wrapper
    return func(self, *args, **kwargs)
           ^^^^^^^^^^^^^^^^^^^^^^^^^^^
  File "/home/airflow/.local/lib/python3.11/site-packages/airflow/operators/python.py", line 235, in execute
    return_value = self.execute_callable()
                   ^^^^^^^^^^^^^^^^^^^^^^^
  File "/home/airflow/.local/lib/python3.11/site-packages/airflow/operators/python.py", line 252, in execute_callable
    return self.python_callable(*self.op_args, **self.op_kwargs)
           ^^^^^^^^^^^^^^^^^^^^^^^^^^^^^^^^^^^^^^^^^^^^^^^^^^^^^
  File "/opt/airflow/dags/pipeline/main.py", line 333, in model_to_prod
    return end_task.task_id
           ^^^^^^^^^^^^^^^^
AttributeError: 'PlainXComArg' object has no attribute 'task_id'
[2026-01-03T15:57:49.950+0000] {taskinstance.py:1206} INFO - Marking task as FAILED. dag_id=main_pipeline, task_id=model_to_prod, run_id=manual__2026-01-03T15:52:44.985754+00:00, execution_date=20260103T155244, start_date=20260103T155748, end_date=20260103T155749
[2026-01-03T15:57:50.110+0000] {standard_task_runner.py:110} ERROR - Failed to execute job 301 for task model_to_prod ('PlainXComArg' object has no attribute 'task_id'; 8592)
[2026-01-03T15:57:50.243+0000] {local_task_job_runner.py:243} INFO - Task exited with return code 1
[2026-01-03T15:57:50.423+0000] {taskinstance.py:3503} INFO - 0 downstream tasks scheduled from follow-on schedule check
[2026-01-03T15:57:50.476+0000] {local_task_job_runner.py:222} INFO - ::endgroup::
