[2026-01-02T06:30:35.945+0000] {local_task_job_runner.py:120} INFO - ::group::Pre task execution logs
[2026-01-02T06:30:36.014+0000] {taskinstance.py:2076} INFO - Dependencies all met for dep_context=non-requeueable deps ti=<TaskInstance: main_pipeline.check_prod_model scheduled__2026-01-01T00:00:00+00:00 [queued]>
[2026-01-02T06:30:36.041+0000] {taskinstance.py:2076} INFO - Dependencies all met for dep_context=requeueable deps ti=<TaskInstance: main_pipeline.check_prod_model scheduled__2026-01-01T00:00:00+00:00 [queued]>
[2026-01-02T06:30:36.041+0000] {taskinstance.py:2306} INFO - Starting attempt 1 of 1
[2026-01-02T06:30:36.068+0000] {taskinstance.py:2330} INFO - Executing <Task(_PythonDecoratedOperator): check_prod_model> on 2026-01-01 00:00:00+00:00
[2026-01-02T06:30:36.124+0000] {standard_task_runner.py:64} INFO - Started process 209 to run task
[2026-01-02T06:30:36.146+0000] {standard_task_runner.py:90} INFO - Running: ['***', 'tasks', 'run', 'main_pipeline', 'check_prod_model', 'scheduled__2026-01-01T00:00:00+00:00', '--job-id', '121', '--raw', '--subdir', 'DAGS_FOLDER/pipeline/main.py', '--cfg-path', '/tmp/tmpzl1o7dof']
[2026-01-02T06:30:36.163+0000] {standard_task_runner.py:91} INFO - Job 121: Subtask check_prod_model
[2026-01-02T06:30:36.753+0000] {task_command.py:426} INFO - Running <TaskInstance: main_pipeline.check_prod_model scheduled__2026-01-01T00:00:00+00:00 [running]> on host f5d1d4eaa079
[2026-01-02T06:30:37.348+0000] {taskinstance.py:2648} INFO - Exporting env vars: AIRFLOW_CTX_DAG_OWNER='***' AIRFLOW_CTX_DAG_ID='main_pipeline' AIRFLOW_CTX_TASK_ID='check_prod_model' AIRFLOW_CTX_EXECUTION_DATE='2026-01-01T00:00:00+00:00' AIRFLOW_CTX_TRY_NUMBER='1' AIRFLOW_CTX_DAG_RUN_ID='scheduled__2026-01-01T00:00:00+00:00'
[2026-01-02T06:30:37.352+0000] {taskinstance.py:430} INFO - ::endgroup::
[2026-01-02T06:30:43.329+0000] {logging_mixin.py:188} WARNING - /home/***/.local/lib/python3.11/site-packages/pydantic/_internal/_fields.py:161 UserWarning: Field "model_server_url" has conflict with protected namespace "model_".

You may be able to resolve this warning by setting `model_config['protected_namespaces'] = ()`.
[2026-01-02T06:30:43.344+0000] {logging_mixin.py:188} WARNING - /home/***/.local/lib/python3.11/site-packages/pydantic/_internal/_config.py:341 UserWarning: Valid config keys have changed in V2:
* 'schema_extra' has been renamed to 'json_schema_extra'
[2026-01-02T06:30:46.040+0000] {logging_mixin.py:188} INFO - Found production version
[2026-01-02T06:30:46.040+0000] {python.py:237} INFO - Done. Returned value was: {'production_version': '1'}
[2026-01-02T06:30:46.040+0000] {taskinstance.py:441} INFO - ::group::Post task execution logs
[2026-01-02T06:30:46.170+0000] {taskinstance.py:1206} INFO - Marking task as SUCCESS. dag_id=main_pipeline, task_id=check_prod_model, run_id=scheduled__2026-01-01T00:00:00+00:00, execution_date=20260101T000000, start_date=20260102T063036, end_date=20260102T063046
[2026-01-02T06:30:46.271+0000] {local_task_job_runner.py:243} INFO - Task exited with return code 0
[2026-01-02T06:30:46.349+0000] {taskinstance.py:3503} INFO - 1 downstream tasks scheduled from follow-on schedule check
[2026-01-02T06:30:46.355+0000] {local_task_job_runner.py:222} INFO - ::endgroup::
[2026-01-02T10:50:45.275+0000] {local_task_job_runner.py:120} INFO - ::group::Pre task execution logs
[2026-01-02T10:50:45.442+0000] {taskinstance.py:2076} INFO - Dependencies all met for dep_context=non-requeueable deps ti=<TaskInstance: main_pipeline.check_prod_model scheduled__2026-01-01T00:00:00+00:00 [queued]>
[2026-01-02T10:50:45.506+0000] {taskinstance.py:2076} INFO - Dependencies all met for dep_context=requeueable deps ti=<TaskInstance: main_pipeline.check_prod_model scheduled__2026-01-01T00:00:00+00:00 [queued]>
[2026-01-02T10:50:45.509+0000] {taskinstance.py:2306} INFO - Starting attempt 1 of 1
[2026-01-02T10:50:45.582+0000] {taskinstance.py:2330} INFO - Executing <Task(_PythonDecoratedOperator): check_prod_model> on 2026-01-01 00:00:00+00:00
[2026-01-02T10:50:45.602+0000] {standard_task_runner.py:64} INFO - Started process 235 to run task
[2026-01-02T10:50:45.608+0000] {standard_task_runner.py:90} INFO - Running: ['***', 'tasks', 'run', 'main_pipeline', 'check_prod_model', 'scheduled__2026-01-01T00:00:00+00:00', '--job-id', '8', '--raw', '--subdir', 'DAGS_FOLDER/pipeline/main.py', '--cfg-path', '/tmp/tmps743ap1a']
[2026-01-02T10:50:45.633+0000] {standard_task_runner.py:91} INFO - Job 8: Subtask check_prod_model
[2026-01-02T10:50:46.005+0000] {task_command.py:426} INFO - Running <TaskInstance: main_pipeline.check_prod_model scheduled__2026-01-01T00:00:00+00:00 [running]> on host 11cfdbba07aa
[2026-01-02T10:50:46.738+0000] {taskinstance.py:2648} INFO - Exporting env vars: AIRFLOW_CTX_DAG_OWNER='***' AIRFLOW_CTX_DAG_ID='main_pipeline' AIRFLOW_CTX_TASK_ID='check_prod_model' AIRFLOW_CTX_EXECUTION_DATE='2026-01-01T00:00:00+00:00' AIRFLOW_CTX_TRY_NUMBER='1' AIRFLOW_CTX_DAG_RUN_ID='scheduled__2026-01-01T00:00:00+00:00'
[2026-01-02T10:50:46.746+0000] {taskinstance.py:430} INFO - ::endgroup::
[2026-01-02T10:50:53.548+0000] {logging_mixin.py:188} WARNING - /home/***/.local/lib/python3.11/site-packages/pydantic/_internal/_fields.py:161 UserWarning: Field "model_server_url" has conflict with protected namespace "model_".

You may be able to resolve this warning by setting `model_config['protected_namespaces'] = ()`.
[2026-01-02T10:50:53.586+0000] {logging_mixin.py:188} WARNING - /home/***/.local/lib/python3.11/site-packages/pydantic/_internal/_config.py:341 UserWarning: Valid config keys have changed in V2:
* 'schema_extra' has been renamed to 'json_schema_extra'
[2026-01-02T10:50:58.290+0000] {taskinstance.py:441} INFO - ::group::Post task execution logs
[2026-01-02T10:50:58.293+0000] {taskinstance.py:2905} ERROR - Task failed with exception
Traceback (most recent call last):
  File "/home/airflow/.local/lib/python3.11/site-packages/airflow/models/taskinstance.py", line 465, in _execute_task
    result = _execute_callable(context=context, **execute_callable_kwargs)
             ^^^^^^^^^^^^^^^^^^^^^^^^^^^^^^^^^^^^^^^^^^^^^^^^^^^^^^^^^^^^^
  File "/home/airflow/.local/lib/python3.11/site-packages/airflow/models/taskinstance.py", line 432, in _execute_callable
    return execute_callable(context=context, **execute_callable_kwargs)
           ^^^^^^^^^^^^^^^^^^^^^^^^^^^^^^^^^^^^^^^^^^^^^^^^^^^^^^^^^^^^
  File "/home/airflow/.local/lib/python3.11/site-packages/airflow/models/baseoperator.py", line 401, in wrapper
    return func(self, *args, **kwargs)
           ^^^^^^^^^^^^^^^^^^^^^^^^^^^
  File "/home/airflow/.local/lib/python3.11/site-packages/airflow/decorators/base.py", line 265, in execute
    return_value = super().execute(context)
                   ^^^^^^^^^^^^^^^^^^^^^^^^
  File "/home/airflow/.local/lib/python3.11/site-packages/airflow/models/baseoperator.py", line 401, in wrapper
    return func(self, *args, **kwargs)
           ^^^^^^^^^^^^^^^^^^^^^^^^^^^
  File "/home/airflow/.local/lib/python3.11/site-packages/airflow/operators/python.py", line 235, in execute
    return_value = self.execute_callable()
                   ^^^^^^^^^^^^^^^^^^^^^^^
  File "/home/airflow/.local/lib/python3.11/site-packages/airflow/operators/python.py", line 252, in execute_callable
    return self.python_callable(*self.op_args, **self.op_kwargs)
           ^^^^^^^^^^^^^^^^^^^^^^^^^^^^^^^^^^^^^^^^^^^^^^^^^^^^^
  File "/opt/airflow/dags/pipeline/main.py", line 53, in check_prod_model
    prod_version = client.get_latest_versions(name=EXPERIMENT_NAME, stages=["Production"])
                   ^^^^^^^^^^^^^^^^^^^^^^^^^^^^^^^^^^^^^^^^^^^^^^^^^^^^^^^^^^^^^^^^^^^^^^^
  File "/home/airflow/.local/lib/python3.11/site-packages/mlflow/tracking/client.py", line 2429, in get_latest_versions
    return self._get_registry_client().get_latest_versions(name, stages)
           ^^^^^^^^^^^^^^^^^^^^^^^^^^^^^^^^^^^^^^^^^^^^^^^^^^^^^^^^^^^^^
  File "/home/airflow/.local/lib/python3.11/site-packages/mlflow/tracking/_model_registry/client.py", line 139, in get_latest_versions
    return self.store.get_latest_versions(name, stages)
           ^^^^^^^^^^^^^^^^^^^^^^^^^^^^^^^^^^^^^^^^^^^^
  File "/home/airflow/.local/lib/python3.11/site-packages/mlflow/store/model_registry/rest_store.py", line 169, in get_latest_versions
    response_proto = self._call_endpoint(GetLatestVersions, req_body, call_all_endpoints=True)
                     ^^^^^^^^^^^^^^^^^^^^^^^^^^^^^^^^^^^^^^^^^^^^^^^^^^^^^^^^^^^^^^^^^^^^^^^^^
  File "/home/airflow/.local/lib/python3.11/site-packages/mlflow/store/model_registry/base_rest_store.py", line 39, in _call_endpoint
    return call_endpoints(
           ^^^^^^^^^^^^^^^
  File "/home/airflow/.local/lib/python3.11/site-packages/mlflow/utils/rest_utils.py", line 218, in call_endpoints
    raise e
  File "/home/airflow/.local/lib/python3.11/site-packages/mlflow/utils/rest_utils.py", line 213, in call_endpoints
    return call_endpoint(
           ^^^^^^^^^^^^^^
  File "/home/airflow/.local/lib/python3.11/site-packages/mlflow/utils/rest_utils.py", line 202, in call_endpoint
    response = verify_rest_response(response, endpoint)
               ^^^^^^^^^^^^^^^^^^^^^^^^^^^^^^^^^^^^^^^^
  File "/home/airflow/.local/lib/python3.11/site-packages/mlflow/utils/rest_utils.py", line 134, in verify_rest_response
    raise RestException(json.loads(response.text))
mlflow.exceptions.RestException: RESOURCE_DOES_NOT_EXIST: Registered Model with name=price_prediction not found
[2026-01-02T10:50:58.384+0000] {taskinstance.py:1206} INFO - Marking task as FAILED. dag_id=main_pipeline, task_id=check_prod_model, run_id=scheduled__2026-01-01T00:00:00+00:00, execution_date=20260101T000000, start_date=20260102T105045, end_date=20260102T105058
[2026-01-02T10:50:58.448+0000] {standard_task_runner.py:110} ERROR - Failed to execute job 8 for task check_prod_model (RESOURCE_DOES_NOT_EXIST: Registered Model with name=price_prediction not found; 235)
[2026-01-02T10:50:58.527+0000] {local_task_job_runner.py:243} INFO - Task exited with return code 1
[2026-01-02T10:50:58.606+0000] {taskinstance.py:3503} INFO - 0 downstream tasks scheduled from follow-on schedule check
[2026-01-02T10:50:58.617+0000] {local_task_job_runner.py:222} INFO - ::endgroup::
