[2025-12-28T13:06:38.327+0000] {local_task_job_runner.py:120} INFO - ::group::Pre task execution logs
[2025-12-28T13:06:39.087+0000] {taskinstance.py:2076} INFO - Dependencies all met for dep_context=non-requeueable deps ti=<TaskInstance: data_distribution_comparison.log_params scheduled__2025-12-27T00:00:00+00:00 [queued]>
[2025-12-28T13:06:39.330+0000] {taskinstance.py:2076} INFO - Dependencies all met for dep_context=requeueable deps ti=<TaskInstance: data_distribution_comparison.log_params scheduled__2025-12-27T00:00:00+00:00 [queued]>
[2025-12-28T13:06:39.354+0000] {taskinstance.py:2306} INFO - Starting attempt 1 of 1
[2025-12-28T13:06:39.618+0000] {taskinstance.py:2330} INFO - Executing <Task(_PythonDecoratedOperator): log_params> on 2025-12-27 00:00:00+00:00
[2025-12-28T13:06:39.767+0000] {standard_task_runner.py:64} INFO - Started process 335 to run task
[2025-12-28T13:06:39.796+0000] {standard_task_runner.py:90} INFO - Running: ['***', 'tasks', 'run', 'data_distribution_comparison', 'log_params', 'scheduled__2025-12-27T00:00:00+00:00', '--job-id', '4', '--raw', '--subdir', 'DAGS_FOLDER/dag_test/dag_test.py', '--cfg-path', '/tmp/tmp_hb27v5x']
[2025-12-28T13:06:39.808+0000] {standard_task_runner.py:91} INFO - Job 4: Subtask log_params
[2025-12-28T13:06:40.424+0000] {task_command.py:426} INFO - Running <TaskInstance: data_distribution_comparison.log_params scheduled__2025-12-27T00:00:00+00:00 [running]> on host 808703d7a6a8
[2025-12-28T13:06:41.364+0000] {taskinstance.py:2648} INFO - Exporting env vars: AIRFLOW_CTX_DAG_OWNER='***' AIRFLOW_CTX_DAG_ID='data_distribution_comparison' AIRFLOW_CTX_TASK_ID='log_params' AIRFLOW_CTX_EXECUTION_DATE='2025-12-27T00:00:00+00:00' AIRFLOW_CTX_TRY_NUMBER='1' AIRFLOW_CTX_DAG_RUN_ID='scheduled__2025-12-27T00:00:00+00:00'
[2025-12-28T13:06:41.373+0000] {taskinstance.py:430} INFO - ::endgroup::
[2025-12-28T13:07:08.109+0000] {logging_mixin.py:188} WARNING - /home/***/.local/lib/python3.11/site-packages/pydantic/_internal/_fields.py:161 UserWarning: Field "model_server_url" has conflict with protected namespace "model_".

You may be able to resolve this warning by setting `model_config['protected_namespaces'] = ()`.
[2025-12-28T13:07:08.222+0000] {logging_mixin.py:188} WARNING - /home/***/.local/lib/python3.11/site-packages/pydantic/_internal/_config.py:341 UserWarning: Valid config keys have changed in V2:
* 'schema_extra' has been renamed to 'json_schema_extra'
[2025-12-28T13:07:16.717+0000] {font_manager.py:1547} INFO - generated new fontManager
[2025-12-28T13:07:49.102+0000] {logging_mixin.py:188} INFO - set env
[2025-12-28T13:07:49.119+0000] {logging_mixin.py:188} INFO - set uri
[2025-12-28T13:07:50.576+0000] {logging_mixin.py:188} WARNING - 2025/12/28 13:07:50 INFO mlflow.tracking.fluent: Experiment with name 'test' does not exist. Creating a new experiment.
[2025-12-28T13:07:50.946+0000] {logging_mixin.py:188} INFO - set exp
[2025-12-28T13:08:05.441+0000] {logging_mixin.py:188} INFO -                     Description             Value
0                    Session id                42
1                        Target             price
2                   Target type        Regression
3           Original data shape         (500, 10)
4        Transformed data shape         (500, 28)
5   Transformed train set shape         (350, 28)
6    Transformed test set shape         (150, 28)
7              Numeric features                 6
8          Categorical features                 3
9                    Preprocess              True
10              Imputation type            simple
11           Numeric imputation              mean
12       Categorical imputation              mode
13     Maximum one-hot encoding                25
14              Encoding method              None
15                    Normalize              True
16             Normalize method            zscore
17               Fold Generator             KFold
18                  Fold Number                 5
19                     CPU Jobs                -1
20                      Use GPU             False
21               Log Experiment      MlflowLogger
22              Experiment Name  price_prediction
23                          USI              0f2a
[2025-12-28T13:08:06.156+0000] {logging_mixin.py:188} WARNING - 2025/12/28 13:08:06 INFO mlflow.tracking.fluent: Experiment with name 'price_prediction' does not exist. Creating a new experiment.
[2025-12-28T13:08:07.014+0000] {logging_mixin.py:188} WARNING - 2025/12/28 13:08:07 WARNING mlflow.utils.git_utils: Failed to import Git (the Git executable is probably not on your PATH), so Git SHA is not available. Error: Failed to initialize: Bad git executable.
The git executable must be specified in one of the following ways:
    - be included in your $PATH
    - be set via $GIT_PYTHON_GIT_EXECUTABLE
    - explicitly set via git.refresh(<full-path-to-git-executable>)

All git commands will error until this is rectified.

This initial message can be silenced or aggravated in the future by setting the
$GIT_PYTHON_REFRESH environment variable. Use one of the following values:
    - quiet|q|silence|s|silent|none|n|0: for no message or exception
    - warn|w|warning|log|l|1: for a warning message (logging level CRITICAL, displayed by default)
    - error|e|exception|raise|r|2: for a raised exception

Example:
    export GIT_PYTHON_REFRESH=quiet
[2025-12-28T13:09:18.498+0000] {taskinstance.py:441} INFO - ::group::Post task execution logs
[2025-12-28T13:09:18.498+0000] {taskinstance.py:2905} ERROR - Task failed with exception
urllib3.exceptions.ResponseError: too many 500 error responses

The above exception was the direct cause of the following exception:

Traceback (most recent call last):
  File "/home/airflow/.local/lib/python3.11/site-packages/requests/adapters.py", line 486, in send
    resp = conn.urlopen(
           ^^^^^^^^^^^^^
  File "/home/airflow/.local/lib/python3.11/site-packages/urllib3/connectionpool.py", line 946, in urlopen
    return self.urlopen(
           ^^^^^^^^^^^^^
  File "/home/airflow/.local/lib/python3.11/site-packages/urllib3/connectionpool.py", line 946, in urlopen
    return self.urlopen(
           ^^^^^^^^^^^^^
  File "/home/airflow/.local/lib/python3.11/site-packages/urllib3/connectionpool.py", line 946, in urlopen
    return self.urlopen(
           ^^^^^^^^^^^^^
  [Previous line repeated 2 more times]
  File "/home/airflow/.local/lib/python3.11/site-packages/urllib3/connectionpool.py", line 936, in urlopen
    retries = retries.increment(method, url, response=response, _pool=self)
              ^^^^^^^^^^^^^^^^^^^^^^^^^^^^^^^^^^^^^^^^^^^^^^^^^^^^^^^^^^^^^
  File "/home/airflow/.local/lib/python3.11/site-packages/urllib3/util/retry.py", line 515, in increment
    raise MaxRetryError(_pool, url, reason) from reason  # type: ignore[arg-type]
    ^^^^^^^^^^^^^^^^^^^^^^^^^^^^^^^^^^^^^^^^^^^^^^^^^^^
urllib3.exceptions.MaxRetryError: HTTPConnectionPool(host='mlflow', port=5000): Max retries exceeded with url: /api/2.0/mlflow-artifacts/artifacts/3/d53218a0b09a47ffb674380de1456d40/artifacts/Transformation%20Pipeline.pkl (Caused by ResponseError('too many 500 error responses'))

During handling of the above exception, another exception occurred:

Traceback (most recent call last):
  File "/home/airflow/.local/lib/python3.11/site-packages/mlflow/utils/rest_utils.py", line 92, in http_request
    return _get_http_response_with_retries(
           ^^^^^^^^^^^^^^^^^^^^^^^^^^^^^^^^
  File "/home/airflow/.local/lib/python3.11/site-packages/mlflow/utils/request_utils.py", line 135, in _get_http_response_with_retries
    return session.request(method, url, **kwargs)
           ^^^^^^^^^^^^^^^^^^^^^^^^^^^^^^^^^^^^^^
  File "/home/airflow/.local/lib/python3.11/site-packages/requests/sessions.py", line 589, in request
    resp = self.send(prep, **send_kwargs)
           ^^^^^^^^^^^^^^^^^^^^^^^^^^^^^^
  File "/home/airflow/.local/lib/python3.11/site-packages/requests/sessions.py", line 703, in send
    r = adapter.send(request, **kwargs)
        ^^^^^^^^^^^^^^^^^^^^^^^^^^^^^^^
  File "/home/airflow/.local/lib/python3.11/site-packages/requests/adapters.py", line 510, in send
    raise RetryError(e, request=request)
requests.exceptions.RetryError: HTTPConnectionPool(host='mlflow', port=5000): Max retries exceeded with url: /api/2.0/mlflow-artifacts/artifacts/3/d53218a0b09a47ffb674380de1456d40/artifacts/Transformation%20Pipeline.pkl (Caused by ResponseError('too many 500 error responses'))

During handling of the above exception, another exception occurred:

Traceback (most recent call last):
  File "/home/airflow/.local/lib/python3.11/site-packages/airflow/models/taskinstance.py", line 465, in _execute_task
    result = _execute_callable(context=context, **execute_callable_kwargs)
             ^^^^^^^^^^^^^^^^^^^^^^^^^^^^^^^^^^^^^^^^^^^^^^^^^^^^^^^^^^^^^
  File "/home/airflow/.local/lib/python3.11/site-packages/airflow/models/taskinstance.py", line 432, in _execute_callable
    return execute_callable(context=context, **execute_callable_kwargs)
           ^^^^^^^^^^^^^^^^^^^^^^^^^^^^^^^^^^^^^^^^^^^^^^^^^^^^^^^^^^^^
  File "/home/airflow/.local/lib/python3.11/site-packages/airflow/models/baseoperator.py", line 401, in wrapper
    return func(self, *args, **kwargs)
           ^^^^^^^^^^^^^^^^^^^^^^^^^^^
  File "/home/airflow/.local/lib/python3.11/site-packages/airflow/decorators/base.py", line 265, in execute
    return_value = super().execute(context)
                   ^^^^^^^^^^^^^^^^^^^^^^^^
  File "/home/airflow/.local/lib/python3.11/site-packages/airflow/models/baseoperator.py", line 401, in wrapper
    return func(self, *args, **kwargs)
           ^^^^^^^^^^^^^^^^^^^^^^^^^^^
  File "/home/airflow/.local/lib/python3.11/site-packages/airflow/operators/python.py", line 235, in execute
    return_value = self.execute_callable()
                   ^^^^^^^^^^^^^^^^^^^^^^^
  File "/home/airflow/.local/lib/python3.11/site-packages/airflow/operators/python.py", line 252, in execute_callable
    return self.python_callable(*self.op_args, **self.op_kwargs)
           ^^^^^^^^^^^^^^^^^^^^^^^^^^^^^^^^^^^^^^^^^^^^^^^^^^^^^
  File "/opt/airflow/dags/dag_test/dag_test.py", line 108, in log_params
    reg = setup(
          ^^^^^^
  File "/home/airflow/.local/lib/python3.11/site-packages/pycaret/regression/functional.py", line 593, in setup
    return exp.setup(
           ^^^^^^^^^^
  File "/home/airflow/.local/lib/python3.11/site-packages/pycaret/regression/oop.py", line 970, in setup
    self._set_up_logging(
  File "/home/airflow/.local/lib/python3.11/site-packages/pycaret/internal/pycaret_experiment/supervised_experiment.py", line 268, in _set_up_logging
    self.logging_param.log_experiment(
  File "/home/airflow/.local/lib/python3.11/site-packages/pycaret/loggers/dashboard_logger.py", line 229, in log_experiment
    [
  File "/home/airflow/.local/lib/python3.11/site-packages/pycaret/loggers/dashboard_logger.py", line 230, in <listcomp>
    logger.log_artifact(
  File "/home/airflow/.local/lib/python3.11/site-packages/pycaret/loggers/mlflow_logger.py", line 125, in log_artifact
    mlflow.log_artifact(file)
  File "/home/airflow/.local/lib/python3.11/site-packages/mlflow/tracking/fluent.py", line 874, in log_artifact
    MlflowClient().log_artifact(run_id, local_path, artifact_path)
  File "/home/airflow/.local/lib/python3.11/site-packages/mlflow/tracking/client.py", line 1092, in log_artifact
    self._tracking_client.log_artifact(run_id, local_path, artifact_path)
  File "/home/airflow/.local/lib/python3.11/site-packages/mlflow/tracking/_tracking_service/client.py", line 454, in log_artifact
    artifact_repo.log_artifact(local_path, artifact_path)
  File "/home/airflow/.local/lib/python3.11/site-packages/mlflow/store/artifact/http_artifact_repo.py", line 28, in log_artifact
    resp = http_request(
           ^^^^^^^^^^^^^
  File "/home/airflow/.local/lib/python3.11/site-packages/mlflow/utils/rest_utils.py", line 112, in http_request
    raise MlflowException(f"API request to {url} failed with exception {e}")
mlflow.exceptions.MlflowException: API request to http://mlflow:5000/api/2.0/mlflow-artifacts/artifacts/3/d53218a0b09a47ffb674380de1456d40/artifacts/Transformation Pipeline.pkl failed with exception HTTPConnectionPool(host='mlflow', port=5000): Max retries exceeded with url: /api/2.0/mlflow-artifacts/artifacts/3/d53218a0b09a47ffb674380de1456d40/artifacts/Transformation%20Pipeline.pkl (Caused by ResponseError('too many 500 error responses'))
[2025-12-28T13:09:18.811+0000] {taskinstance.py:1206} INFO - Marking task as FAILED. dag_id=data_distribution_comparison, task_id=log_params, run_id=scheduled__2025-12-27T00:00:00+00:00, execution_date=20251227T000000, start_date=20251228T130639, end_date=20251228T130918
[2025-12-28T13:09:18.870+0000] {standard_task_runner.py:110} ERROR - Failed to execute job 4 for task log_params (API request to http://mlflow:5000/api/2.0/mlflow-artifacts/artifacts/3/d53218a0b09a47ffb674380de1456d40/artifacts/Transformation Pipeline.pkl failed with exception HTTPConnectionPool(host='mlflow', port=5000): Max retries exceeded with url: /api/2.0/mlflow-artifacts/artifacts/3/d53218a0b09a47ffb674380de1456d40/artifacts/Transformation%20Pipeline.pkl (Caused by ResponseError('too many 500 error responses')); 335)
[2025-12-28T13:09:19.089+0000] {local_task_job_runner.py:243} INFO - Task exited with return code 1
[2025-12-28T13:09:19.155+0000] {taskinstance.py:3503} INFO - 0 downstream tasks scheduled from follow-on schedule check
[2025-12-28T13:09:19.164+0000] {local_task_job_runner.py:222} INFO - ::endgroup::
[2025-12-28T15:20:27.125+0000] {local_task_job_runner.py:120} INFO - ::group::Pre task execution logs
[2025-12-28T15:20:27.359+0000] {taskinstance.py:2076} INFO - Dependencies all met for dep_context=non-requeueable deps ti=<TaskInstance: data_distribution_comparison.log_params scheduled__2025-12-27T00:00:00+00:00 [queued]>
[2025-12-28T15:20:27.402+0000] {taskinstance.py:2076} INFO - Dependencies all met for dep_context=requeueable deps ti=<TaskInstance: data_distribution_comparison.log_params scheduled__2025-12-27T00:00:00+00:00 [queued]>
[2025-12-28T15:20:27.403+0000] {taskinstance.py:2306} INFO - Starting attempt 1 of 1
[2025-12-28T15:20:27.445+0000] {taskinstance.py:2330} INFO - Executing <Task(_PythonDecoratedOperator): log_params> on 2025-12-27 00:00:00+00:00
[2025-12-28T15:20:27.532+0000] {standard_task_runner.py:64} INFO - Started process 283 to run task
[2025-12-28T15:20:27.601+0000] {standard_task_runner.py:90} INFO - Running: ['***', 'tasks', 'run', 'data_distribution_comparison', 'log_params', 'scheduled__2025-12-27T00:00:00+00:00', '--job-id', '3', '--raw', '--subdir', 'DAGS_FOLDER/dag_test/dag_test.py', '--cfg-path', '/tmp/tmpmfdowmji']
[2025-12-28T15:20:27.620+0000] {standard_task_runner.py:91} INFO - Job 3: Subtask log_params
[2025-12-28T15:20:28.095+0000] {task_command.py:426} INFO - Running <TaskInstance: data_distribution_comparison.log_params scheduled__2025-12-27T00:00:00+00:00 [running]> on host 298f1553f9dd
[2025-12-28T15:20:29.276+0000] {taskinstance.py:2648} INFO - Exporting env vars: AIRFLOW_CTX_DAG_OWNER='***' AIRFLOW_CTX_DAG_ID='data_distribution_comparison' AIRFLOW_CTX_TASK_ID='log_params' AIRFLOW_CTX_EXECUTION_DATE='2025-12-27T00:00:00+00:00' AIRFLOW_CTX_TRY_NUMBER='1' AIRFLOW_CTX_DAG_RUN_ID='scheduled__2025-12-27T00:00:00+00:00'
[2025-12-28T15:20:29.286+0000] {taskinstance.py:430} INFO - ::endgroup::
[2025-12-28T15:20:38.218+0000] {logging_mixin.py:188} WARNING - /home/***/.local/lib/python3.11/site-packages/pydantic/_internal/_fields.py:161 UserWarning: Field "model_server_url" has conflict with protected namespace "model_".

You may be able to resolve this warning by setting `model_config['protected_namespaces'] = ()`.
[2025-12-28T15:20:38.268+0000] {logging_mixin.py:188} WARNING - /home/***/.local/lib/python3.11/site-packages/pydantic/_internal/_config.py:341 UserWarning: Valid config keys have changed in V2:
* 'schema_extra' has been renamed to 'json_schema_extra'
[2025-12-28T15:20:46.597+0000] {font_manager.py:1547} INFO - generated new fontManager
[2025-12-28T15:21:03.662+0000] {logging_mixin.py:188} INFO - set env
[2025-12-28T15:21:03.663+0000] {logging_mixin.py:188} INFO - set uri
[2025-12-28T15:21:04.012+0000] {logging_mixin.py:188} WARNING - 2025/12/28 15:21:04 INFO mlflow.tracking.fluent: Experiment with name 'test' does not exist. Creating a new experiment.
[2025-12-28T15:21:04.230+0000] {logging_mixin.py:188} INFO - set exp
[2025-12-28T15:21:15.872+0000] {logging_mixin.py:188} INFO -                     Description             Value
0                    Session id                42
1                        Target             price
2                   Target type        Regression
3           Original data shape         (500, 10)
4        Transformed data shape         (500, 28)
5   Transformed train set shape         (350, 28)
6    Transformed test set shape         (150, 28)
7              Numeric features                 6
8          Categorical features                 3
9                    Preprocess              True
10              Imputation type            simple
11           Numeric imputation              mean
12       Categorical imputation              mode
13     Maximum one-hot encoding                25
14              Encoding method              None
15                    Normalize              True
16             Normalize method            zscore
17               Fold Generator             KFold
18                  Fold Number                 5
19                     CPU Jobs                -1
20                      Use GPU             False
21               Log Experiment      MlflowLogger
22              Experiment Name  price_prediction
23                          USI              0bd8
[2025-12-28T15:21:16.925+0000] {logging_mixin.py:188} WARNING - 2025/12/28 15:21:16 INFO mlflow.tracking.fluent: Experiment with name 'price_prediction' does not exist. Creating a new experiment.
[2025-12-28T15:21:17.573+0000] {logging_mixin.py:188} WARNING - 2025/12/28 15:21:17 WARNING mlflow.utils.git_utils: Failed to import Git (the Git executable is probably not on your PATH), so Git SHA is not available. Error: Failed to initialize: Bad git executable.
The git executable must be specified in one of the following ways:
    - be included in your $PATH
    - be set via $GIT_PYTHON_GIT_EXECUTABLE
    - explicitly set via git.refresh(<full-path-to-git-executable>)

All git commands will error until this is rectified.

This initial message can be silenced or aggravated in the future by setting the
$GIT_PYTHON_REFRESH environment variable. Use one of the following values:
    - quiet|q|silence|s|silent|none|n|0: for no message or exception
    - warn|w|warning|log|l|1: for a warning message (logging level CRITICAL, displayed by default)
    - error|e|exception|raise|r|2: for a raised exception

Example:
    export GIT_PYTHON_REFRESH=quiet
[2025-12-28T15:22:29.333+0000] {taskinstance.py:441} INFO - ::group::Post task execution logs
[2025-12-28T15:22:29.345+0000] {taskinstance.py:2905} ERROR - Task failed with exception
urllib3.exceptions.ResponseError: too many 500 error responses

The above exception was the direct cause of the following exception:

Traceback (most recent call last):
  File "/home/airflow/.local/lib/python3.11/site-packages/requests/adapters.py", line 486, in send
    resp = conn.urlopen(
           ^^^^^^^^^^^^^
  File "/home/airflow/.local/lib/python3.11/site-packages/urllib3/connectionpool.py", line 946, in urlopen
    return self.urlopen(
           ^^^^^^^^^^^^^
  File "/home/airflow/.local/lib/python3.11/site-packages/urllib3/connectionpool.py", line 946, in urlopen
    return self.urlopen(
           ^^^^^^^^^^^^^
  File "/home/airflow/.local/lib/python3.11/site-packages/urllib3/connectionpool.py", line 946, in urlopen
    return self.urlopen(
           ^^^^^^^^^^^^^
  [Previous line repeated 2 more times]
  File "/home/airflow/.local/lib/python3.11/site-packages/urllib3/connectionpool.py", line 936, in urlopen
    retries = retries.increment(method, url, response=response, _pool=self)
              ^^^^^^^^^^^^^^^^^^^^^^^^^^^^^^^^^^^^^^^^^^^^^^^^^^^^^^^^^^^^^
  File "/home/airflow/.local/lib/python3.11/site-packages/urllib3/util/retry.py", line 515, in increment
    raise MaxRetryError(_pool, url, reason) from reason  # type: ignore[arg-type]
    ^^^^^^^^^^^^^^^^^^^^^^^^^^^^^^^^^^^^^^^^^^^^^^^^^^^
urllib3.exceptions.MaxRetryError: HTTPConnectionPool(host='mlflow', port=5000): Max retries exceeded with url: /api/2.0/mlflow-artifacts/artifacts/2/8b33d63099a54371a6790f4e924ae48f/artifacts/Transformation%20Pipeline.pkl (Caused by ResponseError('too many 500 error responses'))

During handling of the above exception, another exception occurred:

Traceback (most recent call last):
  File "/home/airflow/.local/lib/python3.11/site-packages/mlflow/utils/rest_utils.py", line 92, in http_request
    return _get_http_response_with_retries(
           ^^^^^^^^^^^^^^^^^^^^^^^^^^^^^^^^
  File "/home/airflow/.local/lib/python3.11/site-packages/mlflow/utils/request_utils.py", line 135, in _get_http_response_with_retries
    return session.request(method, url, **kwargs)
           ^^^^^^^^^^^^^^^^^^^^^^^^^^^^^^^^^^^^^^
  File "/home/airflow/.local/lib/python3.11/site-packages/requests/sessions.py", line 589, in request
    resp = self.send(prep, **send_kwargs)
           ^^^^^^^^^^^^^^^^^^^^^^^^^^^^^^
  File "/home/airflow/.local/lib/python3.11/site-packages/requests/sessions.py", line 703, in send
    r = adapter.send(request, **kwargs)
        ^^^^^^^^^^^^^^^^^^^^^^^^^^^^^^^
  File "/home/airflow/.local/lib/python3.11/site-packages/requests/adapters.py", line 510, in send
    raise RetryError(e, request=request)
requests.exceptions.RetryError: HTTPConnectionPool(host='mlflow', port=5000): Max retries exceeded with url: /api/2.0/mlflow-artifacts/artifacts/2/8b33d63099a54371a6790f4e924ae48f/artifacts/Transformation%20Pipeline.pkl (Caused by ResponseError('too many 500 error responses'))

During handling of the above exception, another exception occurred:

Traceback (most recent call last):
  File "/home/airflow/.local/lib/python3.11/site-packages/airflow/models/taskinstance.py", line 465, in _execute_task
    result = _execute_callable(context=context, **execute_callable_kwargs)
             ^^^^^^^^^^^^^^^^^^^^^^^^^^^^^^^^^^^^^^^^^^^^^^^^^^^^^^^^^^^^^
  File "/home/airflow/.local/lib/python3.11/site-packages/airflow/models/taskinstance.py", line 432, in _execute_callable
    return execute_callable(context=context, **execute_callable_kwargs)
           ^^^^^^^^^^^^^^^^^^^^^^^^^^^^^^^^^^^^^^^^^^^^^^^^^^^^^^^^^^^^
  File "/home/airflow/.local/lib/python3.11/site-packages/airflow/models/baseoperator.py", line 401, in wrapper
    return func(self, *args, **kwargs)
           ^^^^^^^^^^^^^^^^^^^^^^^^^^^
  File "/home/airflow/.local/lib/python3.11/site-packages/airflow/decorators/base.py", line 265, in execute
    return_value = super().execute(context)
                   ^^^^^^^^^^^^^^^^^^^^^^^^
  File "/home/airflow/.local/lib/python3.11/site-packages/airflow/models/baseoperator.py", line 401, in wrapper
    return func(self, *args, **kwargs)
           ^^^^^^^^^^^^^^^^^^^^^^^^^^^
  File "/home/airflow/.local/lib/python3.11/site-packages/airflow/operators/python.py", line 235, in execute
    return_value = self.execute_callable()
                   ^^^^^^^^^^^^^^^^^^^^^^^
  File "/home/airflow/.local/lib/python3.11/site-packages/airflow/operators/python.py", line 252, in execute_callable
    return self.python_callable(*self.op_args, **self.op_kwargs)
           ^^^^^^^^^^^^^^^^^^^^^^^^^^^^^^^^^^^^^^^^^^^^^^^^^^^^^
  File "/opt/airflow/dags/dag_test/dag_test.py", line 108, in log_params
    reg = setup(
          ^^^^^^
  File "/home/airflow/.local/lib/python3.11/site-packages/pycaret/regression/functional.py", line 593, in setup
    return exp.setup(
           ^^^^^^^^^^
  File "/home/airflow/.local/lib/python3.11/site-packages/pycaret/regression/oop.py", line 970, in setup
    self._set_up_logging(
  File "/home/airflow/.local/lib/python3.11/site-packages/pycaret/internal/pycaret_experiment/supervised_experiment.py", line 268, in _set_up_logging
    self.logging_param.log_experiment(
  File "/home/airflow/.local/lib/python3.11/site-packages/pycaret/loggers/dashboard_logger.py", line 229, in log_experiment
    [
  File "/home/airflow/.local/lib/python3.11/site-packages/pycaret/loggers/dashboard_logger.py", line 230, in <listcomp>
    logger.log_artifact(
  File "/home/airflow/.local/lib/python3.11/site-packages/pycaret/loggers/mlflow_logger.py", line 125, in log_artifact
    mlflow.log_artifact(file)
  File "/home/airflow/.local/lib/python3.11/site-packages/mlflow/tracking/fluent.py", line 874, in log_artifact
    MlflowClient().log_artifact(run_id, local_path, artifact_path)
  File "/home/airflow/.local/lib/python3.11/site-packages/mlflow/tracking/client.py", line 1092, in log_artifact
    self._tracking_client.log_artifact(run_id, local_path, artifact_path)
  File "/home/airflow/.local/lib/python3.11/site-packages/mlflow/tracking/_tracking_service/client.py", line 454, in log_artifact
    artifact_repo.log_artifact(local_path, artifact_path)
  File "/home/airflow/.local/lib/python3.11/site-packages/mlflow/store/artifact/http_artifact_repo.py", line 28, in log_artifact
    resp = http_request(
           ^^^^^^^^^^^^^
  File "/home/airflow/.local/lib/python3.11/site-packages/mlflow/utils/rest_utils.py", line 112, in http_request
    raise MlflowException(f"API request to {url} failed with exception {e}")
mlflow.exceptions.MlflowException: API request to http://mlflow:5000/api/2.0/mlflow-artifacts/artifacts/2/8b33d63099a54371a6790f4e924ae48f/artifacts/Transformation Pipeline.pkl failed with exception HTTPConnectionPool(host='mlflow', port=5000): Max retries exceeded with url: /api/2.0/mlflow-artifacts/artifacts/2/8b33d63099a54371a6790f4e924ae48f/artifacts/Transformation%20Pipeline.pkl (Caused by ResponseError('too many 500 error responses'))
[2025-12-28T15:22:29.706+0000] {taskinstance.py:1206} INFO - Marking task as FAILED. dag_id=data_distribution_comparison, task_id=log_params, run_id=scheduled__2025-12-27T00:00:00+00:00, execution_date=20251227T000000, start_date=20251228T152027, end_date=20251228T152229
[2025-12-28T15:22:29.835+0000] {standard_task_runner.py:110} ERROR - Failed to execute job 3 for task log_params (API request to http://mlflow:5000/api/2.0/mlflow-artifacts/artifacts/2/8b33d63099a54371a6790f4e924ae48f/artifacts/Transformation Pipeline.pkl failed with exception HTTPConnectionPool(host='mlflow', port=5000): Max retries exceeded with url: /api/2.0/mlflow-artifacts/artifacts/2/8b33d63099a54371a6790f4e924ae48f/artifacts/Transformation%20Pipeline.pkl (Caused by ResponseError('too many 500 error responses')); 283)
[2025-12-28T15:22:30.101+0000] {local_task_job_runner.py:243} INFO - Task exited with return code 1
[2025-12-28T15:22:30.201+0000] {taskinstance.py:3503} INFO - 0 downstream tasks scheduled from follow-on schedule check
[2025-12-28T15:22:30.234+0000] {local_task_job_runner.py:222} INFO - ::endgroup::
