[2025-12-28T12:27:23.539+0000] {local_task_job_runner.py:120} INFO - ::group::Pre task execution logs
[2025-12-28T12:27:23.931+0000] {taskinstance.py:2076} INFO - Dependencies all met for dep_context=non-requeueable deps ti=<TaskInstance: data_distribution_comparison.log_params manual__2025-12-28T12:27:18.528439+00:00 [queued]>
[2025-12-28T12:27:23.985+0000] {taskinstance.py:2076} INFO - Dependencies all met for dep_context=requeueable deps ti=<TaskInstance: data_distribution_comparison.log_params manual__2025-12-28T12:27:18.528439+00:00 [queued]>
[2025-12-28T12:27:23.989+0000] {taskinstance.py:2306} INFO - Starting attempt 1 of 1
[2025-12-28T12:27:24.080+0000] {taskinstance.py:2330} INFO - Executing <Task(_PythonDecoratedOperator): log_params> on 2025-12-28 12:27:18.528439+00:00
[2025-12-28T12:27:24.278+0000] {standard_task_runner.py:64} INFO - Started process 2736 to run task
[2025-12-28T12:27:24.346+0000] {standard_task_runner.py:90} INFO - Running: ['***', 'tasks', 'run', 'data_distribution_comparison', 'log_params', 'manual__2025-12-28T12:27:18.528439+00:00', '--job-id', '30', '--raw', '--subdir', 'DAGS_FOLDER/dag_test/dag_test.py', '--cfg-path', '/tmp/tmp7qkynqct']
[2025-12-28T12:27:24.394+0000] {standard_task_runner.py:91} INFO - Job 30: Subtask log_params
[2025-12-28T12:27:25.072+0000] {task_command.py:426} INFO - Running <TaskInstance: data_distribution_comparison.log_params manual__2025-12-28T12:27:18.528439+00:00 [running]> on host 46629e0044cf
[2025-12-28T12:27:26.486+0000] {taskinstance.py:2648} INFO - Exporting env vars: AIRFLOW_CTX_DAG_OWNER='***' AIRFLOW_CTX_DAG_ID='data_distribution_comparison' AIRFLOW_CTX_TASK_ID='log_params' AIRFLOW_CTX_EXECUTION_DATE='2025-12-28T12:27:18.528439+00:00' AIRFLOW_CTX_TRY_NUMBER='1' AIRFLOW_CTX_DAG_RUN_ID='manual__2025-12-28T12:27:18.528439+00:00'
[2025-12-28T12:27:26.511+0000] {taskinstance.py:430} INFO - ::endgroup::
[2025-12-28T12:27:27.995+0000] {logging_mixin.py:188} WARNING - /home/***/.local/lib/python3.11/site-packages/pydantic/_internal/_fields.py:161 UserWarning: Field "model_name" has conflict with protected namespace "model_".

You may be able to resolve this warning by setting `model_config['protected_namespaces'] = ()`.
[2025-12-28T12:28:16.536+0000] {logging_mixin.py:188} INFO - set env
[2025-12-28T12:28:16.541+0000] {logging_mixin.py:188} INFO - set uri
[2025-12-28T12:28:17.000+0000] {logging_mixin.py:188} INFO - set exp
[2025-12-28T12:28:32.229+0000] {logging_mixin.py:188} INFO -                     Description             Value
0                    Session id                42
1                        Target             price
2                   Target type        Regression
3           Original data shape         (500, 10)
4        Transformed data shape         (500, 28)
5   Transformed train set shape         (350, 28)
6    Transformed test set shape         (150, 28)
7              Numeric features                 6
8          Categorical features                 3
9                    Preprocess              True
10              Imputation type            simple
11           Numeric imputation              mean
12       Categorical imputation              mode
13     Maximum one-hot encoding                25
14              Encoding method              None
15                    Normalize              True
16             Normalize method            zscore
17               Fold Generator             KFold
18                  Fold Number                 5
19                     CPU Jobs                -1
20                      Use GPU             False
21               Log Experiment      MlflowLogger
22              Experiment Name  price_prediction
23                          USI              0995
[2025-12-28T12:28:34.144+0000] {logging_mixin.py:188} WARNING - 2025/12/28 12:28:34 INFO mlflow.tracking.fluent: Experiment with name 'price_prediction' does not exist. Creating a new experiment.
[2025-12-28T12:28:34.579+0000] {taskinstance.py:441} INFO - ::group::Post task execution logs
[2025-12-28T12:28:34.579+0000] {taskinstance.py:2905} ERROR - Task failed with exception
Traceback (most recent call last):
  File "/home/airflow/.local/lib/python3.11/site-packages/airflow/models/taskinstance.py", line 465, in _execute_task
    result = _execute_callable(context=context, **execute_callable_kwargs)
             ^^^^^^^^^^^^^^^^^^^^^^^^^^^^^^^^^^^^^^^^^^^^^^^^^^^^^^^^^^^^^
  File "/home/airflow/.local/lib/python3.11/site-packages/airflow/models/taskinstance.py", line 432, in _execute_callable
    return execute_callable(context=context, **execute_callable_kwargs)
           ^^^^^^^^^^^^^^^^^^^^^^^^^^^^^^^^^^^^^^^^^^^^^^^^^^^^^^^^^^^^
  File "/home/airflow/.local/lib/python3.11/site-packages/airflow/models/baseoperator.py", line 401, in wrapper
    return func(self, *args, **kwargs)
           ^^^^^^^^^^^^^^^^^^^^^^^^^^^
  File "/home/airflow/.local/lib/python3.11/site-packages/airflow/decorators/base.py", line 265, in execute
    return_value = super().execute(context)
                   ^^^^^^^^^^^^^^^^^^^^^^^^
  File "/home/airflow/.local/lib/python3.11/site-packages/airflow/models/baseoperator.py", line 401, in wrapper
    return func(self, *args, **kwargs)
           ^^^^^^^^^^^^^^^^^^^^^^^^^^^
  File "/home/airflow/.local/lib/python3.11/site-packages/airflow/operators/python.py", line 235, in execute
    return_value = self.execute_callable()
                   ^^^^^^^^^^^^^^^^^^^^^^^
  File "/home/airflow/.local/lib/python3.11/site-packages/airflow/operators/python.py", line 252, in execute_callable
    return self.python_callable(*self.op_args, **self.op_kwargs)
           ^^^^^^^^^^^^^^^^^^^^^^^^^^^^^^^^^^^^^^^^^^^^^^^^^^^^^
  File "/opt/airflow/dags/dag_test/dag_test.py", line 108, in log_params
    reg = setup(
          ^^^^^^
  File "/home/airflow/.local/lib/python3.11/site-packages/pycaret/regression/functional.py", line 593, in setup
    return exp.setup(
           ^^^^^^^^^^
  File "/home/airflow/.local/lib/python3.11/site-packages/pycaret/regression/oop.py", line 970, in setup
    self._set_up_logging(
  File "/home/airflow/.local/lib/python3.11/site-packages/pycaret/internal/pycaret_experiment/supervised_experiment.py", line 268, in _set_up_logging
    self.logging_param.log_experiment(
  File "/home/airflow/.local/lib/python3.11/site-packages/pycaret/loggers/dashboard_logger.py", line 208, in log_experiment
    logger.init_experiment(
  File "/home/airflow/.local/lib/python3.11/site-packages/pycaret/loggers/mlflow_logger.py", line 57, in init_experiment
    with clean_active_mlflow_run():
  File "/usr/local/lib/python3.11/contextlib.py", line 137, in __enter__
    return next(self.gen)
           ^^^^^^^^^^^^^^
  File "/home/airflow/.local/lib/python3.11/site-packages/pycaret/loggers/mlflow_logger.py", line 33, in clean_active_mlflow_run
    old_run_stack = _active_run_stack.copy()
                    ^^^^^^^^^^^^^^^^^^^^^^
AttributeError: 'ThreadLocalVariable' object has no attribute 'copy'
[2025-12-28T12:28:34.998+0000] {taskinstance.py:1206} INFO - Marking task as FAILED. dag_id=data_distribution_comparison, task_id=log_params, run_id=manual__2025-12-28T12:27:18.528439+00:00, execution_date=20251228T122718, start_date=20251228T122723, end_date=20251228T122834
[2025-12-28T12:28:35.241+0000] {standard_task_runner.py:110} ERROR - Failed to execute job 30 for task log_params ('ThreadLocalVariable' object has no attribute 'copy'; 2736)
[2025-12-28T12:28:35.462+0000] {local_task_job_runner.py:243} INFO - Task exited with return code 1
[2025-12-28T12:28:35.587+0000] {taskinstance.py:3503} INFO - 0 downstream tasks scheduled from follow-on schedule check
[2025-12-28T12:28:35.619+0000] {local_task_job_runner.py:222} INFO - ::endgroup::
