[2025-12-30T13:07:59.912+0000] {local_task_job_runner.py:120} INFO - ::group::Pre task execution logs
[2025-12-30T13:08:00.375+0000] {taskinstance.py:2076} INFO - Dependencies all met for dep_context=non-requeueable deps ti=<TaskInstance: main_pipeline.compare_distributions manual__2025-12-30T13:07:26.418059+00:00 [queued]>
[2025-12-30T13:08:00.598+0000] {taskinstance.py:2076} INFO - Dependencies all met for dep_context=requeueable deps ti=<TaskInstance: main_pipeline.compare_distributions manual__2025-12-30T13:07:26.418059+00:00 [queued]>
[2025-12-30T13:08:00.644+0000] {taskinstance.py:2306} INFO - Starting attempt 1 of 1
[2025-12-30T13:08:00.844+0000] {taskinstance.py:2330} INFO - Executing <Task(_PythonDecoratedOperator): compare_distributions> on 2025-12-30 13:07:26.418059+00:00
[2025-12-30T13:08:00.938+0000] {standard_task_runner.py:64} INFO - Started process 7187 to run task
[2025-12-30T13:08:00.968+0000] {standard_task_runner.py:90} INFO - Running: ['***', 'tasks', 'run', 'main_pipeline', 'compare_distributions', 'manual__2025-12-30T13:07:26.418059+00:00', '--job-id', '95', '--raw', '--subdir', 'DAGS_FOLDER/pipeline/main.py', '--cfg-path', '/tmp/tmpi2euqih0']
[2025-12-30T13:08:00.982+0000] {standard_task_runner.py:91} INFO - Job 95: Subtask compare_distributions
[2025-12-30T13:08:01.619+0000] {task_command.py:426} INFO - Running <TaskInstance: main_pipeline.compare_distributions manual__2025-12-30T13:07:26.418059+00:00 [running]> on host f5d1d4eaa079
[2025-12-30T13:08:02.974+0000] {taskinstance.py:2648} INFO - Exporting env vars: AIRFLOW_CTX_DAG_OWNER='***' AIRFLOW_CTX_DAG_ID='main_pipeline' AIRFLOW_CTX_TASK_ID='compare_distributions' AIRFLOW_CTX_EXECUTION_DATE='2025-12-30T13:07:26.418059+00:00' AIRFLOW_CTX_TRY_NUMBER='1' AIRFLOW_CTX_DAG_RUN_ID='manual__2025-12-30T13:07:26.418059+00:00'
[2025-12-30T13:08:02.980+0000] {taskinstance.py:430} INFO - ::endgroup::
[2025-12-30T13:08:02.987+0000] {taskinstance.py:441} INFO - ::group::Post task execution logs
[2025-12-30T13:08:02.988+0000] {taskinstance.py:2905} ERROR - Task failed with exception
Traceback (most recent call last):
  File "/home/airflow/.local/lib/python3.11/site-packages/airflow/models/taskinstance.py", line 465, in _execute_task
    result = _execute_callable(context=context, **execute_callable_kwargs)
             ^^^^^^^^^^^^^^^^^^^^^^^^^^^^^^^^^^^^^^^^^^^^^^^^^^^^^^^^^^^^^
  File "/home/airflow/.local/lib/python3.11/site-packages/airflow/models/taskinstance.py", line 432, in _execute_callable
    return execute_callable(context=context, **execute_callable_kwargs)
           ^^^^^^^^^^^^^^^^^^^^^^^^^^^^^^^^^^^^^^^^^^^^^^^^^^^^^^^^^^^^
  File "/home/airflow/.local/lib/python3.11/site-packages/airflow/models/baseoperator.py", line 401, in wrapper
    return func(self, *args, **kwargs)
           ^^^^^^^^^^^^^^^^^^^^^^^^^^^
  File "/home/airflow/.local/lib/python3.11/site-packages/airflow/decorators/base.py", line 265, in execute
    return_value = super().execute(context)
                   ^^^^^^^^^^^^^^^^^^^^^^^^
  File "/home/airflow/.local/lib/python3.11/site-packages/airflow/models/baseoperator.py", line 401, in wrapper
    return func(self, *args, **kwargs)
           ^^^^^^^^^^^^^^^^^^^^^^^^^^^
  File "/home/airflow/.local/lib/python3.11/site-packages/airflow/operators/python.py", line 235, in execute
    return_value = self.execute_callable()
                   ^^^^^^^^^^^^^^^^^^^^^^^
  File "/home/airflow/.local/lib/python3.11/site-packages/airflow/operators/python.py", line 252, in execute_callable
    return self.python_callable(*self.op_args, **self.op_kwargs)
           ^^^^^^^^^^^^^^^^^^^^^^^^^^^^^^^^^^^^^^^^^^^^^^^^^^^^^
  File "/opt/airflow/dags/pipeline/main.py", line 114, in compare_distributions
    old_df = pd.DataFrame(BASELINE_PATH)
             ^^^^^^^^^^^^^^^^^^^^^^^^^^^
  File "/home/airflow/.local/lib/python3.11/site-packages/pandas/core/frame.py", line 781, in __init__
    raise ValueError("DataFrame constructor not properly called!")
ValueError: DataFrame constructor not properly called!
[2025-12-30T13:08:03.223+0000] {taskinstance.py:1206} INFO - Marking task as FAILED. dag_id=main_pipeline, task_id=compare_distributions, run_id=manual__2025-12-30T13:07:26.418059+00:00, execution_date=20251230T130726, start_date=20251230T130800, end_date=20251230T130803
[2025-12-30T13:08:03.336+0000] {standard_task_runner.py:110} ERROR - Failed to execute job 95 for task compare_distributions (DataFrame constructor not properly called!; 7187)
[2025-12-30T13:08:03.473+0000] {local_task_job_runner.py:243} INFO - Task exited with return code 1
[2025-12-30T13:08:03.570+0000] {local_task_job_runner.py:222} INFO - ::endgroup::
