[2026-01-03T12:25:31.197+0000] {local_task_job_runner.py:120} INFO - ::group::Pre task execution logs
[2026-01-03T12:25:31.459+0000] {taskinstance.py:2076} INFO - Dependencies all met for dep_context=non-requeueable deps ti=<TaskInstance: main_pipeline.compare_distributions manual__2026-01-03T12:24:42.171375+00:00 [queued]>
[2026-01-03T12:25:31.573+0000] {taskinstance.py:2076} INFO - Dependencies all met for dep_context=requeueable deps ti=<TaskInstance: main_pipeline.compare_distributions manual__2026-01-03T12:24:42.171375+00:00 [queued]>
[2026-01-03T12:25:31.575+0000] {taskinstance.py:2306} INFO - Starting attempt 1 of 1
[2026-01-03T12:25:31.656+0000] {taskinstance.py:2330} INFO - Executing <Task(_PythonDecoratedOperator): compare_distributions> on 2026-01-03 12:24:42.171375+00:00
[2026-01-03T12:25:31.744+0000] {standard_task_runner.py:64} INFO - Started process 960 to run task
[2026-01-03T12:25:31.755+0000] {standard_task_runner.py:90} INFO - Running: ['***', 'tasks', 'run', 'main_pipeline', 'compare_distributions', 'manual__2026-01-03T12:24:42.171375+00:00', '--job-id', '218', '--raw', '--subdir', 'DAGS_FOLDER/pipeline/main.py', '--cfg-path', '/tmp/tmp9u38agwl']
[2026-01-03T12:25:31.762+0000] {standard_task_runner.py:91} INFO - Job 218: Subtask compare_distributions
[2026-01-03T12:25:32.113+0000] {task_command.py:426} INFO - Running <TaskInstance: main_pipeline.compare_distributions manual__2026-01-03T12:24:42.171375+00:00 [running]> on host 0827c9bf42bd
[2026-01-03T12:25:32.756+0000] {taskinstance.py:2648} INFO - Exporting env vars: AIRFLOW_CTX_DAG_OWNER='***' AIRFLOW_CTX_DAG_ID='main_pipeline' AIRFLOW_CTX_TASK_ID='compare_distributions' AIRFLOW_CTX_EXECUTION_DATE='2026-01-03T12:24:42.171375+00:00' AIRFLOW_CTX_TRY_NUMBER='1' AIRFLOW_CTX_DAG_RUN_ID='manual__2026-01-03T12:24:42.171375+00:00'
[2026-01-03T12:25:32.763+0000] {taskinstance.py:430} INFO - ::endgroup::
[2026-01-03T12:25:35.196+0000] {credentials.py:1147} INFO - Found credentials in environment variables.
[2026-01-03T12:25:35.892+0000] {logging_mixin.py:188} INFO - Feature Importance.png file
[2026-01-03T12:25:35.893+0000] {logging_mixin.py:188} INFO - Holdout.html file
[2026-01-03T12:25:35.896+0000] {logging_mixin.py:188} INFO - Prediction Error.png file
[2026-01-03T12:25:35.898+0000] {logging_mixin.py:188} INFO - Residuals.png file
[2026-01-03T12:25:35.899+0000] {logging_mixin.py:188} INFO - Results.html file
[2026-01-03T12:25:35.899+0000] {logging_mixin.py:188} INFO - model dir
[2026-01-03T12:25:35.952+0000] {logging_mixin.py:188} INFO - {"status":"updated","traffic":{"a":0.5,"b":0.5,"data_size":5000,"drift_cols":["price","color"]}}
[2026-01-03T12:25:35.961+0000] {taskinstance.py:441} INFO - ::group::Post task execution logs
[2026-01-03T12:25:35.963+0000] {taskinstance.py:2905} ERROR - Task failed with exception
Traceback (most recent call last):
  File "/home/airflow/.local/lib/python3.11/site-packages/airflow/models/taskinstance.py", line 465, in _execute_task
    result = _execute_callable(context=context, **execute_callable_kwargs)
             ^^^^^^^^^^^^^^^^^^^^^^^^^^^^^^^^^^^^^^^^^^^^^^^^^^^^^^^^^^^^^
  File "/home/airflow/.local/lib/python3.11/site-packages/airflow/models/taskinstance.py", line 432, in _execute_callable
    return execute_callable(context=context, **execute_callable_kwargs)
           ^^^^^^^^^^^^^^^^^^^^^^^^^^^^^^^^^^^^^^^^^^^^^^^^^^^^^^^^^^^^
  File "/home/airflow/.local/lib/python3.11/site-packages/airflow/models/baseoperator.py", line 401, in wrapper
    return func(self, *args, **kwargs)
           ^^^^^^^^^^^^^^^^^^^^^^^^^^^
  File "/home/airflow/.local/lib/python3.11/site-packages/airflow/decorators/base.py", line 265, in execute
    return_value = super().execute(context)
                   ^^^^^^^^^^^^^^^^^^^^^^^^
  File "/home/airflow/.local/lib/python3.11/site-packages/airflow/models/baseoperator.py", line 401, in wrapper
    return func(self, *args, **kwargs)
           ^^^^^^^^^^^^^^^^^^^^^^^^^^^
  File "/home/airflow/.local/lib/python3.11/site-packages/airflow/operators/python.py", line 235, in execute
    return_value = self.execute_callable()
                   ^^^^^^^^^^^^^^^^^^^^^^^
  File "/home/airflow/.local/lib/python3.11/site-packages/airflow/operators/python.py", line 252, in execute_callable
    return self.python_callable(*self.op_args, **self.op_kwargs)
           ^^^^^^^^^^^^^^^^^^^^^^^^^^^^^^^^^^^^^^^^^^^^^^^^^^^^^
  File "/opt/airflow/dags/pipeline/main.py", line 186, in compare_distributions
    ref_df = pd.read_csv(ref_data_path, index_col=0)
             ^^^^^^^^^^^^^^^^^^^^^^^^^^^^^^^^^^^^^^^
  File "/home/airflow/.local/lib/python3.11/site-packages/pandas/util/_decorators.py", line 211, in wrapper
    return func(*args, **kwargs)
           ^^^^^^^^^^^^^^^^^^^^^
  File "/home/airflow/.local/lib/python3.11/site-packages/pandas/util/_decorators.py", line 331, in wrapper
    return func(*args, **kwargs)
           ^^^^^^^^^^^^^^^^^^^^^
  File "/home/airflow/.local/lib/python3.11/site-packages/pandas/io/parsers/readers.py", line 950, in read_csv
    return _read(filepath_or_buffer, kwds)
           ^^^^^^^^^^^^^^^^^^^^^^^^^^^^^^^
  File "/home/airflow/.local/lib/python3.11/site-packages/pandas/io/parsers/readers.py", line 605, in _read
    parser = TextFileReader(filepath_or_buffer, **kwds)
             ^^^^^^^^^^^^^^^^^^^^^^^^^^^^^^^^^^^^^^^^^^
  File "/home/airflow/.local/lib/python3.11/site-packages/pandas/io/parsers/readers.py", line 1442, in __init__
    self._engine = self._make_engine(f, self.engine)
                   ^^^^^^^^^^^^^^^^^^^^^^^^^^^^^^^^^
  File "/home/airflow/.local/lib/python3.11/site-packages/pandas/io/parsers/readers.py", line 1735, in _make_engine
    self.handles = get_handle(
                   ^^^^^^^^^^^
  File "/home/airflow/.local/lib/python3.11/site-packages/pandas/io/common.py", line 856, in get_handle
    handle = open(
             ^^^^^
FileNotFoundError: [Errno 2] No such file or directory: './temp_dir/Train.csv'
[2026-01-03T12:25:36.046+0000] {taskinstance.py:1206} INFO - Marking task as FAILED. dag_id=main_pipeline, task_id=compare_distributions, run_id=manual__2026-01-03T12:24:42.171375+00:00, execution_date=20260103T122442, start_date=20260103T122531, end_date=20260103T122536
[2026-01-03T12:25:36.161+0000] {standard_task_runner.py:110} ERROR - Failed to execute job 218 for task compare_distributions ([Errno 2] No such file or directory: './temp_dir/Train.csv'; 960)
[2026-01-03T12:25:36.317+0000] {local_task_job_runner.py:243} INFO - Task exited with return code 1
[2026-01-03T12:25:36.608+0000] {taskinstance.py:3503} INFO - 0 downstream tasks scheduled from follow-on schedule check
[2026-01-03T12:25:36.643+0000] {local_task_job_runner.py:222} INFO - ::endgroup::
