[2026-01-02T14:50:50.895+0000] {local_task_job_runner.py:120} INFO - ::group::Pre task execution logs
[2026-01-02T14:50:51.156+0000] {taskinstance.py:2076} INFO - Dependencies all met for dep_context=non-requeueable deps ti=<TaskInstance: main_pipeline.compare_distributions manual__2026-01-02T14:50:09.082349+00:00 [queued]>
[2026-01-02T14:50:51.238+0000] {taskinstance.py:2076} INFO - Dependencies all met for dep_context=requeueable deps ti=<TaskInstance: main_pipeline.compare_distributions manual__2026-01-02T14:50:09.082349+00:00 [queued]>
[2026-01-02T14:50:51.240+0000] {taskinstance.py:2306} INFO - Starting attempt 1 of 1
[2026-01-02T14:50:51.356+0000] {taskinstance.py:2330} INFO - Executing <Task(_PythonDecoratedOperator): compare_distributions> on 2026-01-02 14:50:09.082349+00:00
[2026-01-02T14:50:51.474+0000] {standard_task_runner.py:64} INFO - Started process 321 to run task
[2026-01-02T14:50:51.488+0000] {standard_task_runner.py:90} INFO - Running: ['***', 'tasks', 'run', 'main_pipeline', 'compare_distributions', 'manual__2026-01-02T14:50:09.082349+00:00', '--job-id', '112', '--raw', '--subdir', 'DAGS_FOLDER/pipeline/main.py', '--cfg-path', '/tmp/tmp03mfq6si']
[2026-01-02T14:50:51.503+0000] {standard_task_runner.py:91} INFO - Job 112: Subtask compare_distributions
[2026-01-02T14:50:51.973+0000] {task_command.py:426} INFO - Running <TaskInstance: main_pipeline.compare_distributions manual__2026-01-02T14:50:09.082349+00:00 [running]> on host 1ffb7dbd079c
[2026-01-02T14:50:52.755+0000] {taskinstance.py:2648} INFO - Exporting env vars: AIRFLOW_CTX_DAG_OWNER='***' AIRFLOW_CTX_DAG_ID='main_pipeline' AIRFLOW_CTX_TASK_ID='compare_distributions' AIRFLOW_CTX_EXECUTION_DATE='2026-01-02T14:50:09.082349+00:00' AIRFLOW_CTX_TRY_NUMBER='1' AIRFLOW_CTX_DAG_RUN_ID='manual__2026-01-02T14:50:09.082349+00:00'
[2026-01-02T14:50:52.758+0000] {taskinstance.py:430} INFO - ::endgroup::
[2026-01-02T14:50:52.760+0000] {taskinstance.py:441} INFO - ::group::Post task execution logs
[2026-01-02T14:50:52.760+0000] {taskinstance.py:2905} ERROR - Task failed with exception
Traceback (most recent call last):
  File "/home/airflow/.local/lib/python3.11/site-packages/airflow/models/taskinstance.py", line 465, in _execute_task
    result = _execute_callable(context=context, **execute_callable_kwargs)
             ^^^^^^^^^^^^^^^^^^^^^^^^^^^^^^^^^^^^^^^^^^^^^^^^^^^^^^^^^^^^^
  File "/home/airflow/.local/lib/python3.11/site-packages/airflow/models/taskinstance.py", line 432, in _execute_callable
    return execute_callable(context=context, **execute_callable_kwargs)
           ^^^^^^^^^^^^^^^^^^^^^^^^^^^^^^^^^^^^^^^^^^^^^^^^^^^^^^^^^^^^
  File "/home/airflow/.local/lib/python3.11/site-packages/airflow/models/baseoperator.py", line 401, in wrapper
    return func(self, *args, **kwargs)
           ^^^^^^^^^^^^^^^^^^^^^^^^^^^
  File "/home/airflow/.local/lib/python3.11/site-packages/airflow/decorators/base.py", line 265, in execute
    return_value = super().execute(context)
                   ^^^^^^^^^^^^^^^^^^^^^^^^
  File "/home/airflow/.local/lib/python3.11/site-packages/airflow/models/baseoperator.py", line 401, in wrapper
    return func(self, *args, **kwargs)
           ^^^^^^^^^^^^^^^^^^^^^^^^^^^
  File "/home/airflow/.local/lib/python3.11/site-packages/airflow/operators/python.py", line 235, in execute
    return_value = self.execute_callable()
                   ^^^^^^^^^^^^^^^^^^^^^^^
  File "/home/airflow/.local/lib/python3.11/site-packages/airflow/operators/python.py", line 252, in execute_callable
    return self.python_callable(*self.op_args, **self.op_kwargs)
           ^^^^^^^^^^^^^^^^^^^^^^^^^^^^^^^^^^^^^^^^^^^^^^^^^^^^^
  File "/opt/airflow/dags/pipeline/main.py", line 170, in compare_distributions
    update_traffic(a_traffic=TRAFFIC_A, data_size=SAMPLE_SIZE, drift_cols=[DRIFT_COLS])
  File "/opt/airflow/dags/pipeline/get_data.py", line 40, in update_traffic
    b_traffic = 1 - a_traffic
                ~~^~~~~~~~~~~
TypeError: unsupported operand type(s) for -: 'int' and 'str'
[2026-01-02T14:50:52.868+0000] {taskinstance.py:1206} INFO - Marking task as FAILED. dag_id=main_pipeline, task_id=compare_distributions, run_id=manual__2026-01-02T14:50:09.082349+00:00, execution_date=20260102T145009, start_date=20260102T145051, end_date=20260102T145052
[2026-01-02T14:50:52.972+0000] {standard_task_runner.py:110} ERROR - Failed to execute job 112 for task compare_distributions (unsupported operand type(s) for -: 'int' and 'str'; 321)
[2026-01-02T14:50:53.120+0000] {local_task_job_runner.py:243} INFO - Task exited with return code 1
[2026-01-02T14:50:53.208+0000] {local_task_job_runner.py:222} INFO - ::endgroup::
